INFO-FLOW: Workspace C:/Users/CSDL_GUEST.DESKTOP-HHKUDFN/Desktop/06_LIG/23-02/HLS/2_GEMM/2_gemm_zcu104/solution1 opened at Thu Nov 30 15:54:07 +0900 2023
Execute     ap_set_clock -name default -period 10 -default=false 
INFO: [SYN 201-201] Setting up clock 'default' with a period of 10ns.
Execute     set_part xczu7ev-ffvc1156-2-e 
Execute       create_platform xczu7ev-ffvc1156-2-e -board  
DBG:HLSDevice: Trying to load device library: C:/Xilinx/Vitis_HLS/2022.2\lib\win64.o\xv_hlsvwrap.dll
DBG:HLSDevice: first parts/arch.xml in RDI_DATADIR: C:/Xilinx/Vivado/2022.2/data/parts/arch.xml
DBG:HLSDevice: init success
INFO: [HLS 200-1611] Setting target device to 'xczu7ev-ffvc1156-2-e'
Command       create_platform done; 1.385 sec.
Execute       source C:/Xilinx/Vitis_HLS/2022.2/common/technology/xilinx/common/xilinx.gen 
Execute         source C:/Xilinx/Vitis_HLS/2022.2/common/technology/xilinx/interface/plb46.gen 
Execute         source C:/Xilinx/Vitis_HLS/2022.2/common/technology/xilinx/interface/axi4.gen 
Execute         source C:/Xilinx/Vitis_HLS/2022.2/common/technology/xilinx/interface/nativeAXI4.gen 
Execute           source C:/Xilinx/Vitis_HLS/2022.2/common/technology/xilinx/interface/saxilite.gen 
Execute         source C:/Xilinx/Vitis_HLS/2022.2/common/technology/xilinx/scripts/xilinxcoregen.gen 
Execute         source C:/Xilinx/Vitis_HLS/2022.2/common/technology/xilinx/interface/XilEDKCoreGen.gen 
Execute         source C:/Xilinx/Vitis_HLS/2022.2/common/technology/xilinx/ip/dds_compiler.gen 
Execute         source C:/Xilinx/Vitis_HLS/2022.2/common/technology/xilinx/ip/util.gen 
Execute         source C:/Xilinx/Vitis_HLS/2022.2/common/technology/xilinx/ip/xfft.gen 
Execute         source C:/Xilinx/Vitis_HLS/2022.2/common/technology/xilinx/ip/xfir.gen 
Execute         source C:/Xilinx/Vitis_HLS/2022.2/common/technology/xilinx/DSP48/dsp48.gen 
Command       ap_source done; 0.131 sec.
Execute       ap_part_info -name xczu7ev-ffvc1156-2-e -data info 
Execute       config_compile -quiet -complex-mul-dsp=0 
Command     set_part done; 1.551 sec.
Execute     send_msg_by_id INFO @200-1505@%s%s  vivado 
INFO: [HLS 200-1505] Using flow_target 'vivado'
Command   open_solution done; 1.726 sec.
Execute   set_part xczu7ev-ffvc1156-2-e 
INFO: [HLS 200-1510] Running: set_part xczu7ev-ffvc1156-2-e 
Execute     create_platform xczu7ev-ffvc1156-2-e -board  
Execute     source C:/Xilinx/Vitis_HLS/2022.2/common/technology/xilinx/common/xilinx.gen 
Execute       source C:/Xilinx/Vitis_HLS/2022.2/common/technology/xilinx/interface/plb46.gen 
Execute       source C:/Xilinx/Vitis_HLS/2022.2/common/technology/xilinx/interface/axi4.gen 
Execute       source C:/Xilinx/Vitis_HLS/2022.2/common/technology/xilinx/interface/nativeAXI4.gen 
Execute         source C:/Xilinx/Vitis_HLS/2022.2/common/technology/xilinx/interface/saxilite.gen 
Execute       source C:/Xilinx/Vitis_HLS/2022.2/common/technology/xilinx/scripts/xilinxcoregen.gen 
Execute       source C:/Xilinx/Vitis_HLS/2022.2/common/technology/xilinx/interface/XilEDKCoreGen.gen 
Execute       source C:/Xilinx/Vitis_HLS/2022.2/common/technology/xilinx/ip/dds_compiler.gen 
Execute       source C:/Xilinx/Vitis_HLS/2022.2/common/technology/xilinx/ip/util.gen 
Execute       source C:/Xilinx/Vitis_HLS/2022.2/common/technology/xilinx/ip/xfft.gen 
Execute       source C:/Xilinx/Vitis_HLS/2022.2/common/technology/xilinx/ip/xfir.gen 
Execute       source C:/Xilinx/Vitis_HLS/2022.2/common/technology/xilinx/DSP48/dsp48.gen 
Command     ap_source done; 0.125 sec.
Execute     ap_part_info -name xczu7ev-ffvc1156-2-e -data info 
Execute     config_compile -quiet -complex-mul-dsp=0 
Command   set_part done; 0.186 sec.
Execute   create_clock -period 10 -name default 
INFO: [HLS 200-1510] Running: create_clock -period 10 -name default 
Execute     ap_set_clock -name default -period 10 -default=false 
INFO: [SYN 201-201] Setting up clock 'default' with a period of 10ns.
Execute   csynth_design 
INFO: [HLS 200-1510] Running: csynth_design 
Execute     elaborate -effort=medium -skip_syncheck=0 -keep_printf=0 -skip_cdt=0 -skip_transform=0 -ng=0 -g=0 -opt_fp=0 -from_csynth_design=1 
INFO: [HLS 200-111] Finished File checks and directory preparation: CPU user time: 0 seconds. CPU system time: 0 seconds. Elapsed time: 10.184 seconds; current allocated memory: 105.895 MB.
INFO: [HLS 200-10] Analyzing design file 'gemm.cc' ... 
INFO-FLOW: Compiling one TU...
INFO-FLOW: Handling gemm.cc as C++
Execute       ap_part_info -name xczu7ev-ffvc1156-2-e -data info 
INFO-FLOW: Running: GCC PP 39
INFO-FLOW: Source preprocessing
Execute       ap_eval exec -ignorestderr C:/Xilinx/Vitis_HLS/2022.2/win64/tools/clang-3.9-csynth/bin/clang gemm.cc -foptimization-record-file=C:/Users/CSDL_GUEST.DESKTOP-HHKUDFN/Desktop/06_LIG/23-02/HLS/2_GEMM/2_gemm_zcu104/solution1/.autopilot/db/gemm.cc.clang.diag.yml -mllvm -pass-remarks-missed=reflow|pasta|unroll -mllvm -pass-remarks=reflow|pasta|unroll|inline -fno-limit-debug-info --sysroot C:/Xilinx/Vitis_HLS/2022.2/tps/mingw/8.3.0/win64.o/nt -fhls -fno-exceptions -E -fno-math-errno -c -emit-llvm -mllvm -disable-llvm-optzns -Werror=implicit-function-declaration -Werror=implicit-hls-streams -Werror=return-type -Wpragmas -Wunused-parameter -Wdump-hls-pragmas -Wno-error=dump-hls-pragmas -fno-threadsafe-statics -fno-use-cxa-atexit -std=gnu++14 -target fpga64-xilinx-mingw32 -fno-threadsafe-statics -fno-use-cxa-atexit -D__VITIS_HLS__ -DAESL_SYN -D__SYNTHESIS__ -D__HLS_SYN__ -I C:/Xilinx/Vitis_HLS/2022.2/common/technology/autopilot -I C:/Xilinx/Vitis_HLS/2022.2/common/technology/autopilot/ap_sysc -include etc/autopilot_ssdm_op.h -D__DSP48E2__ -I /usr/include/x86_64-linux-gnu -o C:/Users/CSDL_GUEST.DESKTOP-HHKUDFN/Desktop/06_LIG/23-02/HLS/2_GEMM/2_gemm_zcu104/solution1/.autopilot/db/gemm.pp.0.cc {-hls-platform-db-name=C:/Xilinx/Vitis_HLS/2022.2/common/technology\xilinx/common/platform.db} -hls-platform-name=zynquplus_medium -device-resource-info=BRAM_624.000000_DSP_1728.000000_FF_460800.000000_LUT_230400.000000_SLICE_28800.000000_URAM_96.000000 -device-name-info=xczu7ev-ffvc1156-2-e > C:/Users/CSDL_GUEST.DESKTOP-HHKUDFN/Desktop/06_LIG/23-02/HLS/2_GEMM/2_gemm_zcu104/solution1/.autopilot/db/gemm.cc.clang.out.log 2> C:/Users/CSDL_GUEST.DESKTOP-HHKUDFN/Desktop/06_LIG/23-02/HLS/2_GEMM/2_gemm_zcu104/solution1/.autopilot/db/gemm.cc.clang.err.log 
Command       ap_eval done; 0.426 sec.
INFO-FLOW: Done: GCC PP 39 time: 0.4 seconds per iteration
Execute       set_directive_top mm -name=mm 
Execute       source C:/Xilinx/Vitis_HLS/2022.2/tps/tcl/tcllib1.11.1/yaml/huddle.tcl 
Execute       source C:/Xilinx/Vitis_HLS/2022.2/tps/tcl/tcllib1.11.1/yaml/json2huddle.tcl 
INFO-FLOW: Source syntax check for synthesis
Execute       ap_eval exec -ignorestderr C:/Xilinx/Vitis_HLS/2022.2/win64/tools/clang-3.9-csynth/bin/clang -foptimization-record-file=C:/Users/CSDL_GUEST.DESKTOP-HHKUDFN/Desktop/06_LIG/23-02/HLS/2_GEMM/2_gemm_zcu104/solution1/.autopilot/db/clang.diag.yml -mllvm -pass-remarks-missed=reflow|pasta|unroll -mllvm -pass-remarks=reflow|pasta|unroll|inline -fsyntax-only -fhls -target fpga64-xilinx-linux-gnu C:/Users/CSDL_GUEST.DESKTOP-HHKUDFN/Desktop/06_LIG/23-02/HLS/2_GEMM/2_gemm_zcu104/solution1/.autopilot/db/gemm.pp.0.cc {-hls-platform-db-name=C:/Xilinx/Vitis_HLS/2022.2/common/technology\xilinx/common/platform.db} -hls-platform-name=zynquplus_medium -device-resource-info=BRAM_624.000000_DSP_1728.000000_FF_460800.000000_LUT_230400.000000_SLICE_28800.000000_URAM_96.000000 -device-name-info=xczu7ev-ffvc1156-2-e > C:/Users/CSDL_GUEST.DESKTOP-HHKUDFN/Desktop/06_LIG/23-02/HLS/2_GEMM/2_gemm_zcu104/solution1/.autopilot/db/clang.out.log 2> C:/Users/CSDL_GUEST.DESKTOP-HHKUDFN/Desktop/06_LIG/23-02/HLS/2_GEMM/2_gemm_zcu104/solution1/.autopilot/db/clang.err.log 
Command       ap_eval done; 0.812 sec.
Execute       clang_tidy xilinx-systemc-detector -desc systemc-detector C:/Users/CSDL_GUEST.DESKTOP-HHKUDFN/Desktop/06_LIG/23-02/HLS/2_GEMM/2_gemm_zcu104/solution1/.autopilot/db/gemm.pp.0.cc std=gnu++14 -target fpga  -directive=C:/Users/CSDL_GUEST.DESKTOP-HHKUDFN/Desktop/06_LIG/23-02/HLS/2_GEMM/2_gemm_zcu104/solution1/.autopilot/db/.systemc_flag 
INFO-FLOW: exec C:/Xilinx/Vitis_HLS/2022.2/win64/tools/clang-3.9-csynth/bin/clang-tidy -header-filter=.* --checks=-*,xilinx-systemc-detector -import-directive=C:/Users/CSDL_GUEST.DESKTOP-HHKUDFN/Desktop/06_LIG/23-02/HLS/2_GEMM/2_gemm_zcu104/solution1/.autopilot/db/.systemc_flag -fix-errors C:/Users/CSDL_GUEST.DESKTOP-HHKUDFN/Desktop/06_LIG/23-02/HLS/2_GEMM/2_gemm_zcu104/solution1/.autopilot/db/gemm.pp.0.cc -- -std=gnu++14 -target fpga -fhls -ferror-limit=0
Command       clang_tidy done; 0.674 sec.
INFO-FLOW: Running: clang-tidy CDT preprocess 39
Execute       clang_tidy xilinx-directive2pragma -desc directive2pragma C:/Users/CSDL_GUEST.DESKTOP-HHKUDFN/Desktop/06_LIG/23-02/HLS/2_GEMM/2_gemm_zcu104/solution1/.autopilot/db/gemm.pp.0.cc std=gnu++14 -target fpga  -directive=C:/Users/CSDL_GUEST.DESKTOP-HHKUDFN/Desktop/06_LIG/23-02/HLS/2_GEMM/2_gemm_zcu104/solution1/.autopilot/db/all.directive.json 
INFO-FLOW: exec C:/Xilinx/Vitis_HLS/2022.2/win64/tools/clang-3.9-csynth/bin/clang-tidy -header-filter=.* --checks=-*,xilinx-directive2pragma -import-directive=C:/Users/CSDL_GUEST.DESKTOP-HHKUDFN/Desktop/06_LIG/23-02/HLS/2_GEMM/2_gemm_zcu104/solution1/.autopilot/db/all.directive.json -fix-errors C:/Users/CSDL_GUEST.DESKTOP-HHKUDFN/Desktop/06_LIG/23-02/HLS/2_GEMM/2_gemm_zcu104/solution1/.autopilot/db/gemm.pp.0.cc -- -std=gnu++14 -target fpga -fhls -ferror-limit=0
Command       clang_tidy done; 0.926 sec.
Execute       clang_tidy xilinx-remove-assert -desc remove-assert C:/Users/CSDL_GUEST.DESKTOP-HHKUDFN/Desktop/06_LIG/23-02/HLS/2_GEMM/2_gemm_zcu104/solution1/.autopilot/db/gemm.pp.0.cc std=gnu++14 -target fpga  
INFO-FLOW: exec C:/Xilinx/Vitis_HLS/2022.2/win64/tools/clang-3.9-csynth/bin/clang-tidy -header-filter=.* --checks=-*,xilinx-remove-assert -fix-errors C:/Users/CSDL_GUEST.DESKTOP-HHKUDFN/Desktop/06_LIG/23-02/HLS/2_GEMM/2_gemm_zcu104/solution1/.autopilot/db/gemm.pp.0.cc -- -std=gnu++14 -target fpga -fhls -ferror-limit=0
Command       clang_tidy done; 0.582 sec.
INFO-FLOW: Done: clang-tidy CDT preprocess 39 time: 1.5 seconds per iteration
INFO-FLOW: Calling xilinx-label-all-loops ... 
INFO-FLOW: Calling xilinx-aggregate-on-hls-vector ... 
Execute       clang_tidy -errorcheck -desc loop-label xilinx-label-all-loops,xilinx-aggregate-on-hls-vector,,xilinx-warn-mayneed-no-ctor-attribute C:/Users/CSDL_GUEST.DESKTOP-HHKUDFN/Desktop/06_LIG/23-02/HLS/2_GEMM/2_gemm_zcu104/solution1/.autopilot/db/gemm.pp.0.cc std=gnu++14 -target fpga  
Execute         ap_eval exec -ignorestderr C:/Xilinx/Vitis_HLS/2022.2/win64/tools/clang-3.9-csynth/bin/clang-tidy -export-fixes=C:/Users/CSDL_GUEST.DESKTOP-HHKUDFN/Desktop/06_LIG/23-02/HLS/2_GEMM/2_gemm_zcu104/solution1/.autopilot/db/gemm.pp.0.cc.clang-tidy.loop-label.diag.yml -header-filter=.* --checks=-*,xilinx-label-all-loops,xilinx-aggregate-on-hls-vector,,xilinx-warn-mayneed-no-ctor-attribute -fix-errors C:/Users/CSDL_GUEST.DESKTOP-HHKUDFN/Desktop/06_LIG/23-02/HLS/2_GEMM/2_gemm_zcu104/solution1/.autopilot/db/gemm.pp.0.cc -- -std=gnu++14 -target fpga -fhls -ferror-limit=0 > C:/Users/CSDL_GUEST.DESKTOP-HHKUDFN/Desktop/06_LIG/23-02/HLS/2_GEMM/2_gemm_zcu104/solution1/.autopilot/db/gemm.pp.0.cc.clang-tidy.loop-label.out.log 2> C:/Users/CSDL_GUEST.DESKTOP-HHKUDFN/Desktop/06_LIG/23-02/HLS/2_GEMM/2_gemm_zcu104/solution1/.autopilot/db/gemm.pp.0.cc.clang-tidy.loop-label.err.log 
Command         ap_eval done; 1.041 sec.
Execute         source C:/Xilinx/Vitis_HLS/2022.2/tps/tcl/tcllib1.11.1/yaml/yaml.tcl 
Command       clang_tidy done; 1.077 sec.
Execute       ap_eval exec -ignorestderr C:/Xilinx/Vitis_HLS/2022.2/win64/tools/clang-3.9-csynth/bin/xilinx-dataflow-lawyer -export-fixes=C:/Users/CSDL_GUEST.DESKTOP-HHKUDFN/Desktop/06_LIG/23-02/HLS/2_GEMM/2_gemm_zcu104/solution1/.autopilot/db/gemm.pp.0.cc.xilinx-dataflow-lawyer.diag.yml C:/Users/CSDL_GUEST.DESKTOP-HHKUDFN/Desktop/06_LIG/23-02/HLS/2_GEMM/2_gemm_zcu104/solution1/.autopilot/db/gemm.pp.0.cc -- -std=gnu++14 -target fpga -fhls -ferror-limit=0 -fstrict-dataflow > C:/Users/CSDL_GUEST.DESKTOP-HHKUDFN/Desktop/06_LIG/23-02/HLS/2_GEMM/2_gemm_zcu104/solution1/.autopilot/db/gemm.pp.0.cc.xilinx-dataflow-lawyer.out.log 2> C:/Users/CSDL_GUEST.DESKTOP-HHKUDFN/Desktop/06_LIG/23-02/HLS/2_GEMM/2_gemm_zcu104/solution1/.autopilot/db/gemm.pp.0.cc.xilinx-dataflow-lawyer.err.log 
Command       ap_eval done; 0.64 sec.
Execute       ap_part_info -name xczu7ev-ffvc1156-2-e -data info 
INFO-FLOW: compiling source code to llvm bc
Execute       ap_eval exec -ignorestderr C:/Xilinx/Vitis_HLS/2022.2/win64/tools/clang-3.9-csynth/bin/clang -foptimization-record-file=C:/Users/CSDL_GUEST.DESKTOP-HHKUDFN/Desktop/06_LIG/23-02/HLS/2_GEMM/2_gemm_zcu104/solution1/.autopilot/db/gemm.pp.0.cc.clang.diag.yml -mllvm -pass-remarks-missed=reflow|pasta|unroll -mllvm -pass-remarks=reflow|pasta|unroll|inline -fno-limit-debug-info -fhls -flto -fno-exceptions -Wno-error=c++11-narrowing C:/Users/CSDL_GUEST.DESKTOP-HHKUDFN/Desktop/06_LIG/23-02/HLS/2_GEMM/2_gemm_zcu104/solution1/.autopilot/db/gemm.pp.0.cc -fno-math-errno -c -emit-llvm -mllvm -disable-llvm-optzns -Werror=implicit-function-declaration -Werror=implicit-hls-streams -Werror=return-type -Wpragmas -Wunused-parameter -Wdump-hls-pragmas -Wno-error=dump-hls-pragmas -fno-threadsafe-statics -fno-use-cxa-atexit -std=gnu++14 -target fpga64-xilinx-linux-gnu -D__VITIS_HLS__ -DAESL_SYN -D__SYNTHESIS__ -D__HLS_SYN__ -I C:/Xilinx/Vitis_HLS/2022.2/common/technology/autopilot -I C:/Xilinx/Vitis_HLS/2022.2/common/technology/autopilot/ap_sysc -include etc/autopilot_ssdm_op.h -D__DSP48E2__ -g -o C:/Users/CSDL_GUEST.DESKTOP-HHKUDFN/Desktop/06_LIG/23-02/HLS/2_GEMM/2_gemm_zcu104/solution1/.autopilot/db/gemm.bc {-hls-platform-db-name=C:/Xilinx/Vitis_HLS/2022.2/common/technology\xilinx/common/platform.db} -hls-platform-name=zynquplus_medium -device-resource-info=BRAM_624.000000_DSP_1728.000000_FF_460800.000000_LUT_230400.000000_SLICE_28800.000000_URAM_96.000000 -device-name-info=xczu7ev-ffvc1156-2-e > C:/Users/CSDL_GUEST.DESKTOP-HHKUDFN/Desktop/06_LIG/23-02/HLS/2_GEMM/2_gemm_zcu104/solution1/.autopilot/db/gemm.pp.0.cc.clang.out.log 2> C:/Users/CSDL_GUEST.DESKTOP-HHKUDFN/Desktop/06_LIG/23-02/HLS/2_GEMM/2_gemm_zcu104/solution1/.autopilot/db/gemm.pp.0.cc.clang.err.log 
Command       ap_eval done; 0.883 sec.
INFO: [HLS 200-111] Finished Source Code Analysis and Preprocessing: CPU user time: 1 seconds. CPU system time: 0 seconds. Elapsed time: 6.178 seconds; current allocated memory: 106.590 MB.
INFO-FLOW: Linking Debug ...
INFO-FLOW: Linking dut bc code.
Execute       run_link_or_opt -out C:/Users/CSDL_GUEST.DESKTOP-HHKUDFN/Desktop/06_LIG/23-02/HLS/2_GEMM/2_gemm_zcu104/solution1/.autopilot/db/a.g.ld.0.bc -args  "C:/Users/CSDL_GUEST.DESKTOP-HHKUDFN/Desktop/06_LIG/23-02/HLS/2_GEMM/2_gemm_zcu104/solution1/.autopilot/db/gemm.g.bc"  
Execute         ap_eval exec -ignorestderr C:/Xilinx/Vitis_HLS/2022.2/win64/tools/clang-3.9-csynth/bin/llvm-link C:/Users/CSDL_GUEST.DESKTOP-HHKUDFN/Desktop/06_LIG/23-02/HLS/2_GEMM/2_gemm_zcu104/solution1/.autopilot/db/gemm.g.bc -o C:/Users/CSDL_GUEST.DESKTOP-HHKUDFN/Desktop/06_LIG/23-02/HLS/2_GEMM/2_gemm_zcu104/solution1/.autopilot/db/a.g.ld.0.bc > C:/Users/CSDL_GUEST.DESKTOP-HHKUDFN/Desktop/06_LIG/23-02/HLS/2_GEMM/2_gemm_zcu104/solution1/.autopilot/db/a.g.ld.0.bc.llvm-link.out.log 2> C:/Users/CSDL_GUEST.DESKTOP-HHKUDFN/Desktop/06_LIG/23-02/HLS/2_GEMM/2_gemm_zcu104/solution1/.autopilot/db/a.g.ld.0.bc.llvm-link.err.log 
INFO-FLOW: 
Execute       run_link_or_opt -opt -out C:/Users/CSDL_GUEST.DESKTOP-HHKUDFN/Desktop/06_LIG/23-02/HLS/2_GEMM/2_gemm_zcu104/solution1/.autopilot/db/a.g.ld.1.lower.bc -args C:/Users/CSDL_GUEST.DESKTOP-HHKUDFN/Desktop/06_LIG/23-02/HLS/2_GEMM/2_gemm_zcu104/solution1/.autopilot/db/a.g.ld.0.bc -reflow-lower-math-intrinsics 
Execute         ap_eval exec -ignorestderr C:/Xilinx/Vitis_HLS/2022.2/win64/tools/clang-3.9-csynth/bin/opt -pass-remarks-missed=reflow|pasta|unroll -pass-remarks=reflow|pasta|unroll|inline -pass-remarks-output=C:/Users/CSDL_GUEST.DESKTOP-HHKUDFN/Desktop/06_LIG/23-02/HLS/2_GEMM/2_gemm_zcu104/solution1/.autopilot/db/a.g.ld.1.lower.bc.opt.diag.yml C:/Users/CSDL_GUEST.DESKTOP-HHKUDFN/Desktop/06_LIG/23-02/HLS/2_GEMM/2_gemm_zcu104/solution1/.autopilot/db/a.g.ld.0.bc -reflow-lower-math-intrinsics -o C:/Users/CSDL_GUEST.DESKTOP-HHKUDFN/Desktop/06_LIG/23-02/HLS/2_GEMM/2_gemm_zcu104/solution1/.autopilot/db/a.g.ld.1.lower.bc > C:/Users/CSDL_GUEST.DESKTOP-HHKUDFN/Desktop/06_LIG/23-02/HLS/2_GEMM/2_gemm_zcu104/solution1/.autopilot/db/a.g.ld.1.lower.bc.opt.out.log 2> C:/Users/CSDL_GUEST.DESKTOP-HHKUDFN/Desktop/06_LIG/23-02/HLS/2_GEMM/2_gemm_zcu104/solution1/.autopilot/db/a.g.ld.1.lower.bc.opt.err.log 
INFO-FLOW: 
INFO-FLOW: Linking math bc lib
Execute       run_link_or_opt -out C:/Users/CSDL_GUEST.DESKTOP-HHKUDFN/Desktop/06_LIG/23-02/HLS/2_GEMM/2_gemm_zcu104/solution1/.autopilot/db/a.g.ld.2.m1.bc -args C:/Users/CSDL_GUEST.DESKTOP-HHKUDFN/Desktop/06_LIG/23-02/HLS/2_GEMM/2_gemm_zcu104/solution1/.autopilot/db/a.g.ld.1.lower.bc -only-needed C:/Xilinx/Vitis_HLS/2022.2/win64/lib/libhlsm_39.bc C:/Xilinx/Vitis_HLS/2022.2/win64/lib/libhlsmc++_39.bc 
Execute         ap_eval exec -ignorestderr C:/Xilinx/Vitis_HLS/2022.2/win64/tools/clang-3.9-csynth/bin/llvm-link C:/Users/CSDL_GUEST.DESKTOP-HHKUDFN/Desktop/06_LIG/23-02/HLS/2_GEMM/2_gemm_zcu104/solution1/.autopilot/db/a.g.ld.1.lower.bc -only-needed C:/Xilinx/Vitis_HLS/2022.2/win64/lib/libhlsm_39.bc C:/Xilinx/Vitis_HLS/2022.2/win64/lib/libhlsmc++_39.bc -o C:/Users/CSDL_GUEST.DESKTOP-HHKUDFN/Desktop/06_LIG/23-02/HLS/2_GEMM/2_gemm_zcu104/solution1/.autopilot/db/a.g.ld.2.m1.bc > C:/Users/CSDL_GUEST.DESKTOP-HHKUDFN/Desktop/06_LIG/23-02/HLS/2_GEMM/2_gemm_zcu104/solution1/.autopilot/db/a.g.ld.2.m1.bc.llvm-link.out.log 2> C:/Users/CSDL_GUEST.DESKTOP-HHKUDFN/Desktop/06_LIG/23-02/HLS/2_GEMM/2_gemm_zcu104/solution1/.autopilot/db/a.g.ld.2.m1.bc.llvm-link.err.log 
Command         ap_eval done; 2.933 sec.
INFO-FLOW: 
Command       run_link_or_opt done; 2.938 sec.
Execute       run_link_or_opt -opt -out C:/Users/CSDL_GUEST.DESKTOP-HHKUDFN/Desktop/06_LIG/23-02/HLS/2_GEMM/2_gemm_zcu104/solution1/.autopilot/db/a.g.ld.3.fpc.bc -args C:/Users/CSDL_GUEST.DESKTOP-HHKUDFN/Desktop/06_LIG/23-02/HLS/2_GEMM/2_gemm_zcu104/solution1/.autopilot/db/a.g.ld.2.m1.bc -reflow-globaldce -hls-top-function-name=mm -reflow-float-conversion 
Execute         ap_eval exec -ignorestderr C:/Xilinx/Vitis_HLS/2022.2/win64/tools/clang-3.9-csynth/bin/opt -pass-remarks-missed=reflow|pasta|unroll -pass-remarks=reflow|pasta|unroll|inline -pass-remarks-output=C:/Users/CSDL_GUEST.DESKTOP-HHKUDFN/Desktop/06_LIG/23-02/HLS/2_GEMM/2_gemm_zcu104/solution1/.autopilot/db/a.g.ld.3.fpc.bc.opt.diag.yml C:/Users/CSDL_GUEST.DESKTOP-HHKUDFN/Desktop/06_LIG/23-02/HLS/2_GEMM/2_gemm_zcu104/solution1/.autopilot/db/a.g.ld.2.m1.bc -reflow-globaldce -hls-top-function-name=mm -reflow-float-conversion -o C:/Users/CSDL_GUEST.DESKTOP-HHKUDFN/Desktop/06_LIG/23-02/HLS/2_GEMM/2_gemm_zcu104/solution1/.autopilot/db/a.g.ld.3.fpc.bc > C:/Users/CSDL_GUEST.DESKTOP-HHKUDFN/Desktop/06_LIG/23-02/HLS/2_GEMM/2_gemm_zcu104/solution1/.autopilot/db/a.g.ld.3.fpc.bc.opt.out.log 2> C:/Users/CSDL_GUEST.DESKTOP-HHKUDFN/Desktop/06_LIG/23-02/HLS/2_GEMM/2_gemm_zcu104/solution1/.autopilot/db/a.g.ld.3.fpc.bc.opt.err.log 
Command         ap_eval done; 1.064 sec.
INFO-FLOW: 
Command       run_link_or_opt done; 1.069 sec.
Execute       run_link_or_opt -out C:/Users/CSDL_GUEST.DESKTOP-HHKUDFN/Desktop/06_LIG/23-02/HLS/2_GEMM/2_gemm_zcu104/solution1/.autopilot/db/a.g.ld.4.m2.bc -args C:/Users/CSDL_GUEST.DESKTOP-HHKUDFN/Desktop/06_LIG/23-02/HLS/2_GEMM/2_gemm_zcu104/solution1/.autopilot/db/a.g.ld.3.fpc.bc -only-needed C:/Xilinx/Vitis_HLS/2022.2/win64/lib/libfloatconversion_39.bc 
Execute         ap_eval exec -ignorestderr C:/Xilinx/Vitis_HLS/2022.2/win64/tools/clang-3.9-csynth/bin/llvm-link C:/Users/CSDL_GUEST.DESKTOP-HHKUDFN/Desktop/06_LIG/23-02/HLS/2_GEMM/2_gemm_zcu104/solution1/.autopilot/db/a.g.ld.3.fpc.bc -only-needed C:/Xilinx/Vitis_HLS/2022.2/win64/lib/libfloatconversion_39.bc -o C:/Users/CSDL_GUEST.DESKTOP-HHKUDFN/Desktop/06_LIG/23-02/HLS/2_GEMM/2_gemm_zcu104/solution1/.autopilot/db/a.g.ld.4.m2.bc > C:/Users/CSDL_GUEST.DESKTOP-HHKUDFN/Desktop/06_LIG/23-02/HLS/2_GEMM/2_gemm_zcu104/solution1/.autopilot/db/a.g.ld.4.m2.bc.llvm-link.out.log 2> C:/Users/CSDL_GUEST.DESKTOP-HHKUDFN/Desktop/06_LIG/23-02/HLS/2_GEMM/2_gemm_zcu104/solution1/.autopilot/db/a.g.ld.4.m2.bc.llvm-link.err.log 
INFO-FLOW: 
Command       run_link_or_opt done; 0.102 sec.
Execute       run_link_or_opt -opt -out C:/Users/CSDL_GUEST.DESKTOP-HHKUDFN/Desktop/06_LIG/23-02/HLS/2_GEMM/2_gemm_zcu104/solution1/.autopilot/db/a.g.ld.5.gdce.bc -args C:/Users/CSDL_GUEST.DESKTOP-HHKUDFN/Desktop/06_LIG/23-02/HLS/2_GEMM/2_gemm_zcu104/solution1/.autopilot/db/a.g.ld.4.m2.bc -reflow-globaldce -hls-top-function-name=mm 
Execute         ap_eval exec -ignorestderr C:/Xilinx/Vitis_HLS/2022.2/win64/tools/clang-3.9-csynth/bin/opt -pass-remarks-missed=reflow|pasta|unroll -pass-remarks=reflow|pasta|unroll|inline -pass-remarks-output=C:/Users/CSDL_GUEST.DESKTOP-HHKUDFN/Desktop/06_LIG/23-02/HLS/2_GEMM/2_gemm_zcu104/solution1/.autopilot/db/a.g.ld.5.gdce.bc.opt.diag.yml C:/Users/CSDL_GUEST.DESKTOP-HHKUDFN/Desktop/06_LIG/23-02/HLS/2_GEMM/2_gemm_zcu104/solution1/.autopilot/db/a.g.ld.4.m2.bc -reflow-globaldce -hls-top-function-name=mm -o C:/Users/CSDL_GUEST.DESKTOP-HHKUDFN/Desktop/06_LIG/23-02/HLS/2_GEMM/2_gemm_zcu104/solution1/.autopilot/db/a.g.ld.5.gdce.bc > C:/Users/CSDL_GUEST.DESKTOP-HHKUDFN/Desktop/06_LIG/23-02/HLS/2_GEMM/2_gemm_zcu104/solution1/.autopilot/db/a.g.ld.5.gdce.bc.opt.out.log 2> C:/Users/CSDL_GUEST.DESKTOP-HHKUDFN/Desktop/06_LIG/23-02/HLS/2_GEMM/2_gemm_zcu104/solution1/.autopilot/db/a.g.ld.5.gdce.bc.opt.err.log 
INFO-FLOW: 
Execute       send_msg_by_id INFO @200-777@%s Vivado 
INFO: [HLS 200-777] Using interface defaults for 'Vivado' flow target.
Execute       is_m_axi_addr64 
INFO-FLOW: Doing LTO.
Execute       ap_eval exec -ignorestderr C:/Xilinx/Vitis_HLS/2022.2/win64/tools/clang-3.9-csynth/bin/clang -foptimization-record-file=C:/Users/CSDL_GUEST.DESKTOP-HHKUDFN/Desktop/06_LIG/23-02/HLS/2_GEMM/2_gemm_zcu104/solution1/.autopilot/db/a.g.ld.0.bc.clang.diag.yml -mllvm -pass-remarks-missed=reflow|pasta|unroll -mllvm -pass-remarks=reflow|pasta|unroll|inline -fhls -mllvm -hls-top-function-name=mm -mllvm -hls-db-dir -mllvm C:/Users/CSDL_GUEST.DESKTOP-HHKUDFN/Desktop/06_LIG/23-02/HLS/2_GEMM/2_gemm_zcu104/solution1/.autopilot/db -emit-llvm -c -target fpga64-xilinx-none -mllvm -xcl-xmlinfo=C:/Users/CSDL_GUEST.DESKTOP-HHKUDFN/Desktop/06_LIG/23-02/HLS/2_GEMM/2_gemm_zcu104/solution1/.autopilot/db/kernel.internal.xml -mllvm -top-io-mapping-info=C:/Users/CSDL_GUEST.DESKTOP-HHKUDFN/Desktop/06_LIG/23-02/HLS/2_GEMM/2_gemm_zcu104/solution1/.autopilot/db/top-io-fe.xml -mllvm -hls-bitcode-version=3.1 -mllvm -reflow-enable-slave-interface-default-setting=true -mllvm -gen-kernel-xml=false -mllvm -default-maxi-offset=slave -mllvm -maxi-latency=0 -mllvm -hls-maxi-data-size-in-bits=8 -mllvm -hls-maxi-max-data-size-in-bits=1024 -mllvm -hls-max-widen-size-in-bits=0 -mllvm -xcl-kernel-max-mem-ports=0 -mllvm -maxi-read-trans=16 -mllvm -maxi-write-trans=16 -mllvm -maxi-read-burst-len=16 -mllvm -maxi-write-burst-len=16 -mllvm -reflow-enable-saxi-64bits=0 -mllvm -reflow-basic-block-instr-threshold=200000 -mllvm -reflow-auto-pipeline-threshold=64 -mllvm -reflow-enable-maxi-auto-id-channel=0 -mllvm -assume-maxi-align=1 -mllvm -reflow-pipeline-style-llvm-setting=2 -mllvm -reflow-enable-dataflow-strict-mode-checking=1 -mllvm -reflow-auto-array-partition-mode=default -mllvm -reflow-enable-auto-array-partition=true -mllvm -reflow-enable-auto-parallel-performance-driven=true -mllvm -reflow-enable-partition-for-automation=true -mllvm -reflow-aggregate-bitwidth-threshold=4096 -mllvm -reflow-assume-no-address-wrap=true -mllvm -hls -mllvm -disable-inlined-alloca-merging=true -mllvm -default-clock-period=10 -x ir C:/Users/CSDL_GUEST.DESKTOP-HHKUDFN/Desktop/06_LIG/23-02/HLS/2_GEMM/2_gemm_zcu104/solution1/.autopilot/db/a.g.ld.5.gdce.bc -o C:/Users/CSDL_GUEST.DESKTOP-HHKUDFN/Desktop/06_LIG/23-02/HLS/2_GEMM/2_gemm_zcu104/solution1/.autopilot/db/a.g.lto.bc {-hls-platform-db-name=C:/Xilinx/Vitis_HLS/2022.2/common/technology\xilinx/common/platform.db} -hls-platform-name=zynquplus_medium -device-resource-info=BRAM_624.000000_DSP_1728.000000_FF_460800.000000_LUT_230400.000000_SLICE_28800.000000_URAM_96.000000 -device-name-info=xczu7ev-ffvc1156-2-e > C:/Users/CSDL_GUEST.DESKTOP-HHKUDFN/Desktop/06_LIG/23-02/HLS/2_GEMM/2_gemm_zcu104/solution1/.autopilot/db/a.g.ld.0.bc.clang.out.log 2> C:/Users/CSDL_GUEST.DESKTOP-HHKUDFN/Desktop/06_LIG/23-02/HLS/2_GEMM/2_gemm_zcu104/solution1/.autopilot/db/a.g.ld.0.bc.clang.err.log 
Command       ap_eval done; 0.661 sec.
INFO: [HLS 214-291] Loop 'col' is marked as complete unroll implied by the pipeline pragma (gemm.cc:18:7)
INFO: [HLS 214-291] Loop 'product' is marked as complete unroll implied by the pipeline pragma (gemm.cc:20:13)
INFO: [HLS 214-186] Unrolling loop 'col' (gemm.cc:18:7) in function 'mm' completely with a factor of 8 (gemm.cc:12:0)
INFO: [HLS 214-186] Unrolling loop 'product' (gemm.cc:20:13) in function 'mm' completely with a factor of 8 (gemm.cc:12:0)
INFO: [HLS 214-248] Applying array_partition to 'A': Complete partitioning on dimension 2. (gemm.cc:12:0)
INFO: [HLS 214-248] Applying array_partition to 'B': Complete partitioning on dimension 1. Complete partitioning on dimension 2. (gemm.cc:12:0)
INFO: [HLS 214-248] Applying array_partition to 'AB': Complete partitioning on dimension 2. (gemm.cc:12:0)
INFO-FLOW: DBG:PUTS: copy_raw_kernel_xml ap_link_39: kernel.xml not generated: C:/Users/CSDL_GUEST.DESKTOP-HHKUDFN/Desktop/06_LIG/23-02/HLS/2_GEMM/2_gemm_zcu104/solution1/.autopilot/db/kernel.internal.xml
INFO: [HLS 200-111] Finished Compiling Optimization and Transform: CPU user time: 0 seconds. CPU system time: 0 seconds. Elapsed time: 5.232 seconds; current allocated memory: 107.523 MB.
INFO: [HLS 200-111] Finished Checking Pragmas: CPU user time: 0 seconds. CPU system time: 0 seconds. Elapsed time: 0.009 seconds; current allocated memory: 107.523 MB.
Execute       opt_and_import_c a -opt_level=2 -skip_syncheck=0 -ng=0 -keep_printf=0 
Execute         cleanup_all_models 
INFO: [HLS 200-10] Starting code transformations ...
INFO-FLOW: Running Standard Transforms...
Execute         transform -hls -share-std-xform -demangle-name -inline-byval-memcpy -always-inline -promote-dbg-pointer -interface-preproc -mem2reg -scalarrepl -mem2reg -keep-read-access -instcombine -dce -promote-dbg-pointer -bitop-raise -loop-simplify -indvarspre -indvars -loop-simplify -xunroll -constprop -instcombine -simplifycfg -indvars -simplifycfg -dce -globaldce -basicaa -simplifycfg -mem2reg -globalopt -global-constprop -deadargelim -instcombine -simplifycfg -scalarrepl -instcombine -reassociate -licm -simplifycfg -loop-simplify -indvars -instcombine -simplifycfg -mem2reg -loop-simplify -indvars -instcombine -gvn -gvn -instcombine -adce -break-crit-edges -simplifycfg -loop-delete -global-array-opt -dce -dse -adce -find-syn-modules -top mm -deadargelim -mem2reg -instcombine -dce -presyn-prepare -auto-rom-infer -interface-preproc -syn-check -check-rec-only -find-region -simplifycfg -func-extr -function-inline -globaldce -mem2reg -instcombine -dce -gvn -globaldce -adce -adse -constprop -instcombine -bit-constprop -instcombine -dce -simplifycfg -bitop-raise -simplifycfg -dce -loop-delete -reassociate -globalopt -global-privatize -mem2reg -dce -global-constprop -pointer-simplify -constprop -dce -auto-shift-reg-idiom -promote-dbg-pointer -norm-name C:/Users/CSDL_GUEST.DESKTOP-HHKUDFN/Desktop/06_LIG/23-02/HLS/2_GEMM/2_gemm_zcu104/solution1/.autopilot/db/a.g.0.bc -o C:/Users/CSDL_GUEST.DESKTOP-HHKUDFN/Desktop/06_LIG/23-02/HLS/2_GEMM/2_gemm_zcu104/solution1/.autopilot/db/a.g.1.bc -f -phase std-opt 
Command         transform done; 0.15 sec.
INFO: [HLS 200-111] Finished Standard Transforms: CPU user time: 0 seconds. CPU system time: 0 seconds. Elapsed time: 0.189 seconds; current allocated memory: 113.598 MB.
INFO: [HLS 200-10] Checking synthesizability ...
INFO-FLOW: Checking Synthesizability 1/2..
Execute         transform -hls -syn-check -check-rec-only -scalarrepl -norm-name -dce -mem2reg -instcombine -directive-preproc -mem2reg -dse -dce -auto-rom-infer -dce -pag -array-normalize -instcombine -dce -array-seg-normalize -instcombine -dce -data-pack -instcombine -dce -inst-simplify -array-flatten -instcombine -dce -array-burst -dce -deadargelim -promote-global-argument -simplifycfg -mem2reg -globaldce -dce -deadargelim -dce -instcombine -function-inline -globaldce -dce -doublePtrSimplify -doublePtrElim -dce -doublePtrSimplify -promote-dbg-pointer -dce -scalarrepl -dse -adse -instcombine -ptrLegalization -simplifycfg -dce -instcombine -pointer-simplify -ptrArgReplace -dce -instcombine -resolve-double-ptr -scalarrepl -norm-name -dce -mem2reg -instcombine -ptrLegalization -simplifycfg -deadargelim -instcombine -dce -inst-simplify -directive-preproc -mem2reg -dse -dce -globaldce C:/Users/CSDL_GUEST.DESKTOP-HHKUDFN/Desktop/06_LIG/23-02/HLS/2_GEMM/2_gemm_zcu104/solution1/.autopilot/db/a.g.1.bc -o C:/Users/CSDL_GUEST.DESKTOP-HHKUDFN/Desktop/06_LIG/23-02/HLS/2_GEMM/2_gemm_zcu104/solution1/.autopilot/db/a.g.2.prechk.bc -f 
INFO-FLOW: Checking Synthesizability 2/2..
Execute         transform -syn-check C:/Users/CSDL_GUEST.DESKTOP-HHKUDFN/Desktop/06_LIG/23-02/HLS/2_GEMM/2_gemm_zcu104/solution1/.autopilot/db/a.g.2.prechk.bc -o C:/Users/CSDL_GUEST.DESKTOP-HHKUDFN/Desktop/06_LIG/23-02/HLS/2_GEMM/2_gemm_zcu104/solution1/.autopilot/db/a.g.2.bc -f -phase syn-check 
INFO: [HLS 200-111] Finished Checking Synthesizability: CPU user time: 0 seconds. CPU system time: 0 seconds. Elapsed time: 0.126 seconds; current allocated memory: 115.215 MB.
INFO-FLOW: Compiler optimizing ...
INFO-FLOW: Share syncheck's 1.bc for syn flow: copy C:/Users/CSDL_GUEST.DESKTOP-HHKUDFN/Desktop/06_LIG/23-02/HLS/2_GEMM/2_gemm_zcu104/solution1/.autopilot/db/a.g.1.bc to C:/Users/CSDL_GUEST.DESKTOP-HHKUDFN/Desktop/06_LIG/23-02/HLS/2_GEMM/2_gemm_zcu104/solution1/.autopilot/db/a.o.1.bc
INFO-FLOW: Presyn 1...
Execute         transform -hls -tmp C:/Users/CSDL_GUEST.DESKTOP-HHKUDFN/Desktop/06_LIG/23-02/HLS/2_GEMM/2_gemm_zcu104/solution1/.autopilot/db -interface-port-rename -directive-preproc -mem2reg -dse -dce -scalarrepl -norm-name -deadargelim -mem2reg -instcombine -dce -simplifycfg -auto-rom-infer -dce -resource-proc -clib-intrinsic-prepare -dce -func-buffer -dce -pag -array-normalize -func-legal -instcombine -gvn -constprop -dce -simplifycfg -mem2reg -globaldce -resolve-double-ptr -dce -deadargelim -dce -instcombine -ptrArgReplace -mem2reg -dce -array-seg-normalize -deadargelim -instcombine -dce -directive-preproc -mem2reg -dse -dce -pointer-simplify -dce -port-alignment -dce -interface-preproc -data-pack -instcombine -dce -basicaa -aggr-aa -aggrmodref-aa -aggr-aa -gvn -gvn -basicaa -aggr-aa -aggrmodref-aa -aggr-aa -dse -adse -adce -loop-simplify -indvars -instcombine -gvn -loop-simplify -mem2reg -dce -find-region -instcombine -auto-loop-pipeline -inst-simplify -interface-preproc -cfgopt -instcombine -indvars -auto-loop-unroll -loop-simplify -loop-bound -xunroll -constprop -instcombine -simplifycfg -indvars -simplifycfg -dce -globaldce -clean-region -attach-range -gvn -inst-simplify -constprop -simplifycfg -dce -pointer-simplify -dce -globalopt -constprop -dce -array-promote -scalar-auto-dep-elim -constprop -dce -ptrArgReplace -mem2reg -simplifycfg -dce -instcombine -dce -array-transform-check -array-reshape -instcombine -simplifycfg -dce -ptrArgReplace -deadargelim -mem2reg -instcombine -simplifycfg -dce -indvars -loop-simplify -loop-bound -xunroll -constprop -instcombine -simplifycfg -indvars -simplifycfg -dce -globaldce -basicaa -aggr-aa -aggrmodref-aa -aggr-aa -dse -duplicate-dataflow-processes -globaldce -instcombine -array-partition -prepare-dynamic-array-partition -instcombine -simplifycfg -dce -ptrArgReplace -global-constprop -deadargelim -mem2reg -func-legal -dce -global-constprop -deadargelim -mem2reg -simplifycfg -dce -merge-param -deadargelim -globalopt -constprop -dce -array-promote -scalar-auto-dep-elim -constprop -dce -ptrArgReplace -mem2reg -simplifycfg -dce -mem-intrinsic-preproc -dce -global-internalize -global-privatize -mem2reg -globaldce -promote-global-argument -ptrArgReplace -mem2reg -dce -globalopt -mergereturn -simplify-global-access -mem2reg -dce -pointer-simplify -dce -functionattrs -basicaa -aggr-aa -aggrmodref-aa -aggr-aa -gvn -gvn -basicaa -aggr-aa -aggrmodref-aa -aggr-aa -dse -adse -adce -dce -norm-name -basicaa -aggr-aa -aggrmodref-aa -aggr-aa -accesses-merge -function-inline -complex-op-raise -inst-simplify -globaldce -func-legal -dce -loop-bound -arraycheck -bitwidthmin2 -bitwidthmin2 -on-by-dataflow -loop-delete -instcombine -simplifycfg -globaldce -dce -gvn -deadargelim -dce -loop-simplify -clean-region -simplifycfg -propagate-stable-arguments -loop-stream -instcombine -simplifycfg -dce -globaldce -duplicate-dataflow-processes -stream-intrinsic-preproc -dce -check-ap-stream -loop-simplify -eliminate-keepreads -extract-dataflow-in-loop -loop-simplify -dce -gvn -deadargelim -dse -duplicate-dataflow-processes -check-dataflow-syntax -legalize-stream-variable -globaldce -legalize-global -extract-subproc -dce -dead-channel-elimination -canonicalize-gep -globaldce -dce -gvn -hls-dead-arg-elim -deadargelim -directive-preproc -canonicalize-dataflow -dce -globaldce -scalar-preprocessing -scalar-propagation2 -deadargelim -globaldce -mem2reg -check-dataflow-channels -function-stream -dce -globaldce -prop-fifo-spec -internal-stream-gen -canonicalize-gep -globaldce -dce -gvn -deadargelim -mergereturn -indvars -loop-simplify -instcombine -array-stream -array-seg-normalize -array-partition -func-legal -instcombine -simplifycfg -dce -bundle-memfifo-ops -deadargelim -directive-preproc -mem2reg -dse -dce -group-axi-access -licm -simplifycfg -dce -loop-delete -hls-display -norm-name C:/Users/CSDL_GUEST.DESKTOP-HHKUDFN/Desktop/06_LIG/23-02/HLS/2_GEMM/2_gemm_zcu104/solution1/.autopilot/db/a.o.1.bc -o C:/Users/CSDL_GUEST.DESKTOP-HHKUDFN/Desktop/06_LIG/23-02/HLS/2_GEMM/2_gemm_zcu104/solution1/.autopilot/db/a.o.1.tmp.bc -f 
Command         transform done; 0.198 sec.
INFO-FLOW: Presyn 2...
Execute         transform -hls -keep-callgraph -scalarrepl -mem2reg -port-alignment -attach-range -dce -pipe-mux-gen -indvars -loop-bound -inst-simplify -instcombine -dce -merge-array-access -mem2reg -dce -clean-region -mergereturn -if-conv -instcombine -dce -constprop -basicaa -aggr-aa -aggrmodref-aa -aggr-aa -gvn -gvn -basicaa -aggr-aa -aggrmodref-aa -aggr-aa -dse -adse -adce -scalarrepl -mem2reg -global-constprop -deadargelim -deadargelim -instcombine -dce -simplifycfg -ptrArgReplace -mem2reg -function-inline -globaldce -mem2reg -instcombine -dce -expr-balance -instcombine -dce -bitwidthmin2 -bitwidthmin2 -interface-preproc -directive-preproc -inst-rectify -instcombine -dce -functionattrs -constprop -instcombine -bit-constprop -simplify-global-access -globalopt -globaldce -inst-simplify -instcombine -elimdeaddata -dce -loop-delete -simplifycfg -loop-simplify -barrier -norm-name C:/Users/CSDL_GUEST.DESKTOP-HHKUDFN/Desktop/06_LIG/23-02/HLS/2_GEMM/2_gemm_zcu104/solution1/.autopilot/db/a.o.1.tmp.bc -o C:/Users/CSDL_GUEST.DESKTOP-HHKUDFN/Desktop/06_LIG/23-02/HLS/2_GEMM/2_gemm_zcu104/solution1/.autopilot/db/a.o.2.bc -f -phase presyn 
INFO: [XFORM 203-11] Balancing expressions in function 'mm' (gemm.cc:12:7)...56 expression(s) balanced.
INFO: [HLS 200-111] Finished Loop, function and other optimizations: CPU user time: 0 seconds. CPU system time: 0 seconds. Elapsed time: 0.279 seconds; current allocated memory: 137.363 MB.
INFO-FLOW: Building ssdm...
Execute         transform -hls -auto-function-inline -globaldce -ptrArgReplace -mem2reg -dce -reset-lda -loop-simplify -indvars -aggr-aa -licm -loop-dep -loop-bound -licm -loop-simplify -loop-sink-hoist -flattenloopnest -array-flatten -gvn -instcombine -dce -array-map -dce -func-legal -gvn -adce -instcombine -cfgopt -simplifycfg -loop-simplify -array-burst -promote-global-argument -dce -array-seg-normalize -basicaa -aggrmodref-aa -globalsmodref-aa -aggr-aa -gvn -gvn -basicaa -aggrmodref-aa -globalsmodref-aa -aggr-aa -dse -adse -adce -licm -inst-simplify -dce -globaldce -instcombine -array-stream -eliminate-keepreads -instcombine -dce -deadargelim -doublePtrSimplify -doublePtrElim -dce -doublePtrSimplify -promote-dbg-pointer -dce -scalarrepl -mem2reg -norm-name -mem2reg -instcombine -dse -adse -adce -ptrLegalization -dce -auto-rom-infer -array-flatten -dce -instcombine -check-doubleptr -loop-rot -constprop -cfgopt -simplifycfg -loop-simplify -indvars -pointer-simplify -dce -loop-bound -loop-simplify -loop-preproc -constprop -global-constprop -gvn -mem2reg -instcombine -dce -loop-bound -loop-merge -dce -deadargelim -dce -canonicalize-dataflow -dce -deadargelim -globaldce -mem2reg -bram-byte-enable -load-elim -read-loop-dep -loop-simplify -loop-extract-inner -directive-preproc -bitwidthmin2 -bitwidthmin2 -read-loop-dep -interface-preproc -directive-preproc -interface-gen -bram-byte-enable-spec-prop -deadargelim -inst-simplify -dce -gvn -mem2reg -instcombine -dce -adse -loop-bound -instcombine -cfgopt -simplifycfg -loop-simplify -clean-region -io-protocol -find-region -mem2reg -bitop-raise -complex-op-raise -inst-simplify -inst-rectify -instcombine -adce -deadargelim -float-op-raise -loop-simplify -phi-opt -bitop-raise -cfgopt -simplifycfg -strip-dead-prototypes -interface-lower -bitop-lower -intrinsic-lower -auto-function-inline -basicaa -aggrmodref-aa -globalsmodref-aa -aggr-aa -inst-simplify -simplifycfg -loop-simplify -mergereturn -inst-simplify -inst-rectify -dce -load-elim -bitop-lower -float-op-raise -fma-raise -loop-rewind -pointer-simplify -dce -cfgopt -dce -loop-bound -loop-dep -read-loop-dep -dce -dyn-mem-reuse -dce -recurrence-min -dce -share-scalar-alloca -deadargelim -dce -check-stream -norm-name -legalize -validate-dataflow -inst-clarity -bitwidth -dump-loop-dep-to-ir -check-all-ssdm -cdfg-build C:/Users/CSDL_GUEST.DESKTOP-HHKUDFN/Desktop/06_LIG/23-02/HLS/2_GEMM/2_gemm_zcu104/solution1/.autopilot/db/a.o.2.bc -o C:/Users/CSDL_GUEST.DESKTOP-HHKUDFN/Desktop/06_LIG/23-02/HLS/2_GEMM/2_gemm_zcu104/solution1/.autopilot/db/a.o.3.bc -f -phase build-ssdm 
Command         transform done; 0.145 sec.
INFO: [HLS 200-111] Finished Architecture Synthesis: CPU user time: 0 seconds. CPU system time: 0 seconds. Elapsed time: 0.152 seconds; current allocated memory: 137.375 MB.
INFO-FLOW: Finish building internal data model.
Command       opt_and_import_c done; 0.754 sec.
Command     elaborate done; 12.218 sec.
Execute     ap_eval exec zip -j C:/Users/CSDL_GUEST.DESKTOP-HHKUDFN/Desktop/06_LIG/23-02/HLS/2_GEMM/2_gemm_zcu104/solution1/.autopilot/db/dut.hcp $dbDir/a.o.3.bc $dbDir/${topname}.rtl_wrap.cfg.tcl $dbDir/apatb_${topname}.cpp $dbDir/apatb_${topname}_util.cpp $dbDir/apatb_${topname}_ir.ll $dbDir/mapper_${topname}.cpp $dbDir/top-io-fe.xml $dbDir/kernel.internal.xml $workdir/../hls.app 
Command     ap_eval done; 0.125 sec.
Execute     autosyn -from_csynth_design=1 
INFO: [HLS 200-10] Starting hardware synthesis ...
INFO-FLOW: Synthesizing C/C++ design ...
INFO: [HLS 200-10] Synthesizing 'mm' ...
Execute       ap_set_top_model mm 
Execute       get_model_list mm -filter all-wo-channel -topdown 
Execute       preproc_iomode -model mm 
Execute       get_model_list mm -filter all-wo-channel 
INFO-FLOW: Model list for configure: mm
INFO-FLOW: Configuring Module : mm ...
Execute       set_default_model mm 
Execute       apply_spec_resource_limit mm 
INFO-FLOW: Model list for preprocess: mm
INFO-FLOW: Preprocessing Module: mm ...
Execute       set_default_model mm 
Execute       cdfg_preprocess -model mm 
Execute       rtl_gen_preprocess mm 
INFO-FLOW: Model list for synthesis: mm
INFO: [HLS 200-10] ----------------------------------------------------------------
INFO: [HLS 200-42] -- Implementing module 'mm' 
INFO: [HLS 200-10] ----------------------------------------------------------------
Execute       set_default_model mm 
Execute       schedule -model mm 
INFO: [SCHED 204-11] Starting scheduling ...
INFO: [SCHED 204-61] Pipelining loop 'row'.
INFO: [HLS 200-1470] Pipelining result : Target II = 1, Final II = 1, Depth = 2, loop 'row'
INFO: [SCHED 204-11] Finished scheduling.
Command       schedule done; 0.643 sec.
INFO: [HLS 200-111] Finished Scheduling: CPU user time: 1 seconds. CPU system time: 0 seconds. Elapsed time: 0.876 seconds; current allocated memory: 139.340 MB.
Execute       syn_report -verbosereport -o C:/Users/CSDL_GUEST.DESKTOP-HHKUDFN/Desktop/06_LIG/23-02/HLS/2_GEMM/2_gemm_zcu104/solution1/.autopilot/db/mm.verbose.sched.rpt 
Execute         AP::get_flow_target_display_name
Command       syn_report done; 0.115 sec.
Execute       db_write -o C:/Users/CSDL_GUEST.DESKTOP-HHKUDFN/Desktop/06_LIG/23-02/HLS/2_GEMM/2_gemm_zcu104/solution1/.autopilot/db/mm.sched.adb -f 
INFO-FLOW: Finish scheduling mm.
Execute       set_default_model mm 
Execute       bind -model mm 
INFO: [BIND 205-100] Starting micro-architecture generation ...
INFO: [BIND 205-101] Performing variable lifetime analysis.
INFO: [BIND 205-101] Exploring resource sharing.
INFO: [BIND 205-101] Binding ...
INFO: [BIND 205-100] Finished micro-architecture generation.
Command       bind done; 0.159 sec.
INFO: [HLS 200-111] Finished Binding: CPU user time: 0 seconds. CPU system time: 0 seconds. Elapsed time: 0.32 seconds; current allocated memory: 140.641 MB.
Execute       syn_report -verbosereport -o C:/Users/CSDL_GUEST.DESKTOP-HHKUDFN/Desktop/06_LIG/23-02/HLS/2_GEMM/2_gemm_zcu104/solution1/.autopilot/db/mm.verbose.bind.rpt 
Execute         AP::get_flow_target_display_name
Command       syn_report done; 0.444 sec.
Execute       db_write -o C:/Users/CSDL_GUEST.DESKTOP-HHKUDFN/Desktop/06_LIG/23-02/HLS/2_GEMM/2_gemm_zcu104/solution1/.autopilot/db/mm.bind.adb -f 
INFO-FLOW: Finish binding mm.
Execute       get_model_list mm -filter all-wo-channel 
INFO-FLOW: Preprocessing for RTLGen ...
Execute       rtl_gen_preprocess mm 
INFO-FLOW: Model list for RTL generation: mm
INFO: [HLS 200-10] ----------------------------------------------------------------
INFO: [HLS 200-10] -- Generating RTL for module 'mm' 
INFO: [HLS 200-10] ----------------------------------------------------------------
Execute       create_rtl_model mm -top_prefix  -sub_prefix mm_ -mg_file C:/Users/CSDL_GUEST.DESKTOP-HHKUDFN/Desktop/06_LIG/23-02/HLS/2_GEMM/2_gemm_zcu104/solution1/.autopilot/db/mm.compgen.tcl 
INFO: [RTGEN 206-500] Setting interface mode on port 'mm/A_0' to 'ap_memory'.
INFO: [RTGEN 206-500] Setting interface mode on port 'mm/A_1' to 'ap_memory'.
INFO: [RTGEN 206-500] Setting interface mode on port 'mm/A_2' to 'ap_memory'.
INFO: [RTGEN 206-500] Setting interface mode on port 'mm/A_3' to 'ap_memory'.
INFO: [RTGEN 206-500] Setting interface mode on port 'mm/A_4' to 'ap_memory'.
INFO: [RTGEN 206-500] Setting interface mode on port 'mm/A_5' to 'ap_memory'.
INFO: [RTGEN 206-500] Setting interface mode on port 'mm/A_6' to 'ap_memory'.
INFO: [RTGEN 206-500] Setting interface mode on port 'mm/A_7' to 'ap_memory'.
INFO: [RTGEN 206-500] Setting interface mode on port 'mm/B_0_0' to 'ap_none'.
INFO: [RTGEN 206-500] Setting interface mode on port 'mm/B_0_1' to 'ap_none'.
INFO: [RTGEN 206-500] Setting interface mode on port 'mm/B_0_2' to 'ap_none'.
INFO: [RTGEN 206-500] Setting interface mode on port 'mm/B_0_3' to 'ap_none'.
INFO: [RTGEN 206-500] Setting interface mode on port 'mm/B_0_4' to 'ap_none'.
INFO: [RTGEN 206-500] Setting interface mode on port 'mm/B_0_5' to 'ap_none'.
INFO: [RTGEN 206-500] Setting interface mode on port 'mm/B_0_6' to 'ap_none'.
INFO: [RTGEN 206-500] Setting interface mode on port 'mm/B_0_7' to 'ap_none'.
INFO: [RTGEN 206-500] Setting interface mode on port 'mm/B_1_0' to 'ap_none'.
INFO: [RTGEN 206-500] Setting interface mode on port 'mm/B_1_1' to 'ap_none'.
INFO: [RTGEN 206-500] Setting interface mode on port 'mm/B_1_2' to 'ap_none'.
INFO: [RTGEN 206-500] Setting interface mode on port 'mm/B_1_3' to 'ap_none'.
INFO: [RTGEN 206-500] Setting interface mode on port 'mm/B_1_4' to 'ap_none'.
INFO: [RTGEN 206-500] Setting interface mode on port 'mm/B_1_5' to 'ap_none'.
INFO: [RTGEN 206-500] Setting interface mode on port 'mm/B_1_6' to 'ap_none'.
INFO: [RTGEN 206-500] Setting interface mode on port 'mm/B_1_7' to 'ap_none'.
INFO: [RTGEN 206-500] Setting interface mode on port 'mm/B_2_0' to 'ap_none'.
INFO: [RTGEN 206-500] Setting interface mode on port 'mm/B_2_1' to 'ap_none'.
INFO: [RTGEN 206-500] Setting interface mode on port 'mm/B_2_2' to 'ap_none'.
INFO: [RTGEN 206-500] Setting interface mode on port 'mm/B_2_3' to 'ap_none'.
INFO: [RTGEN 206-500] Setting interface mode on port 'mm/B_2_4' to 'ap_none'.
INFO: [RTGEN 206-500] Setting interface mode on port 'mm/B_2_5' to 'ap_none'.
INFO: [RTGEN 206-500] Setting interface mode on port 'mm/B_2_6' to 'ap_none'.
INFO: [RTGEN 206-500] Setting interface mode on port 'mm/B_2_7' to 'ap_none'.
INFO: [RTGEN 206-500] Setting interface mode on port 'mm/B_3_0' to 'ap_none'.
INFO: [RTGEN 206-500] Setting interface mode on port 'mm/B_3_1' to 'ap_none'.
INFO: [RTGEN 206-500] Setting interface mode on port 'mm/B_3_2' to 'ap_none'.
INFO: [RTGEN 206-500] Setting interface mode on port 'mm/B_3_3' to 'ap_none'.
INFO: [RTGEN 206-500] Setting interface mode on port 'mm/B_3_4' to 'ap_none'.
INFO: [RTGEN 206-500] Setting interface mode on port 'mm/B_3_5' to 'ap_none'.
INFO: [RTGEN 206-500] Setting interface mode on port 'mm/B_3_6' to 'ap_none'.
INFO: [RTGEN 206-500] Setting interface mode on port 'mm/B_3_7' to 'ap_none'.
INFO: [RTGEN 206-500] Setting interface mode on port 'mm/B_4_0' to 'ap_none'.
INFO: [RTGEN 206-500] Setting interface mode on port 'mm/B_4_1' to 'ap_none'.
INFO: [RTGEN 206-500] Setting interface mode on port 'mm/B_4_2' to 'ap_none'.
INFO: [RTGEN 206-500] Setting interface mode on port 'mm/B_4_3' to 'ap_none'.
INFO: [RTGEN 206-500] Setting interface mode on port 'mm/B_4_4' to 'ap_none'.
INFO: [RTGEN 206-500] Setting interface mode on port 'mm/B_4_5' to 'ap_none'.
INFO: [RTGEN 206-500] Setting interface mode on port 'mm/B_4_6' to 'ap_none'.
INFO: [RTGEN 206-500] Setting interface mode on port 'mm/B_4_7' to 'ap_none'.
INFO: [RTGEN 206-500] Setting interface mode on port 'mm/B_5_0' to 'ap_none'.
INFO: [RTGEN 206-500] Setting interface mode on port 'mm/B_5_1' to 'ap_none'.
INFO: [RTGEN 206-500] Setting interface mode on port 'mm/B_5_2' to 'ap_none'.
INFO: [RTGEN 206-500] Setting interface mode on port 'mm/B_5_3' to 'ap_none'.
INFO: [RTGEN 206-500] Setting interface mode on port 'mm/B_5_4' to 'ap_none'.
INFO: [RTGEN 206-500] Setting interface mode on port 'mm/B_5_5' to 'ap_none'.
INFO: [RTGEN 206-500] Setting interface mode on port 'mm/B_5_6' to 'ap_none'.
INFO: [RTGEN 206-500] Setting interface mode on port 'mm/B_5_7' to 'ap_none'.
INFO: [RTGEN 206-500] Setting interface mode on port 'mm/B_6_0' to 'ap_none'.
INFO: [RTGEN 206-500] Setting interface mode on port 'mm/B_6_1' to 'ap_none'.
INFO: [RTGEN 206-500] Setting interface mode on port 'mm/B_6_2' to 'ap_none'.
INFO: [RTGEN 206-500] Setting interface mode on port 'mm/B_6_3' to 'ap_none'.
INFO: [RTGEN 206-500] Setting interface mode on port 'mm/B_6_4' to 'ap_none'.
INFO: [RTGEN 206-500] Setting interface mode on port 'mm/B_6_5' to 'ap_none'.
INFO: [RTGEN 206-500] Setting interface mode on port 'mm/B_6_6' to 'ap_none'.
INFO: [RTGEN 206-500] Setting interface mode on port 'mm/B_6_7' to 'ap_none'.
INFO: [RTGEN 206-500] Setting interface mode on port 'mm/B_7_0' to 'ap_none'.
INFO: [RTGEN 206-500] Setting interface mode on port 'mm/B_7_1' to 'ap_none'.
INFO: [RTGEN 206-500] Setting interface mode on port 'mm/B_7_2' to 'ap_none'.
INFO: [RTGEN 206-500] Setting interface mode on port 'mm/B_7_3' to 'ap_none'.
INFO: [RTGEN 206-500] Setting interface mode on port 'mm/B_7_4' to 'ap_none'.
INFO: [RTGEN 206-500] Setting interface mode on port 'mm/B_7_5' to 'ap_none'.
INFO: [RTGEN 206-500] Setting interface mode on port 'mm/B_7_6' to 'ap_none'.
INFO: [RTGEN 206-500] Setting interface mode on port 'mm/B_7_7' to 'ap_none'.
INFO: [RTGEN 206-500] Setting interface mode on port 'mm/AB_0' to 'ap_memory'.
INFO: [RTGEN 206-500] Setting interface mode on port 'mm/AB_1' to 'ap_memory'.
INFO: [RTGEN 206-500] Setting interface mode on port 'mm/AB_2' to 'ap_memory'.
INFO: [RTGEN 206-500] Setting interface mode on port 'mm/AB_3' to 'ap_memory'.
INFO: [RTGEN 206-500] Setting interface mode on port 'mm/AB_4' to 'ap_memory'.
INFO: [RTGEN 206-500] Setting interface mode on port 'mm/AB_5' to 'ap_memory'.
INFO: [RTGEN 206-500] Setting interface mode on port 'mm/AB_6' to 'ap_memory'.
INFO: [RTGEN 206-500] Setting interface mode on port 'mm/AB_7' to 'ap_memory'.
INFO: [RTGEN 206-500] Setting interface mode on function 'mm' to 'ap_ctrl_hs'.
INFO: [HLS 200-1030] Apply Unified Pipeline Control on module 'mm' pipeline 'row' pipeline type 'loop pipeline'
INFO: [RTGEN 206-100] Generating core module 'mul_32s_32s_32_1_1': 64 instance(s).
INFO: [RTGEN 206-100] Finished creating RTL model for 'mm'.
Command       create_rtl_model done; 1.299 sec.
INFO: [HLS 200-111] Finished Creating RTL model: CPU user time: 1 seconds. CPU system time: 1 seconds. Elapsed time: 1.835 seconds; current allocated memory: 145.324 MB.
Execute       source C:/Users/CSDL_GUEST.DESKTOP-HHKUDFN/Desktop/06_LIG/23-02/HLS/2_GEMM/2_gemm_zcu104/solution1/.autopilot/db/mm.rtl_wrap.cfg.tcl 
Execute       gen_rtl mm -istop -style xilinx -f -lang vhdl -o C:/Users/CSDL_GUEST.DESKTOP-HHKUDFN/Desktop/06_LIG/23-02/HLS/2_GEMM/2_gemm_zcu104/solution1/syn/vhdl/mm 
Command       gen_rtl done; 0.246 sec.
Execute       gen_rtl mm -istop -style xilinx -f -lang vlog -o C:/Users/CSDL_GUEST.DESKTOP-HHKUDFN/Desktop/06_LIG/23-02/HLS/2_GEMM/2_gemm_zcu104/solution1/syn/verilog/mm 
Command       gen_rtl done; 0.123 sec.
Execute       syn_report -csynth -model mm -o C:/Users/CSDL_GUEST.DESKTOP-HHKUDFN/Desktop/06_LIG/23-02/HLS/2_GEMM/2_gemm_zcu104/solution1/syn/report/mm_csynth.rpt 
Execute         AP::get_flow_target_display_name
Command       syn_report done; 0.157 sec.
Execute       syn_report -rtlxml -model mm -o C:/Users/CSDL_GUEST.DESKTOP-HHKUDFN/Desktop/06_LIG/23-02/HLS/2_GEMM/2_gemm_zcu104/solution1/syn/report/mm_csynth.xml 
Command       syn_report done; 0.225 sec.
Execute       syn_report -verbosereport -model mm -o C:/Users/CSDL_GUEST.DESKTOP-HHKUDFN/Desktop/06_LIG/23-02/HLS/2_GEMM/2_gemm_zcu104/solution1/.autopilot/db/mm.verbose.rpt 
Execute         AP::get_flow_target_display_name
Command       syn_report done; 0.586 sec.
Execute       db_write -model mm -f -o C:/Users/CSDL_GUEST.DESKTOP-HHKUDFN/Desktop/06_LIG/23-02/HLS/2_GEMM/2_gemm_zcu104/solution1/.autopilot/db/mm.adb 
Command       db_write done; 0.176 sec.
Execute       db_write -model mm -bindview -o C:/Users/CSDL_GUEST.DESKTOP-HHKUDFN/Desktop/06_LIG/23-02/HLS/2_GEMM/2_gemm_zcu104/solution1/.autopilot/db/design.bindinfo.xml 
Command       db_write done; 0.117 sec.
Execute       gen_tb_info mm -p C:/Users/CSDL_GUEST.DESKTOP-HHKUDFN/Desktop/06_LIG/23-02/HLS/2_GEMM/2_gemm_zcu104/solution1/.autopilot/db -o C:/Users/CSDL_GUEST.DESKTOP-HHKUDFN/Desktop/06_LIG/23-02/HLS/2_GEMM/2_gemm_zcu104/solution1/.autopilot/db/mm 
Execute       export_constraint_db -f -tool general -o C:/Users/CSDL_GUEST.DESKTOP-HHKUDFN/Desktop/06_LIG/23-02/HLS/2_GEMM/2_gemm_zcu104/solution1/.autopilot/db/mm.constraint.tcl 
Execute       syn_report -designview -model mm -o C:/Users/CSDL_GUEST.DESKTOP-HHKUDFN/Desktop/06_LIG/23-02/HLS/2_GEMM/2_gemm_zcu104/solution1/.autopilot/db/mm.design.xml 
Command       syn_report done; 0.232 sec.
Execute       syn_report -csynthDesign -model mm -o C:/Users/CSDL_GUEST.DESKTOP-HHKUDFN/Desktop/06_LIG/23-02/HLS/2_GEMM/2_gemm_zcu104/solution1/syn/report/csynth.rpt 
Execute         AP::get_flow_target_display_name
Execute       syn_report -wcfg -model mm -o C:/Users/CSDL_GUEST.DESKTOP-HHKUDFN/Desktop/06_LIG/23-02/HLS/2_GEMM/2_gemm_zcu104/solution1/.autopilot/db/mm_dataflow_ana.wcfg 
Execute       syn_report -protoinst -model mm -o C:/Users/CSDL_GUEST.DESKTOP-HHKUDFN/Desktop/06_LIG/23-02/HLS/2_GEMM/2_gemm_zcu104/solution1/.autopilot/db/mm.protoinst 
Execute       sc_get_clocks mm 
Execute       sc_get_portdomain mm 
INFO-FLOW: Model list for RTL component generation: mm
INFO-FLOW: Handling components in module [mm] ... 
Execute       source C:/Users/CSDL_GUEST.DESKTOP-HHKUDFN/Desktop/06_LIG/23-02/HLS/2_GEMM/2_gemm_zcu104/solution1/.autopilot/db/mm.compgen.tcl 
INFO-FLOW: Found component mm_mul_32s_32s_32_1_1.
INFO-FLOW: Append model mm_mul_32s_32s_32_1_1
INFO-FLOW: Found component mm_flow_control_loop_pipe.
INFO-FLOW: Append model mm_flow_control_loop_pipe
INFO-FLOW: Append model mm
INFO-FLOW: Generating RTL model list ...
INFO-FLOW: All models in this session: mm_mul_32s_32s_32_1_1 mm_flow_control_loop_pipe mm
INFO-FLOW: Generating C:/Users/CSDL_GUEST.DESKTOP-HHKUDFN/Desktop/06_LIG/23-02/HLS/2_GEMM/2_gemm_zcu104/solution1/.autopilot/db/autopilot.rtl.models.txt file...
INFO-FLOW: To file: write model mm_mul_32s_32s_32_1_1
INFO-FLOW: To file: write model mm_flow_control_loop_pipe
INFO-FLOW: To file: write model mm
INFO-FLOW: Generating C:/Users/CSDL_GUEST.DESKTOP-HHKUDFN/Desktop/06_LIG/23-02/HLS/2_GEMM/2_gemm_zcu104/solution1/.autopilot/db/autopilot.rtl.models.tcl file...
INFO-FLOW: Finished generating RTL model list.


INFO-FLOW: RTL Generation done.
INFO-FLOW: CAS Generation done.
INFO-FLOW: CBC Generation done.
INFO-FLOW: DBG:PROC: ::AESL_AUTOMG::auto_generate_csynth_design
INFO-FLOW: DBG:PUTS: read_platform_lib C:/Users/CSDL_GUEST.DESKTOP-HHKUDFN/Desktop/06_LIG/23-02/HLS/2_GEMM/2_gemm_zcu104/solution1/.autopilot/db/global.setting.tcl
Execute       source C:/Xilinx/Vitis_HLS/2022.2/common/technology/generic/autopilot/common.gen 
Execute         source C:/Xilinx/Vitis_HLS/2022.2/common/technology/generic/autopilot/APCoreGen.gen 
Execute       source C:/Xilinx/Vitis_HLS/2022.2/common/technology/generic/autopilot/op.gen 
Execute       source C:/Xilinx/Vitis_HLS/2022.2/common/technology/generic/autopilot/op_simcore.gen 
Execute       source C:/Xilinx/Vitis_HLS/2022.2/common/technology/generic/autopilot/interface.gen 
Execute       source C:/Users/CSDL_GUEST.DESKTOP-HHKUDFN/Desktop/06_LIG/23-02/HLS/2_GEMM/2_gemm_zcu104/solution1/.autopilot/db/global.setting.tcl 
Execute       source C:/Xilinx/Vitis_HLS/2022.2/common/technology/xilinx/common/xilinx.gen 
Execute         source C:/Xilinx/Vitis_HLS/2022.2/common/technology/xilinx/interface/plb46.gen 
Execute         source C:/Xilinx/Vitis_HLS/2022.2/common/technology/xilinx/interface/axi4.gen 
Execute         source C:/Xilinx/Vitis_HLS/2022.2/common/technology/xilinx/interface/nativeAXI4.gen 
Execute           source C:/Xilinx/Vitis_HLS/2022.2/common/technology/xilinx/interface/saxilite.gen 
Execute         source C:/Xilinx/Vitis_HLS/2022.2/common/technology/xilinx/scripts/xilinxcoregen.gen 
Execute         source C:/Xilinx/Vitis_HLS/2022.2/common/technology/xilinx/interface/XilEDKCoreGen.gen 
Execute         source C:/Xilinx/Vitis_HLS/2022.2/common/technology/xilinx/ip/dds_compiler.gen 
Execute         source C:/Xilinx/Vitis_HLS/2022.2/common/technology/xilinx/ip/util.gen 
Execute         source C:/Xilinx/Vitis_HLS/2022.2/common/technology/xilinx/ip/xfft.gen 
Execute         source C:/Xilinx/Vitis_HLS/2022.2/common/technology/xilinx/ip/xfir.gen 
Execute         source C:/Xilinx/Vitis_HLS/2022.2/common/technology/xilinx/DSP48/dsp48.gen 
Command       ap_source done; 0.121 sec.
INFO-FLOW: DBG:PUTS:   using AESL_AUTOCG::g_clock_period=10.000 (was NA)
INFO-FLOW: DBG:PROC: ::AESL_AUTOMG::generate_ip_cores gen_sim_model='1' gen_fp_models='0' gen_for_export='0' dstSCDir='' dstVhdlDir='C:/Users/CSDL_GUEST.DESKTOP-HHKUDFN/Desktop/06_LIG/23-02/HLS/2_GEMM/2_gemm_zcu104/solution1/.autopilot/db/vhdl' dstVlogDir='C:/Users/CSDL_GUEST.DESKTOP-HHKUDFN/Desktop/06_LIG/23-02/HLS/2_GEMM/2_gemm_zcu104/solution1/.autopilot/db/vlog' tclDir='C:/Users/CSDL_GUEST.DESKTOP-HHKUDFN/Desktop/06_LIG/23-02/HLS/2_GEMM/2_gemm_zcu104/solution1/.autopilot/db' modelList='mm_mul_32s_32s_32_1_1
mm_flow_control_loop_pipe
mm
' expOnly='0'
Execute       source C:/Users/CSDL_GUEST.DESKTOP-HHKUDFN/Desktop/06_LIG/23-02/HLS/2_GEMM/2_gemm_zcu104/solution1/.autopilot/db/global.setting.tcl 
Execute       ap_part_info -name xczu7ev-ffvc1156-2-e -data names -quiet 
Execute       ap_part_info -name xczu7ev-ffvc1156-2-e -data info -quiet 
Execute       source C:/Users/CSDL_GUEST.DESKTOP-HHKUDFN/Desktop/06_LIG/23-02/HLS/2_GEMM/2_gemm_zcu104/solution1/.autopilot/db/global.setting.tcl 
Execute       source C:/Users/CSDL_GUEST.DESKTOP-HHKUDFN/Desktop/06_LIG/23-02/HLS/2_GEMM/2_gemm_zcu104/solution1/.autopilot/db/global.setting.tcl 
Execute       source C:/Users/CSDL_GUEST.DESKTOP-HHKUDFN/Desktop/06_LIG/23-02/HLS/2_GEMM/2_gemm_zcu104/solution1/.autopilot/db/mm.compgen.tcl 
INFO: [HLS 200-111] Finished Generating all RTL models: CPU user time: 2 seconds. CPU system time: 0 seconds. Elapsed time: 2.885 seconds; current allocated memory: 153.633 MB.
INFO-FLOW: DBG:PROC: ::HLSREPORTS::create_csynth_xml bind_info_var='bind_info' RtlSubPrefix='mm_' outfile=''
INFO-FLOW: Running: create_csynth_xml read xml data
INFO-FLOW: Done: create_csynth_xml read xml data time: 0 seconds per iteration
INFO-FLOW: Running: create_csynth_xml bind info
INFO-FLOW: Done: create_csynth_xml bind info time: 0 seconds per iteration
INFO-FLOW: Running: create_csynth_xml config info
INFO-FLOW: Done: create_csynth_xml config info time: 0.4 seconds per iteration
INFO-FLOW: Running: create_csynth_xml write xml
INFO-FLOW: Done: create_csynth_xml write xml time: 0 seconds per iteration
INFO-FLOW: DBG:PUTS:      create_csynth_xml wrote csynth_xml=C:/Users/CSDL_GUEST.DESKTOP-HHKUDFN/Desktop/06_LIG/23-02/HLS/2_GEMM/2_gemm_zcu104/solution1/syn/report/csynth.xml
INFO-FLOW: DBG:PROC: ::AP::DESIGN_DATA::generate_json generate_bd_files='0' generate_xo_files='0' modelList='mm_mul_32s_32s_32_1_1
mm_flow_control_loop_pipe
mm
' rtl_lang='both' bootstrap_tcl='false' outdir='' outfilename=''
Execute       source C:/Users/CSDL_GUEST.DESKTOP-HHKUDFN/Desktop/06_LIG/23-02/HLS/2_GEMM/2_gemm_zcu104/solution1/.autopilot/db/global.setting.tcl 
Execute       source C:/Users/CSDL_GUEST.DESKTOP-HHKUDFN/Desktop/06_LIG/23-02/HLS/2_GEMM/2_gemm_zcu104/solution1/.autopilot/db/global.setting.tcl 
Execute       source C:/Users/CSDL_GUEST.DESKTOP-HHKUDFN/Desktop/06_LIG/23-02/HLS/2_GEMM/2_gemm_zcu104/solution1/.autopilot/db/top-io-be.tcl 
Execute       source C:/Users/CSDL_GUEST.DESKTOP-HHKUDFN/Desktop/06_LIG/23-02/HLS/2_GEMM/2_gemm_zcu104/solution1/.autopilot/db/mm.tbgen.tcl 
Execute       source C:/Users/CSDL_GUEST.DESKTOP-HHKUDFN/Desktop/06_LIG/23-02/HLS/2_GEMM/2_gemm_zcu104/solution1/.autopilot/db/mm.rtl_wrap.cfg.tcl 
Execute       source C:/Users/CSDL_GUEST.DESKTOP-HHKUDFN/Desktop/06_LIG/23-02/HLS/2_GEMM/2_gemm_zcu104/solution1/.autopilot/db/mm.compgen.dataonly.tcl 
Execute       source C:/Users/CSDL_GUEST.DESKTOP-HHKUDFN/Desktop/06_LIG/23-02/HLS/2_GEMM/2_gemm_zcu104/solution1/.autopilot/db/mm.tbgen.tcl 
Execute       source C:/Users/CSDL_GUEST.DESKTOP-HHKUDFN/Desktop/06_LIG/23-02/HLS/2_GEMM/2_gemm_zcu104/solution1/.autopilot/db/global.setting.tcl 
Execute       ap_part_info -name xczu7ev-ffvc1156-2-e -data names -quiet 
Execute       ap_part_info -name xczu7ev-ffvc1156-2-e -data info -quiet 
Execute       source C:/Users/CSDL_GUEST.DESKTOP-HHKUDFN/Desktop/06_LIG/23-02/HLS/2_GEMM/2_gemm_zcu104/solution1/.autopilot/db/mm.constraint.tcl 
Execute       sc_get_clocks mm 
Execute       source C:/Users/CSDL_GUEST.DESKTOP-HHKUDFN/Desktop/06_LIG/23-02/HLS/2_GEMM/2_gemm_zcu104/solution1/.autopilot/db/global.setting.tcl 
INFO-FLOW: DBG:PROC: ::HLSREPORTS::add_csynth_report_sections bind_info_dict='adapter_nodes {} report_dict {TOPINST mm MODULE2INSTS {mm mm} INST2MODULE {mm mm} INSTDATA {mm {DEPTH 1 CHILDREN {}}} MODULEDATA {mm {BINDINFO {{BINDTYPE op ID {} IMPL fabric LATENCY 0 OPTYPE add PRAGMA {} RTLNAME add_ln16_fu_810_p2 SOURCE gemm.cc:16 VARIABLE add_ln16 LOOP row BUNDLEDNAME {} DSP 0 BRAM 0 URAM 0 DISPNAME {bind_op add}} {BINDTYPE op ID {} IMPL auto LATENCY 0 OPTYPE mul PRAGMA {} RTLNAME mul_32s_32s_32_1_1_U1 SOURCE gemm.cc:21 VARIABLE ABij LOOP row BUNDLEDNAME {} DSP 3 BRAM 0 URAM 0 DISPNAME {bind_op mul}} {BINDTYPE op ID {} IMPL auto LATENCY 0 OPTYPE mul PRAGMA {} RTLNAME mul_32s_32s_32_1_1_U2 SOURCE gemm.cc:21 VARIABLE mul_ln21 LOOP row BUNDLEDNAME {} DSP 3 BRAM 0 URAM 0 DISPNAME {bind_op mul}} {BINDTYPE op ID {} IMPL auto LATENCY 0 OPTYPE mul PRAGMA {} RTLNAME mul_32s_32s_32_1_1_U3 SOURCE gemm.cc:21 VARIABLE mul_ln21_1 LOOP row BUNDLEDNAME {} DSP 3 BRAM 0 URAM 0 DISPNAME {bind_op mul}} {BINDTYPE op ID {} IMPL auto LATENCY 0 OPTYPE mul PRAGMA {} RTLNAME mul_32s_32s_32_1_1_U4 SOURCE gemm.cc:21 VARIABLE mul_ln21_2 LOOP row BUNDLEDNAME {} DSP 3 BRAM 0 URAM 0 DISPNAME {bind_op mul}} {BINDTYPE op ID {} IMPL auto LATENCY 0 OPTYPE mul PRAGMA {} RTLNAME mul_32s_32s_32_1_1_U5 SOURCE gemm.cc:21 VARIABLE mul_ln21_3 LOOP row BUNDLEDNAME {} DSP 3 BRAM 0 URAM 0 DISPNAME {bind_op mul}} {BINDTYPE op ID {} IMPL auto LATENCY 0 OPTYPE mul PRAGMA {} RTLNAME mul_32s_32s_32_1_1_U6 SOURCE gemm.cc:21 VARIABLE mul_ln21_4 LOOP row BUNDLEDNAME {} DSP 3 BRAM 0 URAM 0 DISPNAME {bind_op mul}} {BINDTYPE op ID {} IMPL auto LATENCY 0 OPTYPE mul PRAGMA {} RTLNAME mul_32s_32s_32_1_1_U7 SOURCE gemm.cc:21 VARIABLE mul_ln21_5 LOOP row BUNDLEDNAME {} DSP 3 BRAM 0 URAM 0 DISPNAME {bind_op mul}} {BINDTYPE op ID {} IMPL auto LATENCY 0 OPTYPE mul PRAGMA {} RTLNAME mul_32s_32s_32_1_1_U8 SOURCE gemm.cc:21 VARIABLE mul_ln21_6 LOOP row BUNDLEDNAME {} DSP 3 BRAM 0 URAM 0 DISPNAME {bind_op mul}} {BINDTYPE op ID {} IMPL fabric LATENCY 0 OPTYPE add PRAGMA {} RTLNAME add_ln21_fu_873_p2 SOURCE gemm.cc:21 VARIABLE add_ln21 LOOP row BUNDLEDNAME {} DSP 0 BRAM 0 URAM 0 DISPNAME {bind_op add}} {BINDTYPE op ID {} IMPL fabric LATENCY 0 OPTYPE add PRAGMA {} RTLNAME add_ln21_1_fu_879_p2 SOURCE gemm.cc:21 VARIABLE add_ln21_1 LOOP row BUNDLEDNAME {} DSP 0 BRAM 0 URAM 0 DISPNAME {bind_op add}} {BINDTYPE op ID {} IMPL fabric LATENCY 0 OPTYPE add PRAGMA {} RTLNAME add_ln21_4_fu_897_p2 SOURCE gemm.cc:21 VARIABLE add_ln21_4 LOOP row BUNDLEDNAME {} DSP 0 BRAM 0 URAM 0 DISPNAME {bind_op add}} {BINDTYPE op ID {} IMPL auto LATENCY 0 OPTYPE mul PRAGMA {} RTLNAME mul_32s_32s_32_1_1_U9 SOURCE gemm.cc:21 VARIABLE ABij_2 LOOP row BUNDLEDNAME {} DSP 3 BRAM 0 URAM 0 DISPNAME {bind_op mul}} {BINDTYPE op ID {} IMPL auto LATENCY 0 OPTYPE mul PRAGMA {} RTLNAME mul_32s_32s_32_1_1_U10 SOURCE gemm.cc:21 VARIABLE mul_ln21_8 LOOP row BUNDLEDNAME {} DSP 3 BRAM 0 URAM 0 DISPNAME {bind_op mul}} {BINDTYPE op ID {} IMPL auto LATENCY 0 OPTYPE mul PRAGMA {} RTLNAME mul_32s_32s_32_1_1_U11 SOURCE gemm.cc:21 VARIABLE mul_ln21_9 LOOP row BUNDLEDNAME {} DSP 3 BRAM 0 URAM 0 DISPNAME {bind_op mul}} {BINDTYPE op ID {} IMPL auto LATENCY 0 OPTYPE mul PRAGMA {} RTLNAME mul_32s_32s_32_1_1_U12 SOURCE gemm.cc:21 VARIABLE mul_ln21_10 LOOP row BUNDLEDNAME {} DSP 3 BRAM 0 URAM 0 DISPNAME {bind_op mul}} {BINDTYPE op ID {} IMPL auto LATENCY 0 OPTYPE mul PRAGMA {} RTLNAME mul_32s_32s_32_1_1_U13 SOURCE gemm.cc:21 VARIABLE mul_ln21_11 LOOP row BUNDLEDNAME {} DSP 3 BRAM 0 URAM 0 DISPNAME {bind_op mul}} {BINDTYPE op ID {} IMPL auto LATENCY 0 OPTYPE mul PRAGMA {} RTLNAME mul_32s_32s_32_1_1_U14 SOURCE gemm.cc:21 VARIABLE mul_ln21_12 LOOP row BUNDLEDNAME {} DSP 3 BRAM 0 URAM 0 DISPNAME {bind_op mul}} {BINDTYPE op ID {} IMPL auto LATENCY 0 OPTYPE mul PRAGMA {} RTLNAME mul_32s_32s_32_1_1_U15 SOURCE gemm.cc:21 VARIABLE mul_ln21_13 LOOP row BUNDLEDNAME {} DSP 3 BRAM 0 URAM 0 DISPNAME {bind_op mul}} {BINDTYPE op ID {} IMPL auto LATENCY 0 OPTYPE mul PRAGMA {} RTLNAME mul_32s_32s_32_1_1_U16 SOURCE gemm.cc:21 VARIABLE mul_ln21_14 LOOP row BUNDLEDNAME {} DSP 3 BRAM 0 URAM 0 DISPNAME {bind_op mul}} {BINDTYPE op ID {} IMPL fabric LATENCY 0 OPTYPE add PRAGMA {} RTLNAME add_ln21_7_fu_956_p2 SOURCE gemm.cc:21 VARIABLE add_ln21_7 LOOP row BUNDLEDNAME {} DSP 0 BRAM 0 URAM 0 DISPNAME {bind_op add}} {BINDTYPE op ID {} IMPL fabric LATENCY 0 OPTYPE add PRAGMA {} RTLNAME add_ln21_8_fu_962_p2 SOURCE gemm.cc:21 VARIABLE add_ln21_8 LOOP row BUNDLEDNAME {} DSP 0 BRAM 0 URAM 0 DISPNAME {bind_op add}} {BINDTYPE op ID {} IMPL fabric LATENCY 0 OPTYPE add PRAGMA {} RTLNAME add_ln21_11_fu_980_p2 SOURCE gemm.cc:21 VARIABLE add_ln21_11 LOOP row BUNDLEDNAME {} DSP 0 BRAM 0 URAM 0 DISPNAME {bind_op add}} {BINDTYPE op ID {} IMPL auto LATENCY 0 OPTYPE mul PRAGMA {} RTLNAME mul_32s_32s_32_1_1_U17 SOURCE gemm.cc:21 VARIABLE ABij_4 LOOP row BUNDLEDNAME {} DSP 3 BRAM 0 URAM 0 DISPNAME {bind_op mul}} {BINDTYPE op ID {} IMPL auto LATENCY 0 OPTYPE mul PRAGMA {} RTLNAME mul_32s_32s_32_1_1_U18 SOURCE gemm.cc:21 VARIABLE mul_ln21_16 LOOP row BUNDLEDNAME {} DSP 3 BRAM 0 URAM 0 DISPNAME {bind_op mul}} {BINDTYPE op ID {} IMPL auto LATENCY 0 OPTYPE mul PRAGMA {} RTLNAME mul_32s_32s_32_1_1_U19 SOURCE gemm.cc:21 VARIABLE mul_ln21_17 LOOP row BUNDLEDNAME {} DSP 3 BRAM 0 URAM 0 DISPNAME {bind_op mul}} {BINDTYPE op ID {} IMPL auto LATENCY 0 OPTYPE mul PRAGMA {} RTLNAME mul_32s_32s_32_1_1_U20 SOURCE gemm.cc:21 VARIABLE mul_ln21_18 LOOP row BUNDLEDNAME {} DSP 3 BRAM 0 URAM 0 DISPNAME {bind_op mul}} {BINDTYPE op ID {} IMPL auto LATENCY 0 OPTYPE mul PRAGMA {} RTLNAME mul_32s_32s_32_1_1_U21 SOURCE gemm.cc:21 VARIABLE mul_ln21_19 LOOP row BUNDLEDNAME {} DSP 3 BRAM 0 URAM 0 DISPNAME {bind_op mul}} {BINDTYPE op ID {} IMPL auto LATENCY 0 OPTYPE mul PRAGMA {} RTLNAME mul_32s_32s_32_1_1_U22 SOURCE gemm.cc:21 VARIABLE mul_ln21_20 LOOP row BUNDLEDNAME {} DSP 3 BRAM 0 URAM 0 DISPNAME {bind_op mul}} {BINDTYPE op ID {} IMPL auto LATENCY 0 OPTYPE mul PRAGMA {} RTLNAME mul_32s_32s_32_1_1_U23 SOURCE gemm.cc:21 VARIABLE mul_ln21_21 LOOP row BUNDLEDNAME {} DSP 3 BRAM 0 URAM 0 DISPNAME {bind_op mul}} {BINDTYPE op ID {} IMPL auto LATENCY 0 OPTYPE mul PRAGMA {} RTLNAME mul_32s_32s_32_1_1_U24 SOURCE gemm.cc:21 VARIABLE mul_ln21_22 LOOP row BUNDLEDNAME {} DSP 3 BRAM 0 URAM 0 DISPNAME {bind_op mul}} {BINDTYPE op ID {} IMPL fabric LATENCY 0 OPTYPE add PRAGMA {} RTLNAME add_ln21_14_fu_1039_p2 SOURCE gemm.cc:21 VARIABLE add_ln21_14 LOOP row BUNDLEDNAME {} DSP 0 BRAM 0 URAM 0 DISPNAME {bind_op add}} {BINDTYPE op ID {} IMPL fabric LATENCY 0 OPTYPE add PRAGMA {} RTLNAME add_ln21_15_fu_1045_p2 SOURCE gemm.cc:21 VARIABLE add_ln21_15 LOOP row BUNDLEDNAME {} DSP 0 BRAM 0 URAM 0 DISPNAME {bind_op add}} {BINDTYPE op ID {} IMPL fabric LATENCY 0 OPTYPE add PRAGMA {} RTLNAME add_ln21_18_fu_1063_p2 SOURCE gemm.cc:21 VARIABLE add_ln21_18 LOOP row BUNDLEDNAME {} DSP 0 BRAM 0 URAM 0 DISPNAME {bind_op add}} {BINDTYPE op ID {} IMPL auto LATENCY 0 OPTYPE mul PRAGMA {} RTLNAME mul_32s_32s_32_1_1_U25 SOURCE gemm.cc:21 VARIABLE ABij_6 LOOP row BUNDLEDNAME {} DSP 3 BRAM 0 URAM 0 DISPNAME {bind_op mul}} {BINDTYPE op ID {} IMPL auto LATENCY 0 OPTYPE mul PRAGMA {} RTLNAME mul_32s_32s_32_1_1_U26 SOURCE gemm.cc:21 VARIABLE mul_ln21_24 LOOP row BUNDLEDNAME {} DSP 3 BRAM 0 URAM 0 DISPNAME {bind_op mul}} {BINDTYPE op ID {} IMPL auto LATENCY 0 OPTYPE mul PRAGMA {} RTLNAME mul_32s_32s_32_1_1_U27 SOURCE gemm.cc:21 VARIABLE mul_ln21_25 LOOP row BUNDLEDNAME {} DSP 3 BRAM 0 URAM 0 DISPNAME {bind_op mul}} {BINDTYPE op ID {} IMPL auto LATENCY 0 OPTYPE mul PRAGMA {} RTLNAME mul_32s_32s_32_1_1_U28 SOURCE gemm.cc:21 VARIABLE mul_ln21_26 LOOP row BUNDLEDNAME {} DSP 3 BRAM 0 URAM 0 DISPNAME {bind_op mul}} {BINDTYPE op ID {} IMPL auto LATENCY 0 OPTYPE mul PRAGMA {} RTLNAME mul_32s_32s_32_1_1_U29 SOURCE gemm.cc:21 VARIABLE mul_ln21_27 LOOP row BUNDLEDNAME {} DSP 3 BRAM 0 URAM 0 DISPNAME {bind_op mul}} {BINDTYPE op ID {} IMPL auto LATENCY 0 OPTYPE mul PRAGMA {} RTLNAME mul_32s_32s_32_1_1_U30 SOURCE gemm.cc:21 VARIABLE mul_ln21_28 LOOP row BUNDLEDNAME {} DSP 3 BRAM 0 URAM 0 DISPNAME {bind_op mul}} {BINDTYPE op ID {} IMPL auto LATENCY 0 OPTYPE mul PRAGMA {} RTLNAME mul_32s_32s_32_1_1_U31 SOURCE gemm.cc:21 VARIABLE mul_ln21_29 LOOP row BUNDLEDNAME {} DSP 3 BRAM 0 URAM 0 DISPNAME {bind_op mul}} {BINDTYPE op ID {} IMPL auto LATENCY 0 OPTYPE mul PRAGMA {} RTLNAME mul_32s_32s_32_1_1_U32 SOURCE gemm.cc:21 VARIABLE mul_ln21_30 LOOP row BUNDLEDNAME {} DSP 3 BRAM 0 URAM 0 DISPNAME {bind_op mul}} {BINDTYPE op ID {} IMPL fabric LATENCY 0 OPTYPE add PRAGMA {} RTLNAME add_ln21_21_fu_1122_p2 SOURCE gemm.cc:21 VARIABLE add_ln21_21 LOOP row BUNDLEDNAME {} DSP 0 BRAM 0 URAM 0 DISPNAME {bind_op add}} {BINDTYPE op ID {} IMPL fabric LATENCY 0 OPTYPE add PRAGMA {} RTLNAME add_ln21_22_fu_1128_p2 SOURCE gemm.cc:21 VARIABLE add_ln21_22 LOOP row BUNDLEDNAME {} DSP 0 BRAM 0 URAM 0 DISPNAME {bind_op add}} {BINDTYPE op ID {} IMPL fabric LATENCY 0 OPTYPE add PRAGMA {} RTLNAME add_ln21_25_fu_1146_p2 SOURCE gemm.cc:21 VARIABLE add_ln21_25 LOOP row BUNDLEDNAME {} DSP 0 BRAM 0 URAM 0 DISPNAME {bind_op add}} {BINDTYPE op ID {} IMPL auto LATENCY 0 OPTYPE mul PRAGMA {} RTLNAME mul_32s_32s_32_1_1_U33 SOURCE gemm.cc:21 VARIABLE ABij_8 LOOP row BUNDLEDNAME {} DSP 3 BRAM 0 URAM 0 DISPNAME {bind_op mul}} {BINDTYPE op ID {} IMPL auto LATENCY 0 OPTYPE mul PRAGMA {} RTLNAME mul_32s_32s_32_1_1_U34 SOURCE gemm.cc:21 VARIABLE mul_ln21_32 LOOP row BUNDLEDNAME {} DSP 3 BRAM 0 URAM 0 DISPNAME {bind_op mul}} {BINDTYPE op ID {} IMPL auto LATENCY 0 OPTYPE mul PRAGMA {} RTLNAME mul_32s_32s_32_1_1_U35 SOURCE gemm.cc:21 VARIABLE mul_ln21_33 LOOP row BUNDLEDNAME {} DSP 3 BRAM 0 URAM 0 DISPNAME {bind_op mul}} {BINDTYPE op ID {} IMPL auto LATENCY 0 OPTYPE mul PRAGMA {} RTLNAME mul_32s_32s_32_1_1_U36 SOURCE gemm.cc:21 VARIABLE mul_ln21_34 LOOP row BUNDLEDNAME {} DSP 3 BRAM 0 URAM 0 DISPNAME {bind_op mul}} {BINDTYPE op ID {} IMPL auto LATENCY 0 OPTYPE mul PRAGMA {} RTLNAME mul_32s_32s_32_1_1_U37 SOURCE gemm.cc:21 VARIABLE mul_ln21_35 LOOP row BUNDLEDNAME {} DSP 3 BRAM 0 URAM 0 DISPNAME {bind_op mul}} {BINDTYPE op ID {} IMPL auto LATENCY 0 OPTYPE mul PRAGMA {} RTLNAME mul_32s_32s_32_1_1_U38 SOURCE gemm.cc:21 VARIABLE mul_ln21_36 LOOP row BUNDLEDNAME {} DSP 3 BRAM 0 URAM 0 DISPNAME {bind_op mul}} {BINDTYPE op ID {} IMPL auto LATENCY 0 OPTYPE mul PRAGMA {} RTLNAME mul_32s_32s_32_1_1_U39 SOURCE gemm.cc:21 VARIABLE mul_ln21_37 LOOP row BUNDLEDNAME {} DSP 3 BRAM 0 URAM 0 DISPNAME {bind_op mul}} {BINDTYPE op ID {} IMPL auto LATENCY 0 OPTYPE mul PRAGMA {} RTLNAME mul_32s_32s_32_1_1_U40 SOURCE gemm.cc:21 VARIABLE mul_ln21_38 LOOP row BUNDLEDNAME {} DSP 3 BRAM 0 URAM 0 DISPNAME {bind_op mul}} {BINDTYPE op ID {} IMPL fabric LATENCY 0 OPTYPE add PRAGMA {} RTLNAME add_ln21_28_fu_1205_p2 SOURCE gemm.cc:21 VARIABLE add_ln21_28 LOOP row BUNDLEDNAME {} DSP 0 BRAM 0 URAM 0 DISPNAME {bind_op add}} {BINDTYPE op ID {} IMPL fabric LATENCY 0 OPTYPE add PRAGMA {} RTLNAME add_ln21_29_fu_1211_p2 SOURCE gemm.cc:21 VARIABLE add_ln21_29 LOOP row BUNDLEDNAME {} DSP 0 BRAM 0 URAM 0 DISPNAME {bind_op add}} {BINDTYPE op ID {} IMPL fabric LATENCY 0 OPTYPE add PRAGMA {} RTLNAME add_ln21_32_fu_1229_p2 SOURCE gemm.cc:21 VARIABLE add_ln21_32 LOOP row BUNDLEDNAME {} DSP 0 BRAM 0 URAM 0 DISPNAME {bind_op add}} {BINDTYPE op ID {} IMPL auto LATENCY 0 OPTYPE mul PRAGMA {} RTLNAME mul_32s_32s_32_1_1_U41 SOURCE gemm.cc:21 VARIABLE ABij_10 LOOP row BUNDLEDNAME {} DSP 3 BRAM 0 URAM 0 DISPNAME {bind_op mul}} {BINDTYPE op ID {} IMPL auto LATENCY 0 OPTYPE mul PRAGMA {} RTLNAME mul_32s_32s_32_1_1_U42 SOURCE gemm.cc:21 VARIABLE mul_ln21_40 LOOP row BUNDLEDNAME {} DSP 3 BRAM 0 URAM 0 DISPNAME {bind_op mul}} {BINDTYPE op ID {} IMPL auto LATENCY 0 OPTYPE mul PRAGMA {} RTLNAME mul_32s_32s_32_1_1_U43 SOURCE gemm.cc:21 VARIABLE mul_ln21_41 LOOP row BUNDLEDNAME {} DSP 3 BRAM 0 URAM 0 DISPNAME {bind_op mul}} {BINDTYPE op ID {} IMPL auto LATENCY 0 OPTYPE mul PRAGMA {} RTLNAME mul_32s_32s_32_1_1_U44 SOURCE gemm.cc:21 VARIABLE mul_ln21_42 LOOP row BUNDLEDNAME {} DSP 3 BRAM 0 URAM 0 DISPNAME {bind_op mul}} {BINDTYPE op ID {} IMPL auto LATENCY 0 OPTYPE mul PRAGMA {} RTLNAME mul_32s_32s_32_1_1_U45 SOURCE gemm.cc:21 VARIABLE mul_ln21_43 LOOP row BUNDLEDNAME {} DSP 3 BRAM 0 URAM 0 DISPNAME {bind_op mul}} {BINDTYPE op ID {} IMPL auto LATENCY 0 OPTYPE mul PRAGMA {} RTLNAME mul_32s_32s_32_1_1_U46 SOURCE gemm.cc:21 VARIABLE mul_ln21_44 LOOP row BUNDLEDNAME {} DSP 3 BRAM 0 URAM 0 DISPNAME {bind_op mul}} {BINDTYPE op ID {} IMPL auto LATENCY 0 OPTYPE mul PRAGMA {} RTLNAME mul_32s_32s_32_1_1_U47 SOURCE gemm.cc:21 VARIABLE mul_ln21_45 LOOP row BUNDLEDNAME {} DSP 3 BRAM 0 URAM 0 DISPNAME {bind_op mul}} {BINDTYPE op ID {} IMPL auto LATENCY 0 OPTYPE mul PRAGMA {} RTLNAME mul_32s_32s_32_1_1_U48 SOURCE gemm.cc:21 VARIABLE mul_ln21_46 LOOP row BUNDLEDNAME {} DSP 3 BRAM 0 URAM 0 DISPNAME {bind_op mul}} {BINDTYPE op ID {} IMPL fabric LATENCY 0 OPTYPE add PRAGMA {} RTLNAME add_ln21_35_fu_1288_p2 SOURCE gemm.cc:21 VARIABLE add_ln21_35 LOOP row BUNDLEDNAME {} DSP 0 BRAM 0 URAM 0 DISPNAME {bind_op add}} {BINDTYPE op ID {} IMPL fabric LATENCY 0 OPTYPE add PRAGMA {} RTLNAME add_ln21_36_fu_1294_p2 SOURCE gemm.cc:21 VARIABLE add_ln21_36 LOOP row BUNDLEDNAME {} DSP 0 BRAM 0 URAM 0 DISPNAME {bind_op add}} {BINDTYPE op ID {} IMPL fabric LATENCY 0 OPTYPE add PRAGMA {} RTLNAME add_ln21_39_fu_1312_p2 SOURCE gemm.cc:21 VARIABLE add_ln21_39 LOOP row BUNDLEDNAME {} DSP 0 BRAM 0 URAM 0 DISPNAME {bind_op add}} {BINDTYPE op ID {} IMPL auto LATENCY 0 OPTYPE mul PRAGMA {} RTLNAME mul_32s_32s_32_1_1_U49 SOURCE gemm.cc:21 VARIABLE ABij_12 LOOP row BUNDLEDNAME {} DSP 3 BRAM 0 URAM 0 DISPNAME {bind_op mul}} {BINDTYPE op ID {} IMPL auto LATENCY 0 OPTYPE mul PRAGMA {} RTLNAME mul_32s_32s_32_1_1_U50 SOURCE gemm.cc:21 VARIABLE mul_ln21_48 LOOP row BUNDLEDNAME {} DSP 3 BRAM 0 URAM 0 DISPNAME {bind_op mul}} {BINDTYPE op ID {} IMPL auto LATENCY 0 OPTYPE mul PRAGMA {} RTLNAME mul_32s_32s_32_1_1_U51 SOURCE gemm.cc:21 VARIABLE mul_ln21_49 LOOP row BUNDLEDNAME {} DSP 3 BRAM 0 URAM 0 DISPNAME {bind_op mul}} {BINDTYPE op ID {} IMPL auto LATENCY 0 OPTYPE mul PRAGMA {} RTLNAME mul_32s_32s_32_1_1_U52 SOURCE gemm.cc:21 VARIABLE mul_ln21_50 LOOP row BUNDLEDNAME {} DSP 3 BRAM 0 URAM 0 DISPNAME {bind_op mul}} {BINDTYPE op ID {} IMPL auto LATENCY 0 OPTYPE mul PRAGMA {} RTLNAME mul_32s_32s_32_1_1_U53 SOURCE gemm.cc:21 VARIABLE mul_ln21_51 LOOP row BUNDLEDNAME {} DSP 3 BRAM 0 URAM 0 DISPNAME {bind_op mul}} {BINDTYPE op ID {} IMPL auto LATENCY 0 OPTYPE mul PRAGMA {} RTLNAME mul_32s_32s_32_1_1_U54 SOURCE gemm.cc:21 VARIABLE mul_ln21_52 LOOP row BUNDLEDNAME {} DSP 3 BRAM 0 URAM 0 DISPNAME {bind_op mul}} {BINDTYPE op ID {} IMPL auto LATENCY 0 OPTYPE mul PRAGMA {} RTLNAME mul_32s_32s_32_1_1_U55 SOURCE gemm.cc:21 VARIABLE mul_ln21_53 LOOP row BUNDLEDNAME {} DSP 3 BRAM 0 URAM 0 DISPNAME {bind_op mul}} {BINDTYPE op ID {} IMPL auto LATENCY 0 OPTYPE mul PRAGMA {} RTLNAME mul_32s_32s_32_1_1_U56 SOURCE gemm.cc:21 VARIABLE mul_ln21_54 LOOP row BUNDLEDNAME {} DSP 3 BRAM 0 URAM 0 DISPNAME {bind_op mul}} {BINDTYPE op ID {} IMPL fabric LATENCY 0 OPTYPE add PRAGMA {} RTLNAME add_ln21_42_fu_1371_p2 SOURCE gemm.cc:21 VARIABLE add_ln21_42 LOOP row BUNDLEDNAME {} DSP 0 BRAM 0 URAM 0 DISPNAME {bind_op add}} {BINDTYPE op ID {} IMPL fabric LATENCY 0 OPTYPE add PRAGMA {} RTLNAME add_ln21_43_fu_1377_p2 SOURCE gemm.cc:21 VARIABLE add_ln21_43 LOOP row BUNDLEDNAME {} DSP 0 BRAM 0 URAM 0 DISPNAME {bind_op add}} {BINDTYPE op ID {} IMPL fabric LATENCY 0 OPTYPE add PRAGMA {} RTLNAME add_ln21_46_fu_1395_p2 SOURCE gemm.cc:21 VARIABLE add_ln21_46 LOOP row BUNDLEDNAME {} DSP 0 BRAM 0 URAM 0 DISPNAME {bind_op add}} {BINDTYPE op ID {} IMPL auto LATENCY 0 OPTYPE mul PRAGMA {} RTLNAME mul_32s_32s_32_1_1_U57 SOURCE gemm.cc:21 VARIABLE ABij_14 LOOP row BUNDLEDNAME {} DSP 3 BRAM 0 URAM 0 DISPNAME {bind_op mul}} {BINDTYPE op ID {} IMPL auto LATENCY 0 OPTYPE mul PRAGMA {} RTLNAME mul_32s_32s_32_1_1_U58 SOURCE gemm.cc:21 VARIABLE mul_ln21_56 LOOP row BUNDLEDNAME {} DSP 3 BRAM 0 URAM 0 DISPNAME {bind_op mul}} {BINDTYPE op ID {} IMPL auto LATENCY 0 OPTYPE mul PRAGMA {} RTLNAME mul_32s_32s_32_1_1_U59 SOURCE gemm.cc:21 VARIABLE mul_ln21_57 LOOP row BUNDLEDNAME {} DSP 3 BRAM 0 URAM 0 DISPNAME {bind_op mul}} {BINDTYPE op ID {} IMPL auto LATENCY 0 OPTYPE mul PRAGMA {} RTLNAME mul_32s_32s_32_1_1_U60 SOURCE gemm.cc:21 VARIABLE mul_ln21_58 LOOP row BUNDLEDNAME {} DSP 3 BRAM 0 URAM 0 DISPNAME {bind_op mul}} {BINDTYPE op ID {} IMPL auto LATENCY 0 OPTYPE mul PRAGMA {} RTLNAME mul_32s_32s_32_1_1_U61 SOURCE gemm.cc:21 VARIABLE mul_ln21_59 LOOP row BUNDLEDNAME {} DSP 3 BRAM 0 URAM 0 DISPNAME {bind_op mul}} {BINDTYPE op ID {} IMPL auto LATENCY 0 OPTYPE mul PRAGMA {} RTLNAME mul_32s_32s_32_1_1_U62 SOURCE gemm.cc:21 VARIABLE mul_ln21_60 LOOP row BUNDLEDNAME {} DSP 3 BRAM 0 URAM 0 DISPNAME {bind_op mul}} {BINDTYPE op ID {} IMPL auto LATENCY 0 OPTYPE mul PRAGMA {} RTLNAME mul_32s_32s_32_1_1_U63 SOURCE gemm.cc:21 VARIABLE mul_ln21_61 LOOP row BUNDLEDNAME {} DSP 3 BRAM 0 URAM 0 DISPNAME {bind_op mul}} {BINDTYPE op ID {} IMPL auto LATENCY 0 OPTYPE mul PRAGMA {} RTLNAME mul_32s_32s_32_1_1_U64 SOURCE gemm.cc:21 VARIABLE mul_ln21_62 LOOP row BUNDLEDNAME {} DSP 3 BRAM 0 URAM 0 DISPNAME {bind_op mul}} {BINDTYPE op ID {} IMPL fabric LATENCY 0 OPTYPE add PRAGMA {} RTLNAME add_ln21_49_fu_1454_p2 SOURCE gemm.cc:21 VARIABLE add_ln21_49 LOOP row BUNDLEDNAME {} DSP 0 BRAM 0 URAM 0 DISPNAME {bind_op add}} {BINDTYPE op ID {} IMPL fabric LATENCY 0 OPTYPE add PRAGMA {} RTLNAME add_ln21_50_fu_1460_p2 SOURCE gemm.cc:21 VARIABLE add_ln21_50 LOOP row BUNDLEDNAME {} DSP 0 BRAM 0 URAM 0 DISPNAME {bind_op add}} {BINDTYPE op ID {} IMPL fabric LATENCY 0 OPTYPE add PRAGMA {} RTLNAME add_ln21_53_fu_1478_p2 SOURCE gemm.cc:21 VARIABLE add_ln21_53 LOOP row BUNDLEDNAME {} DSP 0 BRAM 0 URAM 0 DISPNAME {bind_op add}}} AREA {DSP 192 BRAM 0 URAM 0}}}}'
INFO-FLOW: DBG:PUTS:      update_csynth_reports json2rpt_hw_sw_interfaces
INFO-FLOW: Running: gen_csynth_sec_pragma
INFO-FLOW: Done: gen_csynth_sec_pragma time: 0 seconds per iteration
INFO-FLOW: DBG:PUTS:      update_csynth_reports wrote xml
INFO-FLOW: DBG:PUTS:      update_csynth_reports appended to csynth rpt file
INFO: [HLS 200-111] Finished Updating report files: CPU user time: 2 seconds. CPU system time: 1 seconds. Elapsed time: 2.192 seconds; current allocated memory: 161.598 MB.
INFO: [VHDL 208-304] Generating VHDL RTL for mm.
INFO: [VLOG 209-307] Generating Verilog RTL for mm.
Execute       syn_report -model mm -printsummary 
INFO: [HLS 200-790] **** Loop Constraint Status: All loop constraints were satisfied.
INFO: [HLS 200-789] **** Estimated Fmax: 137.89 MHz
Command     autosyn done; 8.06 sec.
Command   csynth_design done; 20.429 sec.
INFO: [HLS 200-111] Finished Command csynth_design CPU user time: 7 seconds. CPU system time: 2 seconds. Elapsed time: 20.429 seconds; current allocated memory: 55.797 MB.
Command ap_source done; 32.545 sec.
Execute cleanup_all 
