

================================================================
== Synthesis Summary Report of 'mm'
================================================================
+ General Information: 
    * Date:           Thu Nov 30 15:46:42 2023
    * Version:        2022.2 (Build 3670227 on Oct 13 2022)
    * Project:        1_gemm_zcu104
    * Solution:       solution1 (Vivado IP Flow Target)
    * Product family: zynquplus
    * Target device:  xczu7ev-ffvc1156-2-e
    

+ Performance & Resource Estimates: 
    
    PS: '+' for module; 'o' for loop; '*' for dataflow
    +------------+------+------+---------+-----------+----------+---------+------+----------+------+---------+-----------+-----------+-----+
    |   Modules  | Issue|      | Latency |  Latency  | Iteration|         | Trip |          |      |         |           |           |     |
    |   & Loops  | Type | Slack| (cycles)|    (ns)   |  Latency | Interval| Count| Pipelined| BRAM |   DSP   |     FF    |    LUT    | URAM|
    +------------+------+------+---------+-----------+----------+---------+------+----------+------+---------+-----------+-----------+-----+
    |+ mm        |     -|  0.17|      259|  2.590e+03|         -|      260|     -|        no|     -|  6 (~0%)|  217 (~0%)|  742 (~0%)|    -|
    | o row_col  |    II|  7.30|      257|  2.570e+03|         6|        4|    64|       yes|     -|        -|          -|          -|    -|
    +------------+------+------+---------+-----------+----------+---------+------+----------+------+---------+-----------+-----------+-----+


================================================================
== HW Interfaces
================================================================
* AP_MEMORY
+-------------+----------+
| Interface   | Bitwidth |
+-------------+----------+
| AB_address0 | 6        |
| AB_d0       | 32       |
| A_address0  | 6        |
| A_address1  | 6        |
| A_q0        | 32       |
| A_q1        | 32       |
| B_address0  | 6        |
| B_address1  | 6        |
| B_q0        | 32       |
| B_q1        | 32       |
+-------------+----------+

* TOP LEVEL CONTROL
+-----------+------------+-----------------------------------+
| Interface | Type       | Ports                             |
+-----------+------------+-----------------------------------+
| ap_clk    | clock      | ap_clk                            |
| ap_rst    | reset      | ap_rst                            |
| ap_ctrl   | ap_ctrl_hs | ap_done ap_idle ap_ready ap_start |
+-----------+------------+-----------------------------------+


================================================================
== SW I/O Information
================================================================
* Top Function Arguments
+----------+-----------+----------+
| Argument | Direction | Datatype |
+----------+-----------+----------+
| A        | in        | int*     |
| B        | in        | int*     |
| AB       | out       | int*     |
+----------+-----------+----------+

* SW-to-HW Mapping
+----------+--------------+---------+----------+
| Argument | HW Interface | HW Type | HW Usage |
+----------+--------------+---------+----------+
| A        | A_address0   | port    | offset   |
| A        | A_ce0        | port    |          |
| A        | A_q0         | port    |          |
| A        | A_address1   | port    | offset   |
| A        | A_ce1        | port    |          |
| A        | A_q1         | port    |          |
| B        | B_address0   | port    | offset   |
| B        | B_ce0        | port    |          |
| B        | B_q0         | port    |          |
| B        | B_address1   | port    | offset   |
| B        | B_ce1        | port    |          |
| B        | B_q1         | port    |          |
| AB       | AB_address0  | port    | offset   |
| AB       | AB_ce0       | port    |          |
| AB       | AB_we0       | port    |          |
| AB       | AB_d0        | port    |          |
+----------+--------------+---------+----------+


================================================================
== Bind Op Report
================================================================
+-------------------------+-----+--------+------------+-----+--------+---------+
| Name                    | DSP | Pragma | Variable   | Op  | Impl   | Latency |
+-------------------------+-----+--------+------------+-----+--------+---------+
| + mm                    | 6   |        |            |     |        |         |
|   add_ln14_1_fu_324_p2  | -   |        | add_ln14_1 | add | fabric | 0       |
|   add_ln14_fu_333_p2    | -   |        | add_ln14   | add | fabric | 0       |
|   add_ln18_7_fu_406_p2  | -   |        | add_ln18_7 | add | fabric | 0       |
|   add_ln18_8_fu_475_p2  | -   |        | add_ln18_8 | add | fabric | 0       |
|   add_ln18_9_fu_543_p2  | -   |        | add_ln18_9 | add | fabric | 0       |
|   add_ln20_fu_553_p2    | -   |        | add_ln20   | add | fabric | 0       |
|   mul_32s_32s_32_1_1_U1 | 3   |        | mul_ln18   | mul | auto   | 0       |
|   mul_32s_32s_32_1_1_U2 | 3   |        | mul_ln18_1 | mul | auto   | 0       |
|   mul_32s_32s_32_1_1_U1 | 3   |        | mul_ln18_2 | mul | auto   | 0       |
|   mul_32s_32s_32_1_1_U2 | 3   |        | mul_ln18_3 | mul | auto   | 0       |
|   mul_32s_32s_32_1_1_U1 | 3   |        | mul_ln18_4 | mul | auto   | 0       |
|   mul_32s_32s_32_1_1_U2 | 3   |        | mul_ln18_5 | mul | auto   | 0       |
|   mul_32s_32s_32_1_1_U1 | 3   |        | mul_ln18_6 | mul | auto   | 0       |
|   mul_32s_32s_32_1_1_U2 | 3   |        | mul_ln18_7 | mul | auto   | 0       |
|   add_ln18_fu_486_p2    | -   |        | add_ln18   | add | fabric | 0       |
|   grp_fu_277_p2         | -   |        | add_ln18_1 | add | fabric | 0       |
|   grp_fu_277_p2         | -   |        | add_ln18_4 | add | fabric | 0       |
|   add_ln15_fu_417_p2    | -   |        | add_ln15   | add | fabric | 0       |
+-------------------------+-----+--------+------------+-----+--------+---------+


================================================================
== Bind Storage Report
================================================================
  No bind storage info in design

================================================================
== Pragma Report
================================================================
  No pragmas found

