

================================================================
== Vitis HLS Report for 'mm_Pipeline_2'
================================================================
* Date:           Thu Nov 30 16:20:05 2023

* Version:        2022.2 (Build 3670227 on Oct 13 2022)
* Project:        3_gemm_zcu104
* Solution:       solution1 (Vivado IP Flow Target)
* Product family: zynquplus
* Target device:  xczu7ev-ffvc1156-2-e


================================================================
== Performance Estimates
================================================================
+ Timing: 
    * Summary: 
    +--------+----------+----------+------------+
    |  Clock |  Target  | Estimated| Uncertainty|
    +--------+----------+----------+------------+
    |ap_clk  |  10.00 ns|  7.300 ns|     2.70 ns|
    +--------+----------+----------+------------+

+ Latency: 
    * Summary: 
    +---------+---------+----------+----------+-----+-----+---------+
    |  Latency (cycles) |  Latency (absolute) |  Interval | Pipeline|
    |   min   |   max   |    min   |    max   | min | max |   Type  |
    +---------+---------+----------+----------+-----+-----+---------+
    |       66|       66|  0.660 us|  0.660 us|   66|   66|       no|
    +---------+---------+----------+----------+-----+-----+---------+

    + Detail: 
        * Instance: 
        N/A

        * Loop: 
        +----------+---------+---------+----------+-----------+-----------+------+----------+
        |          |  Latency (cycles) | Iteration|  Initiation Interval  | Trip |          |
        | Loop Name|   min   |   max   |  Latency |  achieved |   target  | Count| Pipelined|
        +----------+---------+---------+----------+-----------+-----------+------+----------+
        |- Loop 1  |       64|       64|         2|          1|          1|    64|       yes|
        +----------+---------+---------+----------+-----------+-----------+------+----------+

============================================================
+ Verbose Summary: Synthesis Manager
============================================================
InlineROM: 1
ExposeGlobal: 0
============================================================
+ Verbose Summary: CDFG Model
============================================================
IsTopModel: 0
ResetActiveHigh: 1
IsCombinational: 0
IsDatapathOnly: 0
HasWiredReturn: 1
HasMFsm: 2
HasVarLatency: 1
IsPipeline: 0
IsRtlPipelined: 0
IsInstanceOverlapped: 0
IsDontTouch: 0
HasImplIP: 0
IsGatedGlobalClock: 0

+ Individual pipeline summary: 
  * Pipeline-0: initiation interval (II) = 1, depth = 2


============================================================
+ Verbose Summary: Schedule
============================================================
* Number of FSM states : 2
* Pipeline : 1
  Pipeline-0 : II = 1, D = 2, States = { 1 2 }
* Dataflow Pipeline: 0

* FSM state transitions: 
1 --> 2 
2 --> 

* FSM state operations: 

State 1 <SV = 0> <Delay = 1.24>
ST_1 : Operation 5 [1/1] (0.00ns)   --->   "%loop_index9 = alloca i32 1"   --->   Operation 5 'alloca' 'loop_index9' <Predicate = true> <Delay = 0.00>
ST_1 : Operation 6 [1/1] (0.00ns)   --->   "%B_buff = alloca i32 1"   --->   Operation 6 'alloca' 'B_buff' <Predicate = true> <Delay = 0.00>
ST_1 : Operation 7 [1/1] (0.00ns)   --->   "%B_buff_1 = alloca i32 1"   --->   Operation 7 'alloca' 'B_buff_1' <Predicate = true> <Delay = 0.00>
ST_1 : Operation 8 [1/1] (0.00ns)   --->   "%B_buff_2 = alloca i32 1"   --->   Operation 8 'alloca' 'B_buff_2' <Predicate = true> <Delay = 0.00>
ST_1 : Operation 9 [1/1] (0.00ns)   --->   "%B_buff_3 = alloca i32 1"   --->   Operation 9 'alloca' 'B_buff_3' <Predicate = true> <Delay = 0.00>
ST_1 : Operation 10 [1/1] (0.00ns)   --->   "%B_buff_4 = alloca i32 1"   --->   Operation 10 'alloca' 'B_buff_4' <Predicate = true> <Delay = 0.00>
ST_1 : Operation 11 [1/1] (0.00ns)   --->   "%B_buff_5 = alloca i32 1"   --->   Operation 11 'alloca' 'B_buff_5' <Predicate = true> <Delay = 0.00>
ST_1 : Operation 12 [1/1] (0.00ns)   --->   "%B_buff_6 = alloca i32 1"   --->   Operation 12 'alloca' 'B_buff_6' <Predicate = true> <Delay = 0.00>
ST_1 : Operation 13 [1/1] (0.00ns)   --->   "%B_buff_7 = alloca i32 1"   --->   Operation 13 'alloca' 'B_buff_7' <Predicate = true> <Delay = 0.00>
ST_1 : Operation 14 [1/1] (0.00ns)   --->   "%B_buff_8 = alloca i32 1"   --->   Operation 14 'alloca' 'B_buff_8' <Predicate = true> <Delay = 0.00>
ST_1 : Operation 15 [1/1] (0.00ns)   --->   "%B_buff_9 = alloca i32 1"   --->   Operation 15 'alloca' 'B_buff_9' <Predicate = true> <Delay = 0.00>
ST_1 : Operation 16 [1/1] (0.00ns)   --->   "%B_buff_10 = alloca i32 1"   --->   Operation 16 'alloca' 'B_buff_10' <Predicate = true> <Delay = 0.00>
ST_1 : Operation 17 [1/1] (0.00ns)   --->   "%B_buff_11 = alloca i32 1"   --->   Operation 17 'alloca' 'B_buff_11' <Predicate = true> <Delay = 0.00>
ST_1 : Operation 18 [1/1] (0.00ns)   --->   "%B_buff_12 = alloca i32 1"   --->   Operation 18 'alloca' 'B_buff_12' <Predicate = true> <Delay = 0.00>
ST_1 : Operation 19 [1/1] (0.00ns)   --->   "%B_buff_13 = alloca i32 1"   --->   Operation 19 'alloca' 'B_buff_13' <Predicate = true> <Delay = 0.00>
ST_1 : Operation 20 [1/1] (0.00ns)   --->   "%B_buff_14 = alloca i32 1"   --->   Operation 20 'alloca' 'B_buff_14' <Predicate = true> <Delay = 0.00>
ST_1 : Operation 21 [1/1] (0.00ns)   --->   "%B_buff_15 = alloca i32 1"   --->   Operation 21 'alloca' 'B_buff_15' <Predicate = true> <Delay = 0.00>
ST_1 : Operation 22 [1/1] (0.00ns)   --->   "%B_buff_16 = alloca i32 1"   --->   Operation 22 'alloca' 'B_buff_16' <Predicate = true> <Delay = 0.00>
ST_1 : Operation 23 [1/1] (0.00ns)   --->   "%B_buff_17 = alloca i32 1"   --->   Operation 23 'alloca' 'B_buff_17' <Predicate = true> <Delay = 0.00>
ST_1 : Operation 24 [1/1] (0.00ns)   --->   "%B_buff_18 = alloca i32 1"   --->   Operation 24 'alloca' 'B_buff_18' <Predicate = true> <Delay = 0.00>
ST_1 : Operation 25 [1/1] (0.00ns)   --->   "%B_buff_19 = alloca i32 1"   --->   Operation 25 'alloca' 'B_buff_19' <Predicate = true> <Delay = 0.00>
ST_1 : Operation 26 [1/1] (0.00ns)   --->   "%B_buff_20 = alloca i32 1"   --->   Operation 26 'alloca' 'B_buff_20' <Predicate = true> <Delay = 0.00>
ST_1 : Operation 27 [1/1] (0.00ns)   --->   "%B_buff_21 = alloca i32 1"   --->   Operation 27 'alloca' 'B_buff_21' <Predicate = true> <Delay = 0.00>
ST_1 : Operation 28 [1/1] (0.00ns)   --->   "%B_buff_22 = alloca i32 1"   --->   Operation 28 'alloca' 'B_buff_22' <Predicate = true> <Delay = 0.00>
ST_1 : Operation 29 [1/1] (0.00ns)   --->   "%B_buff_23 = alloca i32 1"   --->   Operation 29 'alloca' 'B_buff_23' <Predicate = true> <Delay = 0.00>
ST_1 : Operation 30 [1/1] (0.00ns)   --->   "%B_buff_24 = alloca i32 1"   --->   Operation 30 'alloca' 'B_buff_24' <Predicate = true> <Delay = 0.00>
ST_1 : Operation 31 [1/1] (0.00ns)   --->   "%B_buff_25 = alloca i32 1"   --->   Operation 31 'alloca' 'B_buff_25' <Predicate = true> <Delay = 0.00>
ST_1 : Operation 32 [1/1] (0.00ns)   --->   "%B_buff_26 = alloca i32 1"   --->   Operation 32 'alloca' 'B_buff_26' <Predicate = true> <Delay = 0.00>
ST_1 : Operation 33 [1/1] (0.00ns)   --->   "%B_buff_27 = alloca i32 1"   --->   Operation 33 'alloca' 'B_buff_27' <Predicate = true> <Delay = 0.00>
ST_1 : Operation 34 [1/1] (0.00ns)   --->   "%B_buff_28 = alloca i32 1"   --->   Operation 34 'alloca' 'B_buff_28' <Predicate = true> <Delay = 0.00>
ST_1 : Operation 35 [1/1] (0.00ns)   --->   "%B_buff_29 = alloca i32 1"   --->   Operation 35 'alloca' 'B_buff_29' <Predicate = true> <Delay = 0.00>
ST_1 : Operation 36 [1/1] (0.00ns)   --->   "%B_buff_30 = alloca i32 1"   --->   Operation 36 'alloca' 'B_buff_30' <Predicate = true> <Delay = 0.00>
ST_1 : Operation 37 [1/1] (0.00ns)   --->   "%B_buff_31 = alloca i32 1"   --->   Operation 37 'alloca' 'B_buff_31' <Predicate = true> <Delay = 0.00>
ST_1 : Operation 38 [1/1] (0.00ns)   --->   "%B_buff_32 = alloca i32 1"   --->   Operation 38 'alloca' 'B_buff_32' <Predicate = true> <Delay = 0.00>
ST_1 : Operation 39 [1/1] (0.00ns)   --->   "%B_buff_33 = alloca i32 1"   --->   Operation 39 'alloca' 'B_buff_33' <Predicate = true> <Delay = 0.00>
ST_1 : Operation 40 [1/1] (0.00ns)   --->   "%B_buff_34 = alloca i32 1"   --->   Operation 40 'alloca' 'B_buff_34' <Predicate = true> <Delay = 0.00>
ST_1 : Operation 41 [1/1] (0.00ns)   --->   "%B_buff_35 = alloca i32 1"   --->   Operation 41 'alloca' 'B_buff_35' <Predicate = true> <Delay = 0.00>
ST_1 : Operation 42 [1/1] (0.00ns)   --->   "%B_buff_36 = alloca i32 1"   --->   Operation 42 'alloca' 'B_buff_36' <Predicate = true> <Delay = 0.00>
ST_1 : Operation 43 [1/1] (0.00ns)   --->   "%B_buff_37 = alloca i32 1"   --->   Operation 43 'alloca' 'B_buff_37' <Predicate = true> <Delay = 0.00>
ST_1 : Operation 44 [1/1] (0.00ns)   --->   "%B_buff_38 = alloca i32 1"   --->   Operation 44 'alloca' 'B_buff_38' <Predicate = true> <Delay = 0.00>
ST_1 : Operation 45 [1/1] (0.00ns)   --->   "%B_buff_39 = alloca i32 1"   --->   Operation 45 'alloca' 'B_buff_39' <Predicate = true> <Delay = 0.00>
ST_1 : Operation 46 [1/1] (0.00ns)   --->   "%B_buff_40 = alloca i32 1"   --->   Operation 46 'alloca' 'B_buff_40' <Predicate = true> <Delay = 0.00>
ST_1 : Operation 47 [1/1] (0.00ns)   --->   "%B_buff_41 = alloca i32 1"   --->   Operation 47 'alloca' 'B_buff_41' <Predicate = true> <Delay = 0.00>
ST_1 : Operation 48 [1/1] (0.00ns)   --->   "%B_buff_42 = alloca i32 1"   --->   Operation 48 'alloca' 'B_buff_42' <Predicate = true> <Delay = 0.00>
ST_1 : Operation 49 [1/1] (0.00ns)   --->   "%B_buff_43 = alloca i32 1"   --->   Operation 49 'alloca' 'B_buff_43' <Predicate = true> <Delay = 0.00>
ST_1 : Operation 50 [1/1] (0.00ns)   --->   "%B_buff_44 = alloca i32 1"   --->   Operation 50 'alloca' 'B_buff_44' <Predicate = true> <Delay = 0.00>
ST_1 : Operation 51 [1/1] (0.00ns)   --->   "%B_buff_45 = alloca i32 1"   --->   Operation 51 'alloca' 'B_buff_45' <Predicate = true> <Delay = 0.00>
ST_1 : Operation 52 [1/1] (0.00ns)   --->   "%B_buff_46 = alloca i32 1"   --->   Operation 52 'alloca' 'B_buff_46' <Predicate = true> <Delay = 0.00>
ST_1 : Operation 53 [1/1] (0.00ns)   --->   "%B_buff_47 = alloca i32 1"   --->   Operation 53 'alloca' 'B_buff_47' <Predicate = true> <Delay = 0.00>
ST_1 : Operation 54 [1/1] (0.00ns)   --->   "%B_buff_48 = alloca i32 1"   --->   Operation 54 'alloca' 'B_buff_48' <Predicate = true> <Delay = 0.00>
ST_1 : Operation 55 [1/1] (0.00ns)   --->   "%B_buff_49 = alloca i32 1"   --->   Operation 55 'alloca' 'B_buff_49' <Predicate = true> <Delay = 0.00>
ST_1 : Operation 56 [1/1] (0.00ns)   --->   "%B_buff_50 = alloca i32 1"   --->   Operation 56 'alloca' 'B_buff_50' <Predicate = true> <Delay = 0.00>
ST_1 : Operation 57 [1/1] (0.00ns)   --->   "%B_buff_51 = alloca i32 1"   --->   Operation 57 'alloca' 'B_buff_51' <Predicate = true> <Delay = 0.00>
ST_1 : Operation 58 [1/1] (0.00ns)   --->   "%B_buff_52 = alloca i32 1"   --->   Operation 58 'alloca' 'B_buff_52' <Predicate = true> <Delay = 0.00>
ST_1 : Operation 59 [1/1] (0.00ns)   --->   "%B_buff_53 = alloca i32 1"   --->   Operation 59 'alloca' 'B_buff_53' <Predicate = true> <Delay = 0.00>
ST_1 : Operation 60 [1/1] (0.00ns)   --->   "%B_buff_54 = alloca i32 1"   --->   Operation 60 'alloca' 'B_buff_54' <Predicate = true> <Delay = 0.00>
ST_1 : Operation 61 [1/1] (0.00ns)   --->   "%B_buff_55 = alloca i32 1"   --->   Operation 61 'alloca' 'B_buff_55' <Predicate = true> <Delay = 0.00>
ST_1 : Operation 62 [1/1] (0.00ns)   --->   "%B_buff_56 = alloca i32 1"   --->   Operation 62 'alloca' 'B_buff_56' <Predicate = true> <Delay = 0.00>
ST_1 : Operation 63 [1/1] (0.00ns)   --->   "%B_buff_57 = alloca i32 1"   --->   Operation 63 'alloca' 'B_buff_57' <Predicate = true> <Delay = 0.00>
ST_1 : Operation 64 [1/1] (0.00ns)   --->   "%B_buff_58 = alloca i32 1"   --->   Operation 64 'alloca' 'B_buff_58' <Predicate = true> <Delay = 0.00>
ST_1 : Operation 65 [1/1] (0.00ns)   --->   "%B_buff_59 = alloca i32 1"   --->   Operation 65 'alloca' 'B_buff_59' <Predicate = true> <Delay = 0.00>
ST_1 : Operation 66 [1/1] (0.00ns)   --->   "%B_buff_60 = alloca i32 1"   --->   Operation 66 'alloca' 'B_buff_60' <Predicate = true> <Delay = 0.00>
ST_1 : Operation 67 [1/1] (0.00ns)   --->   "%B_buff_61 = alloca i32 1"   --->   Operation 67 'alloca' 'B_buff_61' <Predicate = true> <Delay = 0.00>
ST_1 : Operation 68 [1/1] (0.00ns)   --->   "%B_buff_62 = alloca i32 1"   --->   Operation 68 'alloca' 'B_buff_62' <Predicate = true> <Delay = 0.00>
ST_1 : Operation 69 [1/1] (0.00ns)   --->   "%B_buff_63 = alloca i32 1"   --->   Operation 69 'alloca' 'B_buff_63' <Predicate = true> <Delay = 0.00>
ST_1 : Operation 70 [1/1] (0.00ns)   --->   "%sext_ln35_read = read i62 @_ssdm_op_Read.ap_auto.i62, i62 %sext_ln35"   --->   Operation 70 'read' 'sext_ln35_read' <Predicate = true> <Delay = 0.00>
ST_1 : Operation 71 [1/1] (0.00ns)   --->   "%sext_ln35_cast = sext i62 %sext_ln35_read"   --->   Operation 71 'sext' 'sext_ln35_cast' <Predicate = true> <Delay = 0.00>
ST_1 : Operation 72 [1/1] (0.00ns)   --->   "%specinterface_ln0 = specinterface void @_ssdm_op_SpecInterface, i32 %B_port, void @empty, i32 0, i32 0, void @empty_0, i32 0, i32 64, void @empty_3, void @empty_2, void @empty_0, i32 16, i32 16, i32 16, i32 16, void @empty_0, void @empty_0, i32 4294967295, i32 0"   --->   Operation 72 'specinterface' 'specinterface_ln0' <Predicate = true> <Delay = 0.00>
ST_1 : Operation 73 [1/1] (0.42ns)   --->   "%store_ln0 = store i7 0, i7 %loop_index9"   --->   Operation 73 'store' 'store_ln0' <Predicate = true> <Delay = 0.42>
ST_1 : Operation 74 [1/1] (0.00ns)   --->   "%br_ln0 = br void %load-store-loop8"   --->   Operation 74 'br' 'br_ln0' <Predicate = true> <Delay = 0.00>
ST_1 : Operation 75 [1/1] (0.00ns)   --->   "%loop_index9_load = load i7 %loop_index9"   --->   Operation 75 'load' 'loop_index9_load' <Predicate = true> <Delay = 0.00>
ST_1 : Operation 76 [1/1] (0.00ns)   --->   "%specbitsmap_ln0 = specbitsmap void @_ssdm_op_SpecBitsMap, i32 %B_port"   --->   Operation 76 'specbitsmap' 'specbitsmap_ln0' <Predicate = true> <Delay = 0.00>
ST_1 : Operation 77 [1/1] (0.00ns)   --->   "%B_port_addr = getelementptr i32 %B_port, i64 %sext_ln35_cast" [gemm.cc:35]   --->   Operation 77 'getelementptr' 'B_port_addr' <Predicate = true> <Delay = 0.00>
ST_1 : Operation 78 [1/1] (0.00ns)   --->   "%specpipeline_ln0 = specpipeline void @_ssdm_op_SpecPipeline, i32 4294967295, i32 0, i32 1, i32 0, void @p_str"   --->   Operation 78 'specpipeline' 'specpipeline_ln0' <Predicate = true> <Delay = 0.00>
ST_1 : Operation 79 [1/1] (0.81ns)   --->   "%exitcond467 = icmp_eq  i7 %loop_index9_load, i7 64"   --->   Operation 79 'icmp' 'exitcond467' <Predicate = true> <Delay = 0.81> <CoreInst = "Cmp">   --->   Core 9 'Cmp' <Latency = 0> <II = 1> <Delay = 0.81> <FuncUnit> <Opcode : 'icmp'> <InPorts = 2> <OutPorts = 1>
ST_1 : Operation 80 [1/1] (0.00ns)   --->   "%empty = speclooptripcount i32 @_ssdm_op_SpecLoopTripCount, i64 64, i64 64, i64 64"   --->   Operation 80 'speclooptripcount' 'empty' <Predicate = true> <Delay = 0.00>
ST_1 : Operation 81 [1/1] (0.77ns)   --->   "%empty_23 = add i7 %loop_index9_load, i7 1"   --->   Operation 81 'add' 'empty_23' <Predicate = true> <Delay = 0.77> <CoreInst = "Adder">   --->   Core 1 'Adder' <Latency = 0> <II = 1> <Delay = 0.77> <FuncUnit> <Opcode : 'add' 'sub'> <InPorts = 2> <OutPorts = 1>
ST_1 : Operation 82 [1/1] (0.00ns)   --->   "%br_ln0 = br i1 %exitcond467, void %load-store-loop8.split, void %for.inc.7.preheader.exitStub"   --->   Operation 82 'br' 'br_ln0' <Predicate = true> <Delay = 0.00>
ST_1 : Operation 83 [1/1] (0.00ns)   --->   "%p_cast = partselect i3 @_ssdm_op_PartSelect.i3.i7.i32.i32, i7 %loop_index9_load, i32 3, i32 5"   --->   Operation 83 'partselect' 'p_cast' <Predicate = (!exitcond467)> <Delay = 0.00>
ST_1 : Operation 84 [1/1] (0.00ns)   --->   "%empty_24 = trunc i7 %loop_index9_load"   --->   Operation 84 'trunc' 'empty_24' <Predicate = (!exitcond467)> <Delay = 0.00>
ST_1 : Operation 85 [1/1] (0.44ns)   --->   "%switch_ln0 = switch i3 %p_cast, void %.case.756, i3 0, void %.case.049, i3 1, void %.case.150, i3 2, void %.case.251, i3 3, void %.case.352, i3 4, void %.case.453, i3 5, void %.case.554, i3 6, void %.case.655"   --->   Operation 85 'switch' 'switch_ln0' <Predicate = (!exitcond467)> <Delay = 0.44>
ST_1 : Operation 86 [1/1] (0.44ns)   --->   "%switch_ln0 = switch i3 %empty_24, void %.case.7126, i3 0, void %.case.655..exit48_crit_edge4, i3 1, void %.case.1120, i3 2, void %.case.2121, i3 3, void %.case.3122, i3 4, void %.case.4123, i3 5, void %.case.5124, i3 6, void %.case.655..exit48_crit_edge"   --->   Operation 86 'switch' 'switch_ln0' <Predicate = (!exitcond467 & p_cast == 6)> <Delay = 0.44>
ST_1 : Operation 87 [1/1] (0.44ns)   --->   "%switch_ln0 = switch i3 %empty_24, void %.case.7116, i3 0, void %.case.554..exit48_crit_edge5, i3 1, void %.case.1110, i3 2, void %.case.2111, i3 3, void %.case.3112, i3 4, void %.case.4113, i3 5, void %.case.5114, i3 6, void %.case.554..exit48_crit_edge"   --->   Operation 87 'switch' 'switch_ln0' <Predicate = (!exitcond467 & p_cast == 5)> <Delay = 0.44>
ST_1 : Operation 88 [1/1] (0.44ns)   --->   "%switch_ln0 = switch i3 %empty_24, void %.case.7106, i3 0, void %.case.453..exit48_crit_edge6, i3 1, void %.case.1100, i3 2, void %.case.2101, i3 3, void %.case.3102, i3 4, void %.case.4103, i3 5, void %.case.5104, i3 6, void %.case.453..exit48_crit_edge"   --->   Operation 88 'switch' 'switch_ln0' <Predicate = (!exitcond467 & p_cast == 4)> <Delay = 0.44>
ST_1 : Operation 89 [1/1] (0.44ns)   --->   "%switch_ln0 = switch i3 %empty_24, void %.case.796, i3 0, void %.case.352..exit48_crit_edge7, i3 1, void %.case.190, i3 2, void %.case.291, i3 3, void %.case.392, i3 4, void %.case.493, i3 5, void %.case.594, i3 6, void %.case.352..exit48_crit_edge"   --->   Operation 89 'switch' 'switch_ln0' <Predicate = (!exitcond467 & p_cast == 3)> <Delay = 0.44>
ST_1 : Operation 90 [1/1] (0.44ns)   --->   "%switch_ln0 = switch i3 %empty_24, void %.case.786, i3 0, void %.case.251..exit48_crit_edge8, i3 1, void %.case.180, i3 2, void %.case.281, i3 3, void %.case.382, i3 4, void %.case.483, i3 5, void %.case.584, i3 6, void %.case.251..exit48_crit_edge"   --->   Operation 90 'switch' 'switch_ln0' <Predicate = (!exitcond467 & p_cast == 2)> <Delay = 0.44>
ST_1 : Operation 91 [1/1] (0.44ns)   --->   "%switch_ln0 = switch i3 %empty_24, void %.case.776, i3 0, void %.case.150..exit48_crit_edge9, i3 1, void %.case.170, i3 2, void %.case.271, i3 3, void %.case.372, i3 4, void %.case.473, i3 5, void %.case.574, i3 6, void %.case.150..exit48_crit_edge"   --->   Operation 91 'switch' 'switch_ln0' <Predicate = (!exitcond467 & p_cast == 1)> <Delay = 0.44>
ST_1 : Operation 92 [1/1] (0.44ns)   --->   "%switch_ln0 = switch i3 %empty_24, void %.case.766, i3 0, void %.case.049..exit48_crit_edge10, i3 1, void %.case.160, i3 2, void %.case.261, i3 3, void %.case.362, i3 4, void %.case.463, i3 5, void %.case.564, i3 6, void %.case.049..exit48_crit_edge"   --->   Operation 92 'switch' 'switch_ln0' <Predicate = (!exitcond467 & p_cast == 0)> <Delay = 0.44>
ST_1 : Operation 93 [1/1] (0.44ns)   --->   "%switch_ln0 = switch i3 %empty_24, void %.case.7136, i3 0, void %.case.756..exit48_crit_edge3, i3 1, void %.case.1130, i3 2, void %.case.2131, i3 3, void %.case.3132, i3 4, void %.case.4133, i3 5, void %.case.5134, i3 6, void %.case.756..exit48_crit_edge"   --->   Operation 93 'switch' 'switch_ln0' <Predicate = (!exitcond467 & p_cast == 7)> <Delay = 0.44>
ST_1 : Operation 94 [1/1] (0.42ns)   --->   "%store_ln0 = store i7 %empty_23, i7 %loop_index9"   --->   Operation 94 'store' 'store_ln0' <Predicate = (!exitcond467)> <Delay = 0.42>
ST_1 : Operation 95 [1/1] (0.00ns)   --->   "%br_ln0 = br void %load-store-loop8"   --->   Operation 95 'br' 'br_ln0' <Predicate = (!exitcond467)> <Delay = 0.00>
ST_1 : Operation 225 [1/1] (0.00ns)   --->   "%B_buff_load = load i32 %B_buff"   --->   Operation 225 'load' 'B_buff_load' <Predicate = (exitcond467)> <Delay = 0.00>
ST_1 : Operation 226 [1/1] (0.00ns)   --->   "%B_buff_1_load = load i32 %B_buff_1"   --->   Operation 226 'load' 'B_buff_1_load' <Predicate = (exitcond467)> <Delay = 0.00>
ST_1 : Operation 227 [1/1] (0.00ns)   --->   "%B_buff_2_load = load i32 %B_buff_2"   --->   Operation 227 'load' 'B_buff_2_load' <Predicate = (exitcond467)> <Delay = 0.00>
ST_1 : Operation 228 [1/1] (0.00ns)   --->   "%B_buff_3_load = load i32 %B_buff_3"   --->   Operation 228 'load' 'B_buff_3_load' <Predicate = (exitcond467)> <Delay = 0.00>
ST_1 : Operation 229 [1/1] (0.00ns)   --->   "%B_buff_4_load = load i32 %B_buff_4"   --->   Operation 229 'load' 'B_buff_4_load' <Predicate = (exitcond467)> <Delay = 0.00>
ST_1 : Operation 230 [1/1] (0.00ns)   --->   "%B_buff_5_load = load i32 %B_buff_5"   --->   Operation 230 'load' 'B_buff_5_load' <Predicate = (exitcond467)> <Delay = 0.00>
ST_1 : Operation 231 [1/1] (0.00ns)   --->   "%B_buff_6_load = load i32 %B_buff_6"   --->   Operation 231 'load' 'B_buff_6_load' <Predicate = (exitcond467)> <Delay = 0.00>
ST_1 : Operation 232 [1/1] (0.00ns)   --->   "%B_buff_7_load = load i32 %B_buff_7"   --->   Operation 232 'load' 'B_buff_7_load' <Predicate = (exitcond467)> <Delay = 0.00>
ST_1 : Operation 233 [1/1] (0.00ns)   --->   "%B_buff_8_load = load i32 %B_buff_8"   --->   Operation 233 'load' 'B_buff_8_load' <Predicate = (exitcond467)> <Delay = 0.00>
ST_1 : Operation 234 [1/1] (0.00ns)   --->   "%B_buff_9_load = load i32 %B_buff_9"   --->   Operation 234 'load' 'B_buff_9_load' <Predicate = (exitcond467)> <Delay = 0.00>
ST_1 : Operation 235 [1/1] (0.00ns)   --->   "%B_buff_10_load = load i32 %B_buff_10"   --->   Operation 235 'load' 'B_buff_10_load' <Predicate = (exitcond467)> <Delay = 0.00>
ST_1 : Operation 236 [1/1] (0.00ns)   --->   "%B_buff_11_load = load i32 %B_buff_11"   --->   Operation 236 'load' 'B_buff_11_load' <Predicate = (exitcond467)> <Delay = 0.00>
ST_1 : Operation 237 [1/1] (0.00ns)   --->   "%B_buff_12_load = load i32 %B_buff_12"   --->   Operation 237 'load' 'B_buff_12_load' <Predicate = (exitcond467)> <Delay = 0.00>
ST_1 : Operation 238 [1/1] (0.00ns)   --->   "%B_buff_13_load = load i32 %B_buff_13"   --->   Operation 238 'load' 'B_buff_13_load' <Predicate = (exitcond467)> <Delay = 0.00>
ST_1 : Operation 239 [1/1] (0.00ns)   --->   "%B_buff_14_load = load i32 %B_buff_14"   --->   Operation 239 'load' 'B_buff_14_load' <Predicate = (exitcond467)> <Delay = 0.00>
ST_1 : Operation 240 [1/1] (0.00ns)   --->   "%B_buff_15_load = load i32 %B_buff_15"   --->   Operation 240 'load' 'B_buff_15_load' <Predicate = (exitcond467)> <Delay = 0.00>
ST_1 : Operation 241 [1/1] (0.00ns)   --->   "%B_buff_16_load = load i32 %B_buff_16"   --->   Operation 241 'load' 'B_buff_16_load' <Predicate = (exitcond467)> <Delay = 0.00>
ST_1 : Operation 242 [1/1] (0.00ns)   --->   "%B_buff_17_load = load i32 %B_buff_17"   --->   Operation 242 'load' 'B_buff_17_load' <Predicate = (exitcond467)> <Delay = 0.00>
ST_1 : Operation 243 [1/1] (0.00ns)   --->   "%B_buff_18_load = load i32 %B_buff_18"   --->   Operation 243 'load' 'B_buff_18_load' <Predicate = (exitcond467)> <Delay = 0.00>
ST_1 : Operation 244 [1/1] (0.00ns)   --->   "%B_buff_19_load = load i32 %B_buff_19"   --->   Operation 244 'load' 'B_buff_19_load' <Predicate = (exitcond467)> <Delay = 0.00>
ST_1 : Operation 245 [1/1] (0.00ns)   --->   "%B_buff_20_load = load i32 %B_buff_20"   --->   Operation 245 'load' 'B_buff_20_load' <Predicate = (exitcond467)> <Delay = 0.00>
ST_1 : Operation 246 [1/1] (0.00ns)   --->   "%B_buff_21_load = load i32 %B_buff_21"   --->   Operation 246 'load' 'B_buff_21_load' <Predicate = (exitcond467)> <Delay = 0.00>
ST_1 : Operation 247 [1/1] (0.00ns)   --->   "%B_buff_22_load = load i32 %B_buff_22"   --->   Operation 247 'load' 'B_buff_22_load' <Predicate = (exitcond467)> <Delay = 0.00>
ST_1 : Operation 248 [1/1] (0.00ns)   --->   "%B_buff_23_load = load i32 %B_buff_23"   --->   Operation 248 'load' 'B_buff_23_load' <Predicate = (exitcond467)> <Delay = 0.00>
ST_1 : Operation 249 [1/1] (0.00ns)   --->   "%B_buff_24_load = load i32 %B_buff_24"   --->   Operation 249 'load' 'B_buff_24_load' <Predicate = (exitcond467)> <Delay = 0.00>
ST_1 : Operation 250 [1/1] (0.00ns)   --->   "%B_buff_25_load = load i32 %B_buff_25"   --->   Operation 250 'load' 'B_buff_25_load' <Predicate = (exitcond467)> <Delay = 0.00>
ST_1 : Operation 251 [1/1] (0.00ns)   --->   "%B_buff_26_load = load i32 %B_buff_26"   --->   Operation 251 'load' 'B_buff_26_load' <Predicate = (exitcond467)> <Delay = 0.00>
ST_1 : Operation 252 [1/1] (0.00ns)   --->   "%B_buff_27_load = load i32 %B_buff_27"   --->   Operation 252 'load' 'B_buff_27_load' <Predicate = (exitcond467)> <Delay = 0.00>
ST_1 : Operation 253 [1/1] (0.00ns)   --->   "%B_buff_28_load = load i32 %B_buff_28"   --->   Operation 253 'load' 'B_buff_28_load' <Predicate = (exitcond467)> <Delay = 0.00>
ST_1 : Operation 254 [1/1] (0.00ns)   --->   "%B_buff_29_load = load i32 %B_buff_29"   --->   Operation 254 'load' 'B_buff_29_load' <Predicate = (exitcond467)> <Delay = 0.00>
ST_1 : Operation 255 [1/1] (0.00ns)   --->   "%B_buff_30_load = load i32 %B_buff_30"   --->   Operation 255 'load' 'B_buff_30_load' <Predicate = (exitcond467)> <Delay = 0.00>
ST_1 : Operation 256 [1/1] (0.00ns)   --->   "%B_buff_31_load = load i32 %B_buff_31"   --->   Operation 256 'load' 'B_buff_31_load' <Predicate = (exitcond467)> <Delay = 0.00>
ST_1 : Operation 257 [1/1] (0.00ns)   --->   "%B_buff_32_load = load i32 %B_buff_32"   --->   Operation 257 'load' 'B_buff_32_load' <Predicate = (exitcond467)> <Delay = 0.00>
ST_1 : Operation 258 [1/1] (0.00ns)   --->   "%B_buff_33_load = load i32 %B_buff_33"   --->   Operation 258 'load' 'B_buff_33_load' <Predicate = (exitcond467)> <Delay = 0.00>
ST_1 : Operation 259 [1/1] (0.00ns)   --->   "%B_buff_34_load = load i32 %B_buff_34"   --->   Operation 259 'load' 'B_buff_34_load' <Predicate = (exitcond467)> <Delay = 0.00>
ST_1 : Operation 260 [1/1] (0.00ns)   --->   "%B_buff_35_load = load i32 %B_buff_35"   --->   Operation 260 'load' 'B_buff_35_load' <Predicate = (exitcond467)> <Delay = 0.00>
ST_1 : Operation 261 [1/1] (0.00ns)   --->   "%B_buff_36_load = load i32 %B_buff_36"   --->   Operation 261 'load' 'B_buff_36_load' <Predicate = (exitcond467)> <Delay = 0.00>
ST_1 : Operation 262 [1/1] (0.00ns)   --->   "%B_buff_37_load = load i32 %B_buff_37"   --->   Operation 262 'load' 'B_buff_37_load' <Predicate = (exitcond467)> <Delay = 0.00>
ST_1 : Operation 263 [1/1] (0.00ns)   --->   "%B_buff_38_load = load i32 %B_buff_38"   --->   Operation 263 'load' 'B_buff_38_load' <Predicate = (exitcond467)> <Delay = 0.00>
ST_1 : Operation 264 [1/1] (0.00ns)   --->   "%B_buff_39_load = load i32 %B_buff_39"   --->   Operation 264 'load' 'B_buff_39_load' <Predicate = (exitcond467)> <Delay = 0.00>
ST_1 : Operation 265 [1/1] (0.00ns)   --->   "%B_buff_40_load = load i32 %B_buff_40"   --->   Operation 265 'load' 'B_buff_40_load' <Predicate = (exitcond467)> <Delay = 0.00>
ST_1 : Operation 266 [1/1] (0.00ns)   --->   "%B_buff_41_load = load i32 %B_buff_41"   --->   Operation 266 'load' 'B_buff_41_load' <Predicate = (exitcond467)> <Delay = 0.00>
ST_1 : Operation 267 [1/1] (0.00ns)   --->   "%B_buff_42_load = load i32 %B_buff_42"   --->   Operation 267 'load' 'B_buff_42_load' <Predicate = (exitcond467)> <Delay = 0.00>
ST_1 : Operation 268 [1/1] (0.00ns)   --->   "%B_buff_43_load = load i32 %B_buff_43"   --->   Operation 268 'load' 'B_buff_43_load' <Predicate = (exitcond467)> <Delay = 0.00>
ST_1 : Operation 269 [1/1] (0.00ns)   --->   "%B_buff_44_load = load i32 %B_buff_44"   --->   Operation 269 'load' 'B_buff_44_load' <Predicate = (exitcond467)> <Delay = 0.00>
ST_1 : Operation 270 [1/1] (0.00ns)   --->   "%B_buff_45_load = load i32 %B_buff_45"   --->   Operation 270 'load' 'B_buff_45_load' <Predicate = (exitcond467)> <Delay = 0.00>
ST_1 : Operation 271 [1/1] (0.00ns)   --->   "%B_buff_46_load = load i32 %B_buff_46"   --->   Operation 271 'load' 'B_buff_46_load' <Predicate = (exitcond467)> <Delay = 0.00>
ST_1 : Operation 272 [1/1] (0.00ns)   --->   "%B_buff_47_load = load i32 %B_buff_47"   --->   Operation 272 'load' 'B_buff_47_load' <Predicate = (exitcond467)> <Delay = 0.00>
ST_1 : Operation 273 [1/1] (0.00ns)   --->   "%B_buff_48_load = load i32 %B_buff_48"   --->   Operation 273 'load' 'B_buff_48_load' <Predicate = (exitcond467)> <Delay = 0.00>
ST_1 : Operation 274 [1/1] (0.00ns)   --->   "%B_buff_49_load = load i32 %B_buff_49"   --->   Operation 274 'load' 'B_buff_49_load' <Predicate = (exitcond467)> <Delay = 0.00>
ST_1 : Operation 275 [1/1] (0.00ns)   --->   "%B_buff_50_load = load i32 %B_buff_50"   --->   Operation 275 'load' 'B_buff_50_load' <Predicate = (exitcond467)> <Delay = 0.00>
ST_1 : Operation 276 [1/1] (0.00ns)   --->   "%B_buff_51_load = load i32 %B_buff_51"   --->   Operation 276 'load' 'B_buff_51_load' <Predicate = (exitcond467)> <Delay = 0.00>
ST_1 : Operation 277 [1/1] (0.00ns)   --->   "%B_buff_52_load = load i32 %B_buff_52"   --->   Operation 277 'load' 'B_buff_52_load' <Predicate = (exitcond467)> <Delay = 0.00>
ST_1 : Operation 278 [1/1] (0.00ns)   --->   "%B_buff_53_load = load i32 %B_buff_53"   --->   Operation 278 'load' 'B_buff_53_load' <Predicate = (exitcond467)> <Delay = 0.00>
ST_1 : Operation 279 [1/1] (0.00ns)   --->   "%B_buff_54_load = load i32 %B_buff_54"   --->   Operation 279 'load' 'B_buff_54_load' <Predicate = (exitcond467)> <Delay = 0.00>
ST_1 : Operation 280 [1/1] (0.00ns)   --->   "%B_buff_55_load = load i32 %B_buff_55"   --->   Operation 280 'load' 'B_buff_55_load' <Predicate = (exitcond467)> <Delay = 0.00>
ST_1 : Operation 281 [1/1] (0.00ns)   --->   "%B_buff_56_load = load i32 %B_buff_56"   --->   Operation 281 'load' 'B_buff_56_load' <Predicate = (exitcond467)> <Delay = 0.00>
ST_1 : Operation 282 [1/1] (0.00ns)   --->   "%B_buff_57_load = load i32 %B_buff_57"   --->   Operation 282 'load' 'B_buff_57_load' <Predicate = (exitcond467)> <Delay = 0.00>
ST_1 : Operation 283 [1/1] (0.00ns)   --->   "%B_buff_58_load = load i32 %B_buff_58"   --->   Operation 283 'load' 'B_buff_58_load' <Predicate = (exitcond467)> <Delay = 0.00>
ST_1 : Operation 284 [1/1] (0.00ns)   --->   "%B_buff_59_load = load i32 %B_buff_59"   --->   Operation 284 'load' 'B_buff_59_load' <Predicate = (exitcond467)> <Delay = 0.00>
ST_1 : Operation 285 [1/1] (0.00ns)   --->   "%B_buff_60_load = load i32 %B_buff_60"   --->   Operation 285 'load' 'B_buff_60_load' <Predicate = (exitcond467)> <Delay = 0.00>
ST_1 : Operation 286 [1/1] (0.00ns)   --->   "%B_buff_61_load = load i32 %B_buff_61"   --->   Operation 286 'load' 'B_buff_61_load' <Predicate = (exitcond467)> <Delay = 0.00>
ST_1 : Operation 287 [1/1] (0.00ns)   --->   "%B_buff_62_load = load i32 %B_buff_62"   --->   Operation 287 'load' 'B_buff_62_load' <Predicate = (exitcond467)> <Delay = 0.00>
ST_1 : Operation 288 [1/1] (0.00ns)   --->   "%B_buff_63_load = load i32 %B_buff_63"   --->   Operation 288 'load' 'B_buff_63_load' <Predicate = (exitcond467)> <Delay = 0.00>
ST_1 : Operation 289 [1/1] (0.00ns)   --->   "%write_ln0 = write void @_ssdm_op_Write.ap_auto.i32P0A, i32 %B_buff_63_out, i32 %B_buff_63_load"   --->   Operation 289 'write' 'write_ln0' <Predicate = (exitcond467)> <Delay = 0.00>
ST_1 : Operation 290 [1/1] (0.00ns)   --->   "%write_ln0 = write void @_ssdm_op_Write.ap_auto.i32P0A, i32 %B_buff_62_out, i32 %B_buff_62_load"   --->   Operation 290 'write' 'write_ln0' <Predicate = (exitcond467)> <Delay = 0.00>
ST_1 : Operation 291 [1/1] (0.00ns)   --->   "%write_ln0 = write void @_ssdm_op_Write.ap_auto.i32P0A, i32 %B_buff_61_out, i32 %B_buff_61_load"   --->   Operation 291 'write' 'write_ln0' <Predicate = (exitcond467)> <Delay = 0.00>
ST_1 : Operation 292 [1/1] (0.00ns)   --->   "%write_ln0 = write void @_ssdm_op_Write.ap_auto.i32P0A, i32 %B_buff_60_out, i32 %B_buff_60_load"   --->   Operation 292 'write' 'write_ln0' <Predicate = (exitcond467)> <Delay = 0.00>
ST_1 : Operation 293 [1/1] (0.00ns)   --->   "%write_ln0 = write void @_ssdm_op_Write.ap_auto.i32P0A, i32 %B_buff_59_out, i32 %B_buff_59_load"   --->   Operation 293 'write' 'write_ln0' <Predicate = (exitcond467)> <Delay = 0.00>
ST_1 : Operation 294 [1/1] (0.00ns)   --->   "%write_ln0 = write void @_ssdm_op_Write.ap_auto.i32P0A, i32 %B_buff_58_out, i32 %B_buff_58_load"   --->   Operation 294 'write' 'write_ln0' <Predicate = (exitcond467)> <Delay = 0.00>
ST_1 : Operation 295 [1/1] (0.00ns)   --->   "%write_ln0 = write void @_ssdm_op_Write.ap_auto.i32P0A, i32 %B_buff_57_out, i32 %B_buff_57_load"   --->   Operation 295 'write' 'write_ln0' <Predicate = (exitcond467)> <Delay = 0.00>
ST_1 : Operation 296 [1/1] (0.00ns)   --->   "%write_ln0 = write void @_ssdm_op_Write.ap_auto.i32P0A, i32 %B_buff_56_out, i32 %B_buff_56_load"   --->   Operation 296 'write' 'write_ln0' <Predicate = (exitcond467)> <Delay = 0.00>
ST_1 : Operation 297 [1/1] (0.00ns)   --->   "%write_ln0 = write void @_ssdm_op_Write.ap_auto.i32P0A, i32 %B_buff_55_out, i32 %B_buff_55_load"   --->   Operation 297 'write' 'write_ln0' <Predicate = (exitcond467)> <Delay = 0.00>
ST_1 : Operation 298 [1/1] (0.00ns)   --->   "%write_ln0 = write void @_ssdm_op_Write.ap_auto.i32P0A, i32 %B_buff_54_out, i32 %B_buff_54_load"   --->   Operation 298 'write' 'write_ln0' <Predicate = (exitcond467)> <Delay = 0.00>
ST_1 : Operation 299 [1/1] (0.00ns)   --->   "%write_ln0 = write void @_ssdm_op_Write.ap_auto.i32P0A, i32 %B_buff_53_out, i32 %B_buff_53_load"   --->   Operation 299 'write' 'write_ln0' <Predicate = (exitcond467)> <Delay = 0.00>
ST_1 : Operation 300 [1/1] (0.00ns)   --->   "%write_ln0 = write void @_ssdm_op_Write.ap_auto.i32P0A, i32 %B_buff_52_out, i32 %B_buff_52_load"   --->   Operation 300 'write' 'write_ln0' <Predicate = (exitcond467)> <Delay = 0.00>
ST_1 : Operation 301 [1/1] (0.00ns)   --->   "%write_ln0 = write void @_ssdm_op_Write.ap_auto.i32P0A, i32 %B_buff_51_out, i32 %B_buff_51_load"   --->   Operation 301 'write' 'write_ln0' <Predicate = (exitcond467)> <Delay = 0.00>
ST_1 : Operation 302 [1/1] (0.00ns)   --->   "%write_ln0 = write void @_ssdm_op_Write.ap_auto.i32P0A, i32 %B_buff_50_out, i32 %B_buff_50_load"   --->   Operation 302 'write' 'write_ln0' <Predicate = (exitcond467)> <Delay = 0.00>
ST_1 : Operation 303 [1/1] (0.00ns)   --->   "%write_ln0 = write void @_ssdm_op_Write.ap_auto.i32P0A, i32 %B_buff_49_out, i32 %B_buff_49_load"   --->   Operation 303 'write' 'write_ln0' <Predicate = (exitcond467)> <Delay = 0.00>
ST_1 : Operation 304 [1/1] (0.00ns)   --->   "%write_ln0 = write void @_ssdm_op_Write.ap_auto.i32P0A, i32 %B_buff_48_out, i32 %B_buff_48_load"   --->   Operation 304 'write' 'write_ln0' <Predicate = (exitcond467)> <Delay = 0.00>
ST_1 : Operation 305 [1/1] (0.00ns)   --->   "%write_ln0 = write void @_ssdm_op_Write.ap_auto.i32P0A, i32 %B_buff_47_out, i32 %B_buff_47_load"   --->   Operation 305 'write' 'write_ln0' <Predicate = (exitcond467)> <Delay = 0.00>
ST_1 : Operation 306 [1/1] (0.00ns)   --->   "%write_ln0 = write void @_ssdm_op_Write.ap_auto.i32P0A, i32 %B_buff_46_out, i32 %B_buff_46_load"   --->   Operation 306 'write' 'write_ln0' <Predicate = (exitcond467)> <Delay = 0.00>
ST_1 : Operation 307 [1/1] (0.00ns)   --->   "%write_ln0 = write void @_ssdm_op_Write.ap_auto.i32P0A, i32 %B_buff_45_out, i32 %B_buff_45_load"   --->   Operation 307 'write' 'write_ln0' <Predicate = (exitcond467)> <Delay = 0.00>
ST_1 : Operation 308 [1/1] (0.00ns)   --->   "%write_ln0 = write void @_ssdm_op_Write.ap_auto.i32P0A, i32 %B_buff_44_out, i32 %B_buff_44_load"   --->   Operation 308 'write' 'write_ln0' <Predicate = (exitcond467)> <Delay = 0.00>
ST_1 : Operation 309 [1/1] (0.00ns)   --->   "%write_ln0 = write void @_ssdm_op_Write.ap_auto.i32P0A, i32 %B_buff_43_out, i32 %B_buff_43_load"   --->   Operation 309 'write' 'write_ln0' <Predicate = (exitcond467)> <Delay = 0.00>
ST_1 : Operation 310 [1/1] (0.00ns)   --->   "%write_ln0 = write void @_ssdm_op_Write.ap_auto.i32P0A, i32 %B_buff_42_out, i32 %B_buff_42_load"   --->   Operation 310 'write' 'write_ln0' <Predicate = (exitcond467)> <Delay = 0.00>
ST_1 : Operation 311 [1/1] (0.00ns)   --->   "%write_ln0 = write void @_ssdm_op_Write.ap_auto.i32P0A, i32 %B_buff_41_out, i32 %B_buff_41_load"   --->   Operation 311 'write' 'write_ln0' <Predicate = (exitcond467)> <Delay = 0.00>
ST_1 : Operation 312 [1/1] (0.00ns)   --->   "%write_ln0 = write void @_ssdm_op_Write.ap_auto.i32P0A, i32 %B_buff_40_out, i32 %B_buff_40_load"   --->   Operation 312 'write' 'write_ln0' <Predicate = (exitcond467)> <Delay = 0.00>
ST_1 : Operation 313 [1/1] (0.00ns)   --->   "%write_ln0 = write void @_ssdm_op_Write.ap_auto.i32P0A, i32 %B_buff_39_out, i32 %B_buff_39_load"   --->   Operation 313 'write' 'write_ln0' <Predicate = (exitcond467)> <Delay = 0.00>
ST_1 : Operation 314 [1/1] (0.00ns)   --->   "%write_ln0 = write void @_ssdm_op_Write.ap_auto.i32P0A, i32 %B_buff_38_out, i32 %B_buff_38_load"   --->   Operation 314 'write' 'write_ln0' <Predicate = (exitcond467)> <Delay = 0.00>
ST_1 : Operation 315 [1/1] (0.00ns)   --->   "%write_ln0 = write void @_ssdm_op_Write.ap_auto.i32P0A, i32 %B_buff_37_out, i32 %B_buff_37_load"   --->   Operation 315 'write' 'write_ln0' <Predicate = (exitcond467)> <Delay = 0.00>
ST_1 : Operation 316 [1/1] (0.00ns)   --->   "%write_ln0 = write void @_ssdm_op_Write.ap_auto.i32P0A, i32 %B_buff_36_out, i32 %B_buff_36_load"   --->   Operation 316 'write' 'write_ln0' <Predicate = (exitcond467)> <Delay = 0.00>
ST_1 : Operation 317 [1/1] (0.00ns)   --->   "%write_ln0 = write void @_ssdm_op_Write.ap_auto.i32P0A, i32 %B_buff_35_out, i32 %B_buff_35_load"   --->   Operation 317 'write' 'write_ln0' <Predicate = (exitcond467)> <Delay = 0.00>
ST_1 : Operation 318 [1/1] (0.00ns)   --->   "%write_ln0 = write void @_ssdm_op_Write.ap_auto.i32P0A, i32 %B_buff_34_out, i32 %B_buff_34_load"   --->   Operation 318 'write' 'write_ln0' <Predicate = (exitcond467)> <Delay = 0.00>
ST_1 : Operation 319 [1/1] (0.00ns)   --->   "%write_ln0 = write void @_ssdm_op_Write.ap_auto.i32P0A, i32 %B_buff_33_out, i32 %B_buff_33_load"   --->   Operation 319 'write' 'write_ln0' <Predicate = (exitcond467)> <Delay = 0.00>
ST_1 : Operation 320 [1/1] (0.00ns)   --->   "%write_ln0 = write void @_ssdm_op_Write.ap_auto.i32P0A, i32 %B_buff_32_out, i32 %B_buff_32_load"   --->   Operation 320 'write' 'write_ln0' <Predicate = (exitcond467)> <Delay = 0.00>
ST_1 : Operation 321 [1/1] (0.00ns)   --->   "%write_ln0 = write void @_ssdm_op_Write.ap_auto.i32P0A, i32 %B_buff_31_out, i32 %B_buff_31_load"   --->   Operation 321 'write' 'write_ln0' <Predicate = (exitcond467)> <Delay = 0.00>
ST_1 : Operation 322 [1/1] (0.00ns)   --->   "%write_ln0 = write void @_ssdm_op_Write.ap_auto.i32P0A, i32 %B_buff_30_out, i32 %B_buff_30_load"   --->   Operation 322 'write' 'write_ln0' <Predicate = (exitcond467)> <Delay = 0.00>
ST_1 : Operation 323 [1/1] (0.00ns)   --->   "%write_ln0 = write void @_ssdm_op_Write.ap_auto.i32P0A, i32 %B_buff_29_out, i32 %B_buff_29_load"   --->   Operation 323 'write' 'write_ln0' <Predicate = (exitcond467)> <Delay = 0.00>
ST_1 : Operation 324 [1/1] (0.00ns)   --->   "%write_ln0 = write void @_ssdm_op_Write.ap_auto.i32P0A, i32 %B_buff_28_out, i32 %B_buff_28_load"   --->   Operation 324 'write' 'write_ln0' <Predicate = (exitcond467)> <Delay = 0.00>
ST_1 : Operation 325 [1/1] (0.00ns)   --->   "%write_ln0 = write void @_ssdm_op_Write.ap_auto.i32P0A, i32 %B_buff_27_out, i32 %B_buff_27_load"   --->   Operation 325 'write' 'write_ln0' <Predicate = (exitcond467)> <Delay = 0.00>
ST_1 : Operation 326 [1/1] (0.00ns)   --->   "%write_ln0 = write void @_ssdm_op_Write.ap_auto.i32P0A, i32 %B_buff_26_out, i32 %B_buff_26_load"   --->   Operation 326 'write' 'write_ln0' <Predicate = (exitcond467)> <Delay = 0.00>
ST_1 : Operation 327 [1/1] (0.00ns)   --->   "%write_ln0 = write void @_ssdm_op_Write.ap_auto.i32P0A, i32 %B_buff_25_out, i32 %B_buff_25_load"   --->   Operation 327 'write' 'write_ln0' <Predicate = (exitcond467)> <Delay = 0.00>
ST_1 : Operation 328 [1/1] (0.00ns)   --->   "%write_ln0 = write void @_ssdm_op_Write.ap_auto.i32P0A, i32 %B_buff_24_out, i32 %B_buff_24_load"   --->   Operation 328 'write' 'write_ln0' <Predicate = (exitcond467)> <Delay = 0.00>
ST_1 : Operation 329 [1/1] (0.00ns)   --->   "%write_ln0 = write void @_ssdm_op_Write.ap_auto.i32P0A, i32 %B_buff_23_out, i32 %B_buff_23_load"   --->   Operation 329 'write' 'write_ln0' <Predicate = (exitcond467)> <Delay = 0.00>
ST_1 : Operation 330 [1/1] (0.00ns)   --->   "%write_ln0 = write void @_ssdm_op_Write.ap_auto.i32P0A, i32 %B_buff_22_out, i32 %B_buff_22_load"   --->   Operation 330 'write' 'write_ln0' <Predicate = (exitcond467)> <Delay = 0.00>
ST_1 : Operation 331 [1/1] (0.00ns)   --->   "%write_ln0 = write void @_ssdm_op_Write.ap_auto.i32P0A, i32 %B_buff_21_out, i32 %B_buff_21_load"   --->   Operation 331 'write' 'write_ln0' <Predicate = (exitcond467)> <Delay = 0.00>
ST_1 : Operation 332 [1/1] (0.00ns)   --->   "%write_ln0 = write void @_ssdm_op_Write.ap_auto.i32P0A, i32 %B_buff_20_out, i32 %B_buff_20_load"   --->   Operation 332 'write' 'write_ln0' <Predicate = (exitcond467)> <Delay = 0.00>
ST_1 : Operation 333 [1/1] (0.00ns)   --->   "%write_ln0 = write void @_ssdm_op_Write.ap_auto.i32P0A, i32 %B_buff_19_out, i32 %B_buff_19_load"   --->   Operation 333 'write' 'write_ln0' <Predicate = (exitcond467)> <Delay = 0.00>
ST_1 : Operation 334 [1/1] (0.00ns)   --->   "%write_ln0 = write void @_ssdm_op_Write.ap_auto.i32P0A, i32 %B_buff_18_out, i32 %B_buff_18_load"   --->   Operation 334 'write' 'write_ln0' <Predicate = (exitcond467)> <Delay = 0.00>
ST_1 : Operation 335 [1/1] (0.00ns)   --->   "%write_ln0 = write void @_ssdm_op_Write.ap_auto.i32P0A, i32 %B_buff_17_out, i32 %B_buff_17_load"   --->   Operation 335 'write' 'write_ln0' <Predicate = (exitcond467)> <Delay = 0.00>
ST_1 : Operation 336 [1/1] (0.00ns)   --->   "%write_ln0 = write void @_ssdm_op_Write.ap_auto.i32P0A, i32 %B_buff_16_out, i32 %B_buff_16_load"   --->   Operation 336 'write' 'write_ln0' <Predicate = (exitcond467)> <Delay = 0.00>
ST_1 : Operation 337 [1/1] (0.00ns)   --->   "%write_ln0 = write void @_ssdm_op_Write.ap_auto.i32P0A, i32 %B_buff_15_out, i32 %B_buff_15_load"   --->   Operation 337 'write' 'write_ln0' <Predicate = (exitcond467)> <Delay = 0.00>
ST_1 : Operation 338 [1/1] (0.00ns)   --->   "%write_ln0 = write void @_ssdm_op_Write.ap_auto.i32P0A, i32 %B_buff_14_out, i32 %B_buff_14_load"   --->   Operation 338 'write' 'write_ln0' <Predicate = (exitcond467)> <Delay = 0.00>
ST_1 : Operation 339 [1/1] (0.00ns)   --->   "%write_ln0 = write void @_ssdm_op_Write.ap_auto.i32P0A, i32 %B_buff_13_out, i32 %B_buff_13_load"   --->   Operation 339 'write' 'write_ln0' <Predicate = (exitcond467)> <Delay = 0.00>
ST_1 : Operation 340 [1/1] (0.00ns)   --->   "%write_ln0 = write void @_ssdm_op_Write.ap_auto.i32P0A, i32 %B_buff_12_out, i32 %B_buff_12_load"   --->   Operation 340 'write' 'write_ln0' <Predicate = (exitcond467)> <Delay = 0.00>
ST_1 : Operation 341 [1/1] (0.00ns)   --->   "%write_ln0 = write void @_ssdm_op_Write.ap_auto.i32P0A, i32 %B_buff_11_out, i32 %B_buff_11_load"   --->   Operation 341 'write' 'write_ln0' <Predicate = (exitcond467)> <Delay = 0.00>
ST_1 : Operation 342 [1/1] (0.00ns)   --->   "%write_ln0 = write void @_ssdm_op_Write.ap_auto.i32P0A, i32 %B_buff_10_out, i32 %B_buff_10_load"   --->   Operation 342 'write' 'write_ln0' <Predicate = (exitcond467)> <Delay = 0.00>
ST_1 : Operation 343 [1/1] (0.00ns)   --->   "%write_ln0 = write void @_ssdm_op_Write.ap_auto.i32P0A, i32 %B_buff_9_out, i32 %B_buff_9_load"   --->   Operation 343 'write' 'write_ln0' <Predicate = (exitcond467)> <Delay = 0.00>
ST_1 : Operation 344 [1/1] (0.00ns)   --->   "%write_ln0 = write void @_ssdm_op_Write.ap_auto.i32P0A, i32 %B_buff_8_out, i32 %B_buff_8_load"   --->   Operation 344 'write' 'write_ln0' <Predicate = (exitcond467)> <Delay = 0.00>
ST_1 : Operation 345 [1/1] (0.00ns)   --->   "%write_ln0 = write void @_ssdm_op_Write.ap_auto.i32P0A, i32 %B_buff_7_out, i32 %B_buff_7_load"   --->   Operation 345 'write' 'write_ln0' <Predicate = (exitcond467)> <Delay = 0.00>
ST_1 : Operation 346 [1/1] (0.00ns)   --->   "%write_ln0 = write void @_ssdm_op_Write.ap_auto.i32P0A, i32 %B_buff_6_out, i32 %B_buff_6_load"   --->   Operation 346 'write' 'write_ln0' <Predicate = (exitcond467)> <Delay = 0.00>
ST_1 : Operation 347 [1/1] (0.00ns)   --->   "%write_ln0 = write void @_ssdm_op_Write.ap_auto.i32P0A, i32 %B_buff_5_out, i32 %B_buff_5_load"   --->   Operation 347 'write' 'write_ln0' <Predicate = (exitcond467)> <Delay = 0.00>
ST_1 : Operation 348 [1/1] (0.00ns)   --->   "%write_ln0 = write void @_ssdm_op_Write.ap_auto.i32P0A, i32 %B_buff_4_out, i32 %B_buff_4_load"   --->   Operation 348 'write' 'write_ln0' <Predicate = (exitcond467)> <Delay = 0.00>
ST_1 : Operation 349 [1/1] (0.00ns)   --->   "%write_ln0 = write void @_ssdm_op_Write.ap_auto.i32P0A, i32 %B_buff_3_out, i32 %B_buff_3_load"   --->   Operation 349 'write' 'write_ln0' <Predicate = (exitcond467)> <Delay = 0.00>
ST_1 : Operation 350 [1/1] (0.00ns)   --->   "%write_ln0 = write void @_ssdm_op_Write.ap_auto.i32P0A, i32 %B_buff_2_out, i32 %B_buff_2_load"   --->   Operation 350 'write' 'write_ln0' <Predicate = (exitcond467)> <Delay = 0.00>
ST_1 : Operation 351 [1/1] (0.00ns)   --->   "%write_ln0 = write void @_ssdm_op_Write.ap_auto.i32P0A, i32 %B_buff_1_out, i32 %B_buff_1_load"   --->   Operation 351 'write' 'write_ln0' <Predicate = (exitcond467)> <Delay = 0.00>
ST_1 : Operation 352 [1/1] (0.00ns)   --->   "%write_ln0 = write void @_ssdm_op_Write.ap_auto.i32P0A, i32 %B_buff_out, i32 %B_buff_load"   --->   Operation 352 'write' 'write_ln0' <Predicate = (exitcond467)> <Delay = 0.00>
ST_1 : Operation 353 [1/1] (0.00ns)   --->   "%ret_ln0 = ret"   --->   Operation 353 'ret' 'ret_ln0' <Predicate = (exitcond467)> <Delay = 0.00>

State 2 <SV = 1> <Delay = 7.30>
ST_2 : Operation 96 [1/1] (7.30ns)   --->   "%B_buff_64 = read i32 @_ssdm_op_Read.m_axi.p1i32, i32 %B_port_addr" [gemm.cc:35]   --->   Operation 96 'read' 'B_buff_64' <Predicate = true> <Delay = 7.30> <CoreInst = "m_axi">   --->   Core 121 'm_axi' <Latency = 0> <II = 1> <Delay = 1.00> <Adapter> <Opcode : 'read' 'write' 'readreq' 'writereq' 'writeresp'>
ST_2 : Operation 97 [1/1] (0.00ns)   --->   "%store_ln35 = store i32 %B_buff_64, i32 %B_buff_54" [gemm.cc:35]   --->   Operation 97 'store' 'store_ln35' <Predicate = (p_cast == 6 & empty_24 == 6)> <Delay = 0.00>
ST_2 : Operation 98 [1/1] (0.00ns)   --->   "%br_ln0 = br void %.exit48"   --->   Operation 98 'br' 'br_ln0' <Predicate = (p_cast == 6 & empty_24 == 6)> <Delay = 0.00>
ST_2 : Operation 99 [1/1] (0.00ns)   --->   "%store_ln35 = store i32 %B_buff_64, i32 %B_buff_53" [gemm.cc:35]   --->   Operation 99 'store' 'store_ln35' <Predicate = (p_cast == 6 & empty_24 == 5)> <Delay = 0.00>
ST_2 : Operation 100 [1/1] (0.00ns)   --->   "%br_ln0 = br void %.exit48"   --->   Operation 100 'br' 'br_ln0' <Predicate = (p_cast == 6 & empty_24 == 5)> <Delay = 0.00>
ST_2 : Operation 101 [1/1] (0.00ns)   --->   "%store_ln35 = store i32 %B_buff_64, i32 %B_buff_52" [gemm.cc:35]   --->   Operation 101 'store' 'store_ln35' <Predicate = (p_cast == 6 & empty_24 == 4)> <Delay = 0.00>
ST_2 : Operation 102 [1/1] (0.00ns)   --->   "%br_ln0 = br void %.exit48"   --->   Operation 102 'br' 'br_ln0' <Predicate = (p_cast == 6 & empty_24 == 4)> <Delay = 0.00>
ST_2 : Operation 103 [1/1] (0.00ns)   --->   "%store_ln35 = store i32 %B_buff_64, i32 %B_buff_51" [gemm.cc:35]   --->   Operation 103 'store' 'store_ln35' <Predicate = (p_cast == 6 & empty_24 == 3)> <Delay = 0.00>
ST_2 : Operation 104 [1/1] (0.00ns)   --->   "%br_ln0 = br void %.exit48"   --->   Operation 104 'br' 'br_ln0' <Predicate = (p_cast == 6 & empty_24 == 3)> <Delay = 0.00>
ST_2 : Operation 105 [1/1] (0.00ns)   --->   "%store_ln35 = store i32 %B_buff_64, i32 %B_buff_50" [gemm.cc:35]   --->   Operation 105 'store' 'store_ln35' <Predicate = (p_cast == 6 & empty_24 == 2)> <Delay = 0.00>
ST_2 : Operation 106 [1/1] (0.00ns)   --->   "%br_ln0 = br void %.exit48"   --->   Operation 106 'br' 'br_ln0' <Predicate = (p_cast == 6 & empty_24 == 2)> <Delay = 0.00>
ST_2 : Operation 107 [1/1] (0.00ns)   --->   "%store_ln35 = store i32 %B_buff_64, i32 %B_buff_49" [gemm.cc:35]   --->   Operation 107 'store' 'store_ln35' <Predicate = (p_cast == 6 & empty_24 == 1)> <Delay = 0.00>
ST_2 : Operation 108 [1/1] (0.00ns)   --->   "%br_ln0 = br void %.exit48"   --->   Operation 108 'br' 'br_ln0' <Predicate = (p_cast == 6 & empty_24 == 1)> <Delay = 0.00>
ST_2 : Operation 109 [1/1] (0.00ns)   --->   "%store_ln35 = store i32 %B_buff_64, i32 %B_buff_48" [gemm.cc:35]   --->   Operation 109 'store' 'store_ln35' <Predicate = (p_cast == 6 & empty_24 == 0)> <Delay = 0.00>
ST_2 : Operation 110 [1/1] (0.00ns)   --->   "%br_ln0 = br void %.exit48"   --->   Operation 110 'br' 'br_ln0' <Predicate = (p_cast == 6 & empty_24 == 0)> <Delay = 0.00>
ST_2 : Operation 111 [1/1] (0.00ns)   --->   "%store_ln35 = store i32 %B_buff_64, i32 %B_buff_55" [gemm.cc:35]   --->   Operation 111 'store' 'store_ln35' <Predicate = (p_cast == 6 & empty_24 == 7)> <Delay = 0.00>
ST_2 : Operation 112 [1/1] (0.00ns)   --->   "%br_ln0 = br void %.exit48"   --->   Operation 112 'br' 'br_ln0' <Predicate = (p_cast == 6 & empty_24 == 7)> <Delay = 0.00>
ST_2 : Operation 113 [1/1] (0.00ns)   --->   "%store_ln35 = store i32 %B_buff_64, i32 %B_buff_46" [gemm.cc:35]   --->   Operation 113 'store' 'store_ln35' <Predicate = (p_cast == 5 & empty_24 == 6)> <Delay = 0.00>
ST_2 : Operation 114 [1/1] (0.00ns)   --->   "%br_ln0 = br void %.exit48"   --->   Operation 114 'br' 'br_ln0' <Predicate = (p_cast == 5 & empty_24 == 6)> <Delay = 0.00>
ST_2 : Operation 115 [1/1] (0.00ns)   --->   "%store_ln35 = store i32 %B_buff_64, i32 %B_buff_45" [gemm.cc:35]   --->   Operation 115 'store' 'store_ln35' <Predicate = (p_cast == 5 & empty_24 == 5)> <Delay = 0.00>
ST_2 : Operation 116 [1/1] (0.00ns)   --->   "%br_ln0 = br void %.exit48"   --->   Operation 116 'br' 'br_ln0' <Predicate = (p_cast == 5 & empty_24 == 5)> <Delay = 0.00>
ST_2 : Operation 117 [1/1] (0.00ns)   --->   "%store_ln35 = store i32 %B_buff_64, i32 %B_buff_44" [gemm.cc:35]   --->   Operation 117 'store' 'store_ln35' <Predicate = (p_cast == 5 & empty_24 == 4)> <Delay = 0.00>
ST_2 : Operation 118 [1/1] (0.00ns)   --->   "%br_ln0 = br void %.exit48"   --->   Operation 118 'br' 'br_ln0' <Predicate = (p_cast == 5 & empty_24 == 4)> <Delay = 0.00>
ST_2 : Operation 119 [1/1] (0.00ns)   --->   "%store_ln35 = store i32 %B_buff_64, i32 %B_buff_43" [gemm.cc:35]   --->   Operation 119 'store' 'store_ln35' <Predicate = (p_cast == 5 & empty_24 == 3)> <Delay = 0.00>
ST_2 : Operation 120 [1/1] (0.00ns)   --->   "%br_ln0 = br void %.exit48"   --->   Operation 120 'br' 'br_ln0' <Predicate = (p_cast == 5 & empty_24 == 3)> <Delay = 0.00>
ST_2 : Operation 121 [1/1] (0.00ns)   --->   "%store_ln35 = store i32 %B_buff_64, i32 %B_buff_42" [gemm.cc:35]   --->   Operation 121 'store' 'store_ln35' <Predicate = (p_cast == 5 & empty_24 == 2)> <Delay = 0.00>
ST_2 : Operation 122 [1/1] (0.00ns)   --->   "%br_ln0 = br void %.exit48"   --->   Operation 122 'br' 'br_ln0' <Predicate = (p_cast == 5 & empty_24 == 2)> <Delay = 0.00>
ST_2 : Operation 123 [1/1] (0.00ns)   --->   "%store_ln35 = store i32 %B_buff_64, i32 %B_buff_41" [gemm.cc:35]   --->   Operation 123 'store' 'store_ln35' <Predicate = (p_cast == 5 & empty_24 == 1)> <Delay = 0.00>
ST_2 : Operation 124 [1/1] (0.00ns)   --->   "%br_ln0 = br void %.exit48"   --->   Operation 124 'br' 'br_ln0' <Predicate = (p_cast == 5 & empty_24 == 1)> <Delay = 0.00>
ST_2 : Operation 125 [1/1] (0.00ns)   --->   "%store_ln35 = store i32 %B_buff_64, i32 %B_buff_40" [gemm.cc:35]   --->   Operation 125 'store' 'store_ln35' <Predicate = (p_cast == 5 & empty_24 == 0)> <Delay = 0.00>
ST_2 : Operation 126 [1/1] (0.00ns)   --->   "%br_ln0 = br void %.exit48"   --->   Operation 126 'br' 'br_ln0' <Predicate = (p_cast == 5 & empty_24 == 0)> <Delay = 0.00>
ST_2 : Operation 127 [1/1] (0.00ns)   --->   "%store_ln35 = store i32 %B_buff_64, i32 %B_buff_47" [gemm.cc:35]   --->   Operation 127 'store' 'store_ln35' <Predicate = (p_cast == 5 & empty_24 == 7)> <Delay = 0.00>
ST_2 : Operation 128 [1/1] (0.00ns)   --->   "%br_ln0 = br void %.exit48"   --->   Operation 128 'br' 'br_ln0' <Predicate = (p_cast == 5 & empty_24 == 7)> <Delay = 0.00>
ST_2 : Operation 129 [1/1] (0.00ns)   --->   "%store_ln35 = store i32 %B_buff_64, i32 %B_buff_38" [gemm.cc:35]   --->   Operation 129 'store' 'store_ln35' <Predicate = (p_cast == 4 & empty_24 == 6)> <Delay = 0.00>
ST_2 : Operation 130 [1/1] (0.00ns)   --->   "%br_ln0 = br void %.exit48"   --->   Operation 130 'br' 'br_ln0' <Predicate = (p_cast == 4 & empty_24 == 6)> <Delay = 0.00>
ST_2 : Operation 131 [1/1] (0.00ns)   --->   "%store_ln35 = store i32 %B_buff_64, i32 %B_buff_37" [gemm.cc:35]   --->   Operation 131 'store' 'store_ln35' <Predicate = (p_cast == 4 & empty_24 == 5)> <Delay = 0.00>
ST_2 : Operation 132 [1/1] (0.00ns)   --->   "%br_ln0 = br void %.exit48"   --->   Operation 132 'br' 'br_ln0' <Predicate = (p_cast == 4 & empty_24 == 5)> <Delay = 0.00>
ST_2 : Operation 133 [1/1] (0.00ns)   --->   "%store_ln35 = store i32 %B_buff_64, i32 %B_buff_36" [gemm.cc:35]   --->   Operation 133 'store' 'store_ln35' <Predicate = (p_cast == 4 & empty_24 == 4)> <Delay = 0.00>
ST_2 : Operation 134 [1/1] (0.00ns)   --->   "%br_ln0 = br void %.exit48"   --->   Operation 134 'br' 'br_ln0' <Predicate = (p_cast == 4 & empty_24 == 4)> <Delay = 0.00>
ST_2 : Operation 135 [1/1] (0.00ns)   --->   "%store_ln35 = store i32 %B_buff_64, i32 %B_buff_35" [gemm.cc:35]   --->   Operation 135 'store' 'store_ln35' <Predicate = (p_cast == 4 & empty_24 == 3)> <Delay = 0.00>
ST_2 : Operation 136 [1/1] (0.00ns)   --->   "%br_ln0 = br void %.exit48"   --->   Operation 136 'br' 'br_ln0' <Predicate = (p_cast == 4 & empty_24 == 3)> <Delay = 0.00>
ST_2 : Operation 137 [1/1] (0.00ns)   --->   "%store_ln35 = store i32 %B_buff_64, i32 %B_buff_34" [gemm.cc:35]   --->   Operation 137 'store' 'store_ln35' <Predicate = (p_cast == 4 & empty_24 == 2)> <Delay = 0.00>
ST_2 : Operation 138 [1/1] (0.00ns)   --->   "%br_ln0 = br void %.exit48"   --->   Operation 138 'br' 'br_ln0' <Predicate = (p_cast == 4 & empty_24 == 2)> <Delay = 0.00>
ST_2 : Operation 139 [1/1] (0.00ns)   --->   "%store_ln35 = store i32 %B_buff_64, i32 %B_buff_33" [gemm.cc:35]   --->   Operation 139 'store' 'store_ln35' <Predicate = (p_cast == 4 & empty_24 == 1)> <Delay = 0.00>
ST_2 : Operation 140 [1/1] (0.00ns)   --->   "%br_ln0 = br void %.exit48"   --->   Operation 140 'br' 'br_ln0' <Predicate = (p_cast == 4 & empty_24 == 1)> <Delay = 0.00>
ST_2 : Operation 141 [1/1] (0.00ns)   --->   "%store_ln35 = store i32 %B_buff_64, i32 %B_buff_32" [gemm.cc:35]   --->   Operation 141 'store' 'store_ln35' <Predicate = (p_cast == 4 & empty_24 == 0)> <Delay = 0.00>
ST_2 : Operation 142 [1/1] (0.00ns)   --->   "%br_ln0 = br void %.exit48"   --->   Operation 142 'br' 'br_ln0' <Predicate = (p_cast == 4 & empty_24 == 0)> <Delay = 0.00>
ST_2 : Operation 143 [1/1] (0.00ns)   --->   "%store_ln35 = store i32 %B_buff_64, i32 %B_buff_39" [gemm.cc:35]   --->   Operation 143 'store' 'store_ln35' <Predicate = (p_cast == 4 & empty_24 == 7)> <Delay = 0.00>
ST_2 : Operation 144 [1/1] (0.00ns)   --->   "%br_ln0 = br void %.exit48"   --->   Operation 144 'br' 'br_ln0' <Predicate = (p_cast == 4 & empty_24 == 7)> <Delay = 0.00>
ST_2 : Operation 145 [1/1] (0.00ns)   --->   "%store_ln35 = store i32 %B_buff_64, i32 %B_buff_30" [gemm.cc:35]   --->   Operation 145 'store' 'store_ln35' <Predicate = (p_cast == 3 & empty_24 == 6)> <Delay = 0.00>
ST_2 : Operation 146 [1/1] (0.00ns)   --->   "%br_ln0 = br void %.exit48"   --->   Operation 146 'br' 'br_ln0' <Predicate = (p_cast == 3 & empty_24 == 6)> <Delay = 0.00>
ST_2 : Operation 147 [1/1] (0.00ns)   --->   "%store_ln35 = store i32 %B_buff_64, i32 %B_buff_29" [gemm.cc:35]   --->   Operation 147 'store' 'store_ln35' <Predicate = (p_cast == 3 & empty_24 == 5)> <Delay = 0.00>
ST_2 : Operation 148 [1/1] (0.00ns)   --->   "%br_ln0 = br void %.exit48"   --->   Operation 148 'br' 'br_ln0' <Predicate = (p_cast == 3 & empty_24 == 5)> <Delay = 0.00>
ST_2 : Operation 149 [1/1] (0.00ns)   --->   "%store_ln35 = store i32 %B_buff_64, i32 %B_buff_28" [gemm.cc:35]   --->   Operation 149 'store' 'store_ln35' <Predicate = (p_cast == 3 & empty_24 == 4)> <Delay = 0.00>
ST_2 : Operation 150 [1/1] (0.00ns)   --->   "%br_ln0 = br void %.exit48"   --->   Operation 150 'br' 'br_ln0' <Predicate = (p_cast == 3 & empty_24 == 4)> <Delay = 0.00>
ST_2 : Operation 151 [1/1] (0.00ns)   --->   "%store_ln35 = store i32 %B_buff_64, i32 %B_buff_27" [gemm.cc:35]   --->   Operation 151 'store' 'store_ln35' <Predicate = (p_cast == 3 & empty_24 == 3)> <Delay = 0.00>
ST_2 : Operation 152 [1/1] (0.00ns)   --->   "%br_ln0 = br void %.exit48"   --->   Operation 152 'br' 'br_ln0' <Predicate = (p_cast == 3 & empty_24 == 3)> <Delay = 0.00>
ST_2 : Operation 153 [1/1] (0.00ns)   --->   "%store_ln35 = store i32 %B_buff_64, i32 %B_buff_26" [gemm.cc:35]   --->   Operation 153 'store' 'store_ln35' <Predicate = (p_cast == 3 & empty_24 == 2)> <Delay = 0.00>
ST_2 : Operation 154 [1/1] (0.00ns)   --->   "%br_ln0 = br void %.exit48"   --->   Operation 154 'br' 'br_ln0' <Predicate = (p_cast == 3 & empty_24 == 2)> <Delay = 0.00>
ST_2 : Operation 155 [1/1] (0.00ns)   --->   "%store_ln35 = store i32 %B_buff_64, i32 %B_buff_25" [gemm.cc:35]   --->   Operation 155 'store' 'store_ln35' <Predicate = (p_cast == 3 & empty_24 == 1)> <Delay = 0.00>
ST_2 : Operation 156 [1/1] (0.00ns)   --->   "%br_ln0 = br void %.exit48"   --->   Operation 156 'br' 'br_ln0' <Predicate = (p_cast == 3 & empty_24 == 1)> <Delay = 0.00>
ST_2 : Operation 157 [1/1] (0.00ns)   --->   "%store_ln35 = store i32 %B_buff_64, i32 %B_buff_24" [gemm.cc:35]   --->   Operation 157 'store' 'store_ln35' <Predicate = (p_cast == 3 & empty_24 == 0)> <Delay = 0.00>
ST_2 : Operation 158 [1/1] (0.00ns)   --->   "%br_ln0 = br void %.exit48"   --->   Operation 158 'br' 'br_ln0' <Predicate = (p_cast == 3 & empty_24 == 0)> <Delay = 0.00>
ST_2 : Operation 159 [1/1] (0.00ns)   --->   "%store_ln35 = store i32 %B_buff_64, i32 %B_buff_31" [gemm.cc:35]   --->   Operation 159 'store' 'store_ln35' <Predicate = (p_cast == 3 & empty_24 == 7)> <Delay = 0.00>
ST_2 : Operation 160 [1/1] (0.00ns)   --->   "%br_ln0 = br void %.exit48"   --->   Operation 160 'br' 'br_ln0' <Predicate = (p_cast == 3 & empty_24 == 7)> <Delay = 0.00>
ST_2 : Operation 161 [1/1] (0.00ns)   --->   "%store_ln35 = store i32 %B_buff_64, i32 %B_buff_22" [gemm.cc:35]   --->   Operation 161 'store' 'store_ln35' <Predicate = (p_cast == 2 & empty_24 == 6)> <Delay = 0.00>
ST_2 : Operation 162 [1/1] (0.00ns)   --->   "%br_ln0 = br void %.exit48"   --->   Operation 162 'br' 'br_ln0' <Predicate = (p_cast == 2 & empty_24 == 6)> <Delay = 0.00>
ST_2 : Operation 163 [1/1] (0.00ns)   --->   "%store_ln35 = store i32 %B_buff_64, i32 %B_buff_21" [gemm.cc:35]   --->   Operation 163 'store' 'store_ln35' <Predicate = (p_cast == 2 & empty_24 == 5)> <Delay = 0.00>
ST_2 : Operation 164 [1/1] (0.00ns)   --->   "%br_ln0 = br void %.exit48"   --->   Operation 164 'br' 'br_ln0' <Predicate = (p_cast == 2 & empty_24 == 5)> <Delay = 0.00>
ST_2 : Operation 165 [1/1] (0.00ns)   --->   "%store_ln35 = store i32 %B_buff_64, i32 %B_buff_20" [gemm.cc:35]   --->   Operation 165 'store' 'store_ln35' <Predicate = (p_cast == 2 & empty_24 == 4)> <Delay = 0.00>
ST_2 : Operation 166 [1/1] (0.00ns)   --->   "%br_ln0 = br void %.exit48"   --->   Operation 166 'br' 'br_ln0' <Predicate = (p_cast == 2 & empty_24 == 4)> <Delay = 0.00>
ST_2 : Operation 167 [1/1] (0.00ns)   --->   "%store_ln35 = store i32 %B_buff_64, i32 %B_buff_19" [gemm.cc:35]   --->   Operation 167 'store' 'store_ln35' <Predicate = (p_cast == 2 & empty_24 == 3)> <Delay = 0.00>
ST_2 : Operation 168 [1/1] (0.00ns)   --->   "%br_ln0 = br void %.exit48"   --->   Operation 168 'br' 'br_ln0' <Predicate = (p_cast == 2 & empty_24 == 3)> <Delay = 0.00>
ST_2 : Operation 169 [1/1] (0.00ns)   --->   "%store_ln35 = store i32 %B_buff_64, i32 %B_buff_18" [gemm.cc:35]   --->   Operation 169 'store' 'store_ln35' <Predicate = (p_cast == 2 & empty_24 == 2)> <Delay = 0.00>
ST_2 : Operation 170 [1/1] (0.00ns)   --->   "%br_ln0 = br void %.exit48"   --->   Operation 170 'br' 'br_ln0' <Predicate = (p_cast == 2 & empty_24 == 2)> <Delay = 0.00>
ST_2 : Operation 171 [1/1] (0.00ns)   --->   "%store_ln35 = store i32 %B_buff_64, i32 %B_buff_17" [gemm.cc:35]   --->   Operation 171 'store' 'store_ln35' <Predicate = (p_cast == 2 & empty_24 == 1)> <Delay = 0.00>
ST_2 : Operation 172 [1/1] (0.00ns)   --->   "%br_ln0 = br void %.exit48"   --->   Operation 172 'br' 'br_ln0' <Predicate = (p_cast == 2 & empty_24 == 1)> <Delay = 0.00>
ST_2 : Operation 173 [1/1] (0.00ns)   --->   "%store_ln35 = store i32 %B_buff_64, i32 %B_buff_16" [gemm.cc:35]   --->   Operation 173 'store' 'store_ln35' <Predicate = (p_cast == 2 & empty_24 == 0)> <Delay = 0.00>
ST_2 : Operation 174 [1/1] (0.00ns)   --->   "%br_ln0 = br void %.exit48"   --->   Operation 174 'br' 'br_ln0' <Predicate = (p_cast == 2 & empty_24 == 0)> <Delay = 0.00>
ST_2 : Operation 175 [1/1] (0.00ns)   --->   "%store_ln35 = store i32 %B_buff_64, i32 %B_buff_23" [gemm.cc:35]   --->   Operation 175 'store' 'store_ln35' <Predicate = (p_cast == 2 & empty_24 == 7)> <Delay = 0.00>
ST_2 : Operation 176 [1/1] (0.00ns)   --->   "%br_ln0 = br void %.exit48"   --->   Operation 176 'br' 'br_ln0' <Predicate = (p_cast == 2 & empty_24 == 7)> <Delay = 0.00>
ST_2 : Operation 177 [1/1] (0.00ns)   --->   "%store_ln35 = store i32 %B_buff_64, i32 %B_buff_14" [gemm.cc:35]   --->   Operation 177 'store' 'store_ln35' <Predicate = (p_cast == 1 & empty_24 == 6)> <Delay = 0.00>
ST_2 : Operation 178 [1/1] (0.00ns)   --->   "%br_ln0 = br void %.exit48"   --->   Operation 178 'br' 'br_ln0' <Predicate = (p_cast == 1 & empty_24 == 6)> <Delay = 0.00>
ST_2 : Operation 179 [1/1] (0.00ns)   --->   "%store_ln35 = store i32 %B_buff_64, i32 %B_buff_13" [gemm.cc:35]   --->   Operation 179 'store' 'store_ln35' <Predicate = (p_cast == 1 & empty_24 == 5)> <Delay = 0.00>
ST_2 : Operation 180 [1/1] (0.00ns)   --->   "%br_ln0 = br void %.exit48"   --->   Operation 180 'br' 'br_ln0' <Predicate = (p_cast == 1 & empty_24 == 5)> <Delay = 0.00>
ST_2 : Operation 181 [1/1] (0.00ns)   --->   "%store_ln35 = store i32 %B_buff_64, i32 %B_buff_12" [gemm.cc:35]   --->   Operation 181 'store' 'store_ln35' <Predicate = (p_cast == 1 & empty_24 == 4)> <Delay = 0.00>
ST_2 : Operation 182 [1/1] (0.00ns)   --->   "%br_ln0 = br void %.exit48"   --->   Operation 182 'br' 'br_ln0' <Predicate = (p_cast == 1 & empty_24 == 4)> <Delay = 0.00>
ST_2 : Operation 183 [1/1] (0.00ns)   --->   "%store_ln35 = store i32 %B_buff_64, i32 %B_buff_11" [gemm.cc:35]   --->   Operation 183 'store' 'store_ln35' <Predicate = (p_cast == 1 & empty_24 == 3)> <Delay = 0.00>
ST_2 : Operation 184 [1/1] (0.00ns)   --->   "%br_ln0 = br void %.exit48"   --->   Operation 184 'br' 'br_ln0' <Predicate = (p_cast == 1 & empty_24 == 3)> <Delay = 0.00>
ST_2 : Operation 185 [1/1] (0.00ns)   --->   "%store_ln35 = store i32 %B_buff_64, i32 %B_buff_10" [gemm.cc:35]   --->   Operation 185 'store' 'store_ln35' <Predicate = (p_cast == 1 & empty_24 == 2)> <Delay = 0.00>
ST_2 : Operation 186 [1/1] (0.00ns)   --->   "%br_ln0 = br void %.exit48"   --->   Operation 186 'br' 'br_ln0' <Predicate = (p_cast == 1 & empty_24 == 2)> <Delay = 0.00>
ST_2 : Operation 187 [1/1] (0.00ns)   --->   "%store_ln35 = store i32 %B_buff_64, i32 %B_buff_9" [gemm.cc:35]   --->   Operation 187 'store' 'store_ln35' <Predicate = (p_cast == 1 & empty_24 == 1)> <Delay = 0.00>
ST_2 : Operation 188 [1/1] (0.00ns)   --->   "%br_ln0 = br void %.exit48"   --->   Operation 188 'br' 'br_ln0' <Predicate = (p_cast == 1 & empty_24 == 1)> <Delay = 0.00>
ST_2 : Operation 189 [1/1] (0.00ns)   --->   "%store_ln35 = store i32 %B_buff_64, i32 %B_buff_8" [gemm.cc:35]   --->   Operation 189 'store' 'store_ln35' <Predicate = (p_cast == 1 & empty_24 == 0)> <Delay = 0.00>
ST_2 : Operation 190 [1/1] (0.00ns)   --->   "%br_ln0 = br void %.exit48"   --->   Operation 190 'br' 'br_ln0' <Predicate = (p_cast == 1 & empty_24 == 0)> <Delay = 0.00>
ST_2 : Operation 191 [1/1] (0.00ns)   --->   "%store_ln35 = store i32 %B_buff_64, i32 %B_buff_15" [gemm.cc:35]   --->   Operation 191 'store' 'store_ln35' <Predicate = (p_cast == 1 & empty_24 == 7)> <Delay = 0.00>
ST_2 : Operation 192 [1/1] (0.00ns)   --->   "%br_ln0 = br void %.exit48"   --->   Operation 192 'br' 'br_ln0' <Predicate = (p_cast == 1 & empty_24 == 7)> <Delay = 0.00>
ST_2 : Operation 193 [1/1] (0.00ns)   --->   "%store_ln35 = store i32 %B_buff_64, i32 %B_buff_6" [gemm.cc:35]   --->   Operation 193 'store' 'store_ln35' <Predicate = (p_cast == 0 & empty_24 == 6)> <Delay = 0.00>
ST_2 : Operation 194 [1/1] (0.00ns)   --->   "%br_ln0 = br void %.exit48"   --->   Operation 194 'br' 'br_ln0' <Predicate = (p_cast == 0 & empty_24 == 6)> <Delay = 0.00>
ST_2 : Operation 195 [1/1] (0.00ns)   --->   "%store_ln35 = store i32 %B_buff_64, i32 %B_buff_5" [gemm.cc:35]   --->   Operation 195 'store' 'store_ln35' <Predicate = (p_cast == 0 & empty_24 == 5)> <Delay = 0.00>
ST_2 : Operation 196 [1/1] (0.00ns)   --->   "%br_ln0 = br void %.exit48"   --->   Operation 196 'br' 'br_ln0' <Predicate = (p_cast == 0 & empty_24 == 5)> <Delay = 0.00>
ST_2 : Operation 197 [1/1] (0.00ns)   --->   "%store_ln35 = store i32 %B_buff_64, i32 %B_buff_4" [gemm.cc:35]   --->   Operation 197 'store' 'store_ln35' <Predicate = (p_cast == 0 & empty_24 == 4)> <Delay = 0.00>
ST_2 : Operation 198 [1/1] (0.00ns)   --->   "%br_ln0 = br void %.exit48"   --->   Operation 198 'br' 'br_ln0' <Predicate = (p_cast == 0 & empty_24 == 4)> <Delay = 0.00>
ST_2 : Operation 199 [1/1] (0.00ns)   --->   "%store_ln35 = store i32 %B_buff_64, i32 %B_buff_3" [gemm.cc:35]   --->   Operation 199 'store' 'store_ln35' <Predicate = (p_cast == 0 & empty_24 == 3)> <Delay = 0.00>
ST_2 : Operation 200 [1/1] (0.00ns)   --->   "%br_ln0 = br void %.exit48"   --->   Operation 200 'br' 'br_ln0' <Predicate = (p_cast == 0 & empty_24 == 3)> <Delay = 0.00>
ST_2 : Operation 201 [1/1] (0.00ns)   --->   "%store_ln35 = store i32 %B_buff_64, i32 %B_buff_2" [gemm.cc:35]   --->   Operation 201 'store' 'store_ln35' <Predicate = (p_cast == 0 & empty_24 == 2)> <Delay = 0.00>
ST_2 : Operation 202 [1/1] (0.00ns)   --->   "%br_ln0 = br void %.exit48"   --->   Operation 202 'br' 'br_ln0' <Predicate = (p_cast == 0 & empty_24 == 2)> <Delay = 0.00>
ST_2 : Operation 203 [1/1] (0.00ns)   --->   "%store_ln35 = store i32 %B_buff_64, i32 %B_buff_1" [gemm.cc:35]   --->   Operation 203 'store' 'store_ln35' <Predicate = (p_cast == 0 & empty_24 == 1)> <Delay = 0.00>
ST_2 : Operation 204 [1/1] (0.00ns)   --->   "%br_ln0 = br void %.exit48"   --->   Operation 204 'br' 'br_ln0' <Predicate = (p_cast == 0 & empty_24 == 1)> <Delay = 0.00>
ST_2 : Operation 205 [1/1] (0.00ns)   --->   "%store_ln35 = store i32 %B_buff_64, i32 %B_buff" [gemm.cc:35]   --->   Operation 205 'store' 'store_ln35' <Predicate = (p_cast == 0 & empty_24 == 0)> <Delay = 0.00>
ST_2 : Operation 206 [1/1] (0.00ns)   --->   "%br_ln0 = br void %.exit48"   --->   Operation 206 'br' 'br_ln0' <Predicate = (p_cast == 0 & empty_24 == 0)> <Delay = 0.00>
ST_2 : Operation 207 [1/1] (0.00ns)   --->   "%store_ln35 = store i32 %B_buff_64, i32 %B_buff_7" [gemm.cc:35]   --->   Operation 207 'store' 'store_ln35' <Predicate = (p_cast == 0 & empty_24 == 7)> <Delay = 0.00>
ST_2 : Operation 208 [1/1] (0.00ns)   --->   "%br_ln0 = br void %.exit48"   --->   Operation 208 'br' 'br_ln0' <Predicate = (p_cast == 0 & empty_24 == 7)> <Delay = 0.00>
ST_2 : Operation 209 [1/1] (0.00ns)   --->   "%store_ln35 = store i32 %B_buff_64, i32 %B_buff_62" [gemm.cc:35]   --->   Operation 209 'store' 'store_ln35' <Predicate = (p_cast == 7 & empty_24 == 6)> <Delay = 0.00>
ST_2 : Operation 210 [1/1] (0.00ns)   --->   "%br_ln0 = br void %.exit48"   --->   Operation 210 'br' 'br_ln0' <Predicate = (p_cast == 7 & empty_24 == 6)> <Delay = 0.00>
ST_2 : Operation 211 [1/1] (0.00ns)   --->   "%store_ln35 = store i32 %B_buff_64, i32 %B_buff_61" [gemm.cc:35]   --->   Operation 211 'store' 'store_ln35' <Predicate = (p_cast == 7 & empty_24 == 5)> <Delay = 0.00>
ST_2 : Operation 212 [1/1] (0.00ns)   --->   "%br_ln0 = br void %.exit48"   --->   Operation 212 'br' 'br_ln0' <Predicate = (p_cast == 7 & empty_24 == 5)> <Delay = 0.00>
ST_2 : Operation 213 [1/1] (0.00ns)   --->   "%store_ln35 = store i32 %B_buff_64, i32 %B_buff_60" [gemm.cc:35]   --->   Operation 213 'store' 'store_ln35' <Predicate = (p_cast == 7 & empty_24 == 4)> <Delay = 0.00>
ST_2 : Operation 214 [1/1] (0.00ns)   --->   "%br_ln0 = br void %.exit48"   --->   Operation 214 'br' 'br_ln0' <Predicate = (p_cast == 7 & empty_24 == 4)> <Delay = 0.00>
ST_2 : Operation 215 [1/1] (0.00ns)   --->   "%store_ln35 = store i32 %B_buff_64, i32 %B_buff_59" [gemm.cc:35]   --->   Operation 215 'store' 'store_ln35' <Predicate = (p_cast == 7 & empty_24 == 3)> <Delay = 0.00>
ST_2 : Operation 216 [1/1] (0.00ns)   --->   "%br_ln0 = br void %.exit48"   --->   Operation 216 'br' 'br_ln0' <Predicate = (p_cast == 7 & empty_24 == 3)> <Delay = 0.00>
ST_2 : Operation 217 [1/1] (0.00ns)   --->   "%store_ln35 = store i32 %B_buff_64, i32 %B_buff_58" [gemm.cc:35]   --->   Operation 217 'store' 'store_ln35' <Predicate = (p_cast == 7 & empty_24 == 2)> <Delay = 0.00>
ST_2 : Operation 218 [1/1] (0.00ns)   --->   "%br_ln0 = br void %.exit48"   --->   Operation 218 'br' 'br_ln0' <Predicate = (p_cast == 7 & empty_24 == 2)> <Delay = 0.00>
ST_2 : Operation 219 [1/1] (0.00ns)   --->   "%store_ln35 = store i32 %B_buff_64, i32 %B_buff_57" [gemm.cc:35]   --->   Operation 219 'store' 'store_ln35' <Predicate = (p_cast == 7 & empty_24 == 1)> <Delay = 0.00>
ST_2 : Operation 220 [1/1] (0.00ns)   --->   "%br_ln0 = br void %.exit48"   --->   Operation 220 'br' 'br_ln0' <Predicate = (p_cast == 7 & empty_24 == 1)> <Delay = 0.00>
ST_2 : Operation 221 [1/1] (0.00ns)   --->   "%store_ln35 = store i32 %B_buff_64, i32 %B_buff_56" [gemm.cc:35]   --->   Operation 221 'store' 'store_ln35' <Predicate = (p_cast == 7 & empty_24 == 0)> <Delay = 0.00>
ST_2 : Operation 222 [1/1] (0.00ns)   --->   "%br_ln0 = br void %.exit48"   --->   Operation 222 'br' 'br_ln0' <Predicate = (p_cast == 7 & empty_24 == 0)> <Delay = 0.00>
ST_2 : Operation 223 [1/1] (0.00ns)   --->   "%store_ln35 = store i32 %B_buff_64, i32 %B_buff_63" [gemm.cc:35]   --->   Operation 223 'store' 'store_ln35' <Predicate = (p_cast == 7 & empty_24 == 7)> <Delay = 0.00>
ST_2 : Operation 224 [1/1] (0.00ns)   --->   "%br_ln0 = br void %.exit48"   --->   Operation 224 'br' 'br_ln0' <Predicate = (p_cast == 7 & empty_24 == 7)> <Delay = 0.00>


============================================================
+ Verbose Summary: Timing violations
============================================================
Target clock period: 10ns, clock uncertainty: 2.7ns.

 <State 1>: 1.24ns
The critical path consists of the following:
	'alloca' operation ('loop_index9') [67]  (0 ns)
	'load' operation ('loop_index9_load') on local variable 'loop_index9' [138]  (0 ns)
	'add' operation ('empty_23') [144]  (0.773 ns)
	'store' operation ('store_ln0') of variable 'empty_23' on local variable 'loop_index9' [360]  (0.427 ns)
	blocking operation 0.044 ns on control path)

 <State 2>: 7.3ns
The critical path consists of the following:
	bus read operation ('B_buff', gemm.cc:35) on port 'B_port' (gemm.cc:35) [147]  (7.3 ns)
	'store' operation ('store_ln35', gemm.cc:35) of variable 'B_buff', gemm.cc:35 on local variable 'B_buff' [284]  (0 ns)


============================================================
+ Verbose Summary: Binding
============================================================
N/A
* FSMD analyzer results:
  - Output states:
 - Input state : 
  - Chain level:
	State 1
	State 2


============================================================
+ Verbose Summary: Datapath Resource usage 
============================================================
N/A
