C:\Users\CSDL_GUEST.DESKTOP-HHKUDFN\Desktop\06_LIG\23-02\HLS\1_GEMM\1_gemm\solution1\.autopilot\db\gemm.pp.0.cc:5680:7: warning: Added loop label VITIS_LOOP_1211_1:   [xilinx-label-all-loops]
      for (i = 0; i < __N - 1; ++i) {
      ^~~
      VITIS_LOOP_1211_1: 
C:\Users\CSDL_GUEST.DESKTOP-HHKUDFN\Desktop\06_LIG\23-02\HLS\1_GEMM\1_gemm\solution1\.autopilot\db\gemm.pp.0.cc:5680:7: note: FIX-IT applied suggested code changes
C:\Users\CSDL_GUEST.DESKTOP-HHKUDFN\Desktop\06_LIG\23-02\HLS\1_GEMM\1_gemm\solution1\.autopilot\db\gemm.pp.0.cc:6654:5: warning: Added loop label VITIS_LOOP_676_1:   [xilinx-label-all-loops]
    for (unsigned i = low; i != high; ++i) {
    ^~~
    VITIS_LOOP_676_1: 
C:\Users\CSDL_GUEST.DESKTOP-HHKUDFN\Desktop\06_LIG\23-02\HLS\1_GEMM\1_gemm\solution1\.autopilot\db\gemm.pp.0.cc:6654:5: note: FIX-IT applied suggested code changes
C:\Users\CSDL_GUEST.DESKTOP-HHKUDFN\Desktop\06_LIG\23-02\HLS\1_GEMM\1_gemm\solution1\.autopilot\db\gemm.pp.0.cc:6668:5: warning: Added loop label VITIS_LOOP_690_1:   [xilinx-label-all-loops]
    for (unsigned i = low; i != high; ++i) {
    ^~~
    VITIS_LOOP_690_1: 
C:\Users\CSDL_GUEST.DESKTOP-HHKUDFN\Desktop\06_LIG\23-02\HLS\1_GEMM\1_gemm\solution1\.autopilot\db\gemm.pp.0.cc:6668:5: note: FIX-IT applied suggested code changes
C:\Users\CSDL_GUEST.DESKTOP-HHKUDFN\Desktop\06_LIG\23-02\HLS\1_GEMM\1_gemm\solution1\.autopilot\db\gemm.pp.0.cc:6682:5: warning: Added loop label VITIS_LOOP_704_1:   [xilinx-label-all-loops]
    for (unsigned i = low; i != high; ++i) {
    ^~~
    VITIS_LOOP_704_1: 
C:\Users\CSDL_GUEST.DESKTOP-HHKUDFN\Desktop\06_LIG\23-02\HLS\1_GEMM\1_gemm\solution1\.autopilot\db\gemm.pp.0.cc:6682:5: note: FIX-IT applied suggested code changes
C:\Users\CSDL_GUEST.DESKTOP-HHKUDFN\Desktop\06_LIG\23-02\HLS\1_GEMM\1_gemm\solution1\.autopilot\db\gemm.pp.0.cc:8281:7: warning: Added loop label VITIS_LOOP_1245_1:   [xilinx-label-all-loops]
      for (i = 0; i < __N - 1; ++i) {
      ^~~
      VITIS_LOOP_1245_1: 
C:\Users\CSDL_GUEST.DESKTOP-HHKUDFN\Desktop\06_LIG\23-02\HLS\1_GEMM\1_gemm\solution1\.autopilot\db\gemm.pp.0.cc:8281:7: note: FIX-IT applied suggested code changes
