

================================================================
== Vitis HLS Report for 'gemm_Pipeline_2'
================================================================
* Date:           Thu Nov 30 17:26:21 2023

* Version:        2022.2 (Build 3670227 on Oct 13 2022)
* Project:        6_outer_zcu104
* Solution:       solution1 (Vivado IP Flow Target)
* Product family: zynquplus
* Target device:  xczu7ev-ffvc1156-2-e


================================================================
== Performance Estimates
================================================================
+ Timing: 
    * Summary: 
    +--------+----------+----------+------------+
    |  Clock |  Target  | Estimated| Uncertainty|
    +--------+----------+----------+------------+
    |ap_clk  |  10.00 ns|  7.300 ns|     2.70 ns|
    +--------+----------+----------+------------+

+ Latency: 
    * Summary: 
    +---------+---------+----------+----------+-----+-----+---------+
    |  Latency (cycles) |  Latency (absolute) |  Interval | Pipeline|
    |   min   |   max   |    min   |    max   | min | max |   Type  |
    +---------+---------+----------+----------+-----+-----+---------+
    |       67|       67|  0.670 us|  0.670 us|   67|   67|       no|
    +---------+---------+----------+----------+-----+-----+---------+

    + Detail: 
        * Instance: 
        N/A

        * Loop: 
        +----------+---------+---------+----------+-----------+-----------+------+----------+
        |          |  Latency (cycles) | Iteration|  Initiation Interval  | Trip |          |
        | Loop Name|   min   |   max   |  Latency |  achieved |   target  | Count| Pipelined|
        +----------+---------+---------+----------+-----------+-----------+------+----------+
        |- Loop 1  |       65|       65|         3|          1|          1|    64|       yes|
        +----------+---------+---------+----------+-----------+-----------+------+----------+

============================================================
+ Verbose Summary: Synthesis Manager
============================================================
InlineROM: 1
ExposeGlobal: 0
============================================================
+ Verbose Summary: CDFG Model
============================================================
IsTopModel: 0
ResetActiveHigh: 1
IsCombinational: 0
IsDatapathOnly: 0
HasWiredReturn: 1
HasMFsm: 2
HasVarLatency: 1
IsPipeline: 0
IsRtlPipelined: 0
IsInstanceOverlapped: 0
IsDontTouch: 0
HasImplIP: 0
IsGatedGlobalClock: 0

+ Individual pipeline summary: 
  * Pipeline-0: initiation interval (II) = 1, depth = 3


============================================================
+ Verbose Summary: Schedule
============================================================
* Number of FSM states : 3
* Pipeline : 1
  Pipeline-0 : II = 1, D = 3, States = { 1 2 3 }
* Dataflow Pipeline: 0

* FSM state transitions: 
1 --> 2 
2 --> 3 
3 --> 

* FSM state operations: 

State 1 <SV = 0> <Delay = 1.24>
ST_1 : Operation 6 [1/1] (0.00ns)   --->   "%loop_index10 = alloca i32 1"   --->   Operation 6 'alloca' 'loop_index10' <Predicate = true> <Delay = 0.00>
ST_1 : Operation 7 [1/1] (0.00ns)   --->   "%sext_ln41_read = read i62 @_ssdm_op_Read.ap_auto.i62, i62 %sext_ln41"   --->   Operation 7 'read' 'sext_ln41_read' <Predicate = true> <Delay = 0.00>
ST_1 : Operation 8 [1/1] (0.00ns)   --->   "%sext_ln41_cast = sext i62 %sext_ln41_read"   --->   Operation 8 'sext' 'sext_ln41_cast' <Predicate = true> <Delay = 0.00>
ST_1 : Operation 9 [1/1] (0.00ns)   --->   "%specinterface_ln0 = specinterface void @_ssdm_op_SpecInterface, i32 %b_port, void @empty, i32 0, i32 0, void @empty_0, i32 0, i32 64, void @empty_3, void @empty_2, void @empty_0, i32 16, i32 16, i32 16, i32 16, void @empty_0, void @empty_0, i32 4294967295, i32 0"   --->   Operation 9 'specinterface' 'specinterface_ln0' <Predicate = true> <Delay = 0.00>
ST_1 : Operation 10 [1/1] (0.42ns)   --->   "%store_ln0 = store i7 0, i7 %loop_index10"   --->   Operation 10 'store' 'store_ln0' <Predicate = true> <Delay = 0.42>
ST_1 : Operation 11 [1/1] (0.00ns)   --->   "%br_ln0 = br void %load-store-loop9"   --->   Operation 11 'br' 'br_ln0' <Predicate = true> <Delay = 0.00>
ST_1 : Operation 12 [1/1] (0.00ns)   --->   "%loop_index10_load = load i7 %loop_index10"   --->   Operation 12 'load' 'loop_index10_load' <Predicate = true> <Delay = 0.00>
ST_1 : Operation 13 [1/1] (0.81ns)   --->   "%exitcond1249 = icmp_eq  i7 %loop_index10_load, i7 64"   --->   Operation 13 'icmp' 'exitcond1249' <Predicate = true> <Delay = 0.81> <CoreInst = "Cmp">   --->   Core 9 'Cmp' <Latency = 0> <II = 1> <Delay = 0.81> <FuncUnit> <Opcode : 'icmp'> <InPorts = 2> <OutPorts = 1>
ST_1 : Operation 14 [1/1] (0.77ns)   --->   "%empty_26 = add i7 %loop_index10_load, i7 1"   --->   Operation 14 'add' 'empty_26' <Predicate = true> <Delay = 0.77> <CoreInst = "Adder">   --->   Core 1 'Adder' <Latency = 0> <II = 1> <Delay = 0.77> <FuncUnit> <Opcode : 'add' 'sub'> <InPorts = 2> <OutPorts = 1>
ST_1 : Operation 15 [1/1] (0.00ns)   --->   "%br_ln0 = br i1 %exitcond1249, void %load-store-loop9.split, void %for.inc.preheader.exitStub"   --->   Operation 15 'br' 'br_ln0' <Predicate = true> <Delay = 0.00>
ST_1 : Operation 16 [1/1] (0.00ns)   --->   "%empty_27 = trunc i7 %loop_index10_load"   --->   Operation 16 'trunc' 'empty_27' <Predicate = (!exitcond1249)> <Delay = 0.00>
ST_1 : Operation 17 [1/1] (0.00ns)   --->   "%p_cast = partselect i3 @_ssdm_op_PartSelect.i3.i7.i32.i32, i7 %loop_index10_load, i32 3, i32 5"   --->   Operation 17 'partselect' 'p_cast' <Predicate = (!exitcond1249)> <Delay = 0.00>
ST_1 : Operation 18 [1/1] (0.44ns)   --->   "%switch_ln0 = switch i3 %p_cast, void %.case.7142, i3 0, void %.case.0135, i3 1, void %.case.1136, i3 2, void %.case.2137, i3 3, void %.case.3138, i3 4, void %.case.4139, i3 5, void %.case.5140, i3 6, void %.case.6141"   --->   Operation 18 'switch' 'switch_ln0' <Predicate = (!exitcond1249)> <Delay = 0.44>
ST_1 : Operation 19 [1/1] (0.42ns)   --->   "%store_ln0 = store i7 %empty_26, i7 %loop_index10"   --->   Operation 19 'store' 'store_ln0' <Predicate = (!exitcond1249)> <Delay = 0.42>
ST_1 : Operation 20 [1/1] (0.00ns)   --->   "%br_ln0 = br void %load-store-loop9"   --->   Operation 20 'br' 'br_ln0' <Predicate = (!exitcond1249)> <Delay = 0.00>

State 2 <SV = 1> <Delay = 7.30>
ST_2 : Operation 21 [1/1] (0.00ns)   --->   "%specbitsmap_ln0 = specbitsmap void @_ssdm_op_SpecBitsMap, i32 %b_port"   --->   Operation 21 'specbitsmap' 'specbitsmap_ln0' <Predicate = true> <Delay = 0.00>
ST_2 : Operation 22 [1/1] (0.00ns)   --->   "%b_port_addr = getelementptr i32 %b_port, i64 %sext_ln41_cast" [gemm_outer.cc:41]   --->   Operation 22 'getelementptr' 'b_port_addr' <Predicate = true> <Delay = 0.00>
ST_2 : Operation 23 [1/1] (0.00ns)   --->   "%specpipeline_ln0 = specpipeline void @_ssdm_op_SpecPipeline, i32 4294967295, i32 0, i32 1, i32 0, void @p_str"   --->   Operation 23 'specpipeline' 'specpipeline_ln0' <Predicate = true> <Delay = 0.00>
ST_2 : Operation 24 [1/1] (0.00ns)   --->   "%empty = speclooptripcount i32 @_ssdm_op_SpecLoopTripCount, i64 64, i64 64, i64 64"   --->   Operation 24 'speclooptripcount' 'empty' <Predicate = true> <Delay = 0.00>
ST_2 : Operation 25 [1/1] (7.30ns)   --->   "%b_port_addr_read = read i32 @_ssdm_op_Read.m_axi.p1i32, i32 %b_port_addr" [gemm_outer.cc:41]   --->   Operation 25 'read' 'b_port_addr_read' <Predicate = (!exitcond1249)> <Delay = 7.30> <CoreInst = "m_axi">   --->   Core 121 'm_axi' <Latency = 0> <II = 1> <Delay = 1.00> <Adapter> <Opcode : 'read' 'write' 'readreq' 'writereq' 'writeresp'>
ST_2 : Operation 52 [1/1] (0.00ns)   --->   "%ret_ln0 = ret"   --->   Operation 52 'ret' 'ret_ln0' <Predicate = (exitcond1249)> <Delay = 0.00>

State 3 <SV = 2> <Delay = 0.67>
ST_3 : Operation 26 [1/1] (0.00ns)   --->   "%empty_28 = bitcast i32 %b_port_addr_read" [gemm_outer.cc:41]   --->   Operation 26 'bitcast' 'empty_28' <Predicate = true> <Delay = 0.00>
ST_3 : Operation 27 [1/1] (0.00ns)   --->   "%p_cast6 = zext i3 %empty_27"   --->   Operation 27 'zext' 'p_cast6' <Predicate = true> <Delay = 0.00>
ST_3 : Operation 28 [1/1] (0.00ns)   --->   "%b_buff_addr = getelementptr i32 %b_buff, i64 0, i64 %p_cast6"   --->   Operation 28 'getelementptr' 'b_buff_addr' <Predicate = true> <Delay = 0.00>
ST_3 : Operation 29 [1/1] (0.00ns)   --->   "%b_buff_1_addr = getelementptr i32 %b_buff_1, i64 0, i64 %p_cast6"   --->   Operation 29 'getelementptr' 'b_buff_1_addr' <Predicate = true> <Delay = 0.00>
ST_3 : Operation 30 [1/1] (0.00ns)   --->   "%b_buff_2_addr = getelementptr i32 %b_buff_2, i64 0, i64 %p_cast6"   --->   Operation 30 'getelementptr' 'b_buff_2_addr' <Predicate = true> <Delay = 0.00>
ST_3 : Operation 31 [1/1] (0.00ns)   --->   "%b_buff_3_addr = getelementptr i32 %b_buff_3, i64 0, i64 %p_cast6"   --->   Operation 31 'getelementptr' 'b_buff_3_addr' <Predicate = true> <Delay = 0.00>
ST_3 : Operation 32 [1/1] (0.00ns)   --->   "%b_buff_4_addr = getelementptr i32 %b_buff_4, i64 0, i64 %p_cast6"   --->   Operation 32 'getelementptr' 'b_buff_4_addr' <Predicate = true> <Delay = 0.00>
ST_3 : Operation 33 [1/1] (0.00ns)   --->   "%b_buff_5_addr = getelementptr i32 %b_buff_5, i64 0, i64 %p_cast6"   --->   Operation 33 'getelementptr' 'b_buff_5_addr' <Predicate = true> <Delay = 0.00>
ST_3 : Operation 34 [1/1] (0.00ns)   --->   "%b_buff_6_addr = getelementptr i32 %b_buff_6, i64 0, i64 %p_cast6"   --->   Operation 34 'getelementptr' 'b_buff_6_addr' <Predicate = true> <Delay = 0.00>
ST_3 : Operation 35 [1/1] (0.00ns)   --->   "%b_buff_7_addr = getelementptr i32 %b_buff_7, i64 0, i64 %p_cast6"   --->   Operation 35 'getelementptr' 'b_buff_7_addr' <Predicate = true> <Delay = 0.00>
ST_3 : Operation 36 [1/1] (0.67ns)   --->   "%store_ln41 = store i32 %empty_28, i3 %b_buff_6_addr" [gemm_outer.cc:41]   --->   Operation 36 'store' 'store_ln41' <Predicate = (p_cast == 6)> <Delay = 0.67> <CoreInst = "RAM">   --->   Core 83 'RAM' <Latency = 1> <II = 1> <Delay = 0.67> <Storage> <Opcode : 'load' 'store'> <Ports = 2> <Width = 32> <Depth = 8> <RAM>
ST_3 : Operation 37 [1/1] (0.00ns)   --->   "%br_ln0 = br void %.exit134"   --->   Operation 37 'br' 'br_ln0' <Predicate = (p_cast == 6)> <Delay = 0.00>
ST_3 : Operation 38 [1/1] (0.67ns)   --->   "%store_ln41 = store i32 %empty_28, i3 %b_buff_5_addr" [gemm_outer.cc:41]   --->   Operation 38 'store' 'store_ln41' <Predicate = (p_cast == 5)> <Delay = 0.67> <CoreInst = "RAM">   --->   Core 83 'RAM' <Latency = 1> <II = 1> <Delay = 0.67> <Storage> <Opcode : 'load' 'store'> <Ports = 2> <Width = 32> <Depth = 8> <RAM>
ST_3 : Operation 39 [1/1] (0.00ns)   --->   "%br_ln0 = br void %.exit134"   --->   Operation 39 'br' 'br_ln0' <Predicate = (p_cast == 5)> <Delay = 0.00>
ST_3 : Operation 40 [1/1] (0.67ns)   --->   "%store_ln41 = store i32 %empty_28, i3 %b_buff_4_addr" [gemm_outer.cc:41]   --->   Operation 40 'store' 'store_ln41' <Predicate = (p_cast == 4)> <Delay = 0.67> <CoreInst = "RAM">   --->   Core 83 'RAM' <Latency = 1> <II = 1> <Delay = 0.67> <Storage> <Opcode : 'load' 'store'> <Ports = 2> <Width = 32> <Depth = 8> <RAM>
ST_3 : Operation 41 [1/1] (0.00ns)   --->   "%br_ln0 = br void %.exit134"   --->   Operation 41 'br' 'br_ln0' <Predicate = (p_cast == 4)> <Delay = 0.00>
ST_3 : Operation 42 [1/1] (0.67ns)   --->   "%store_ln41 = store i32 %empty_28, i3 %b_buff_3_addr" [gemm_outer.cc:41]   --->   Operation 42 'store' 'store_ln41' <Predicate = (p_cast == 3)> <Delay = 0.67> <CoreInst = "RAM">   --->   Core 83 'RAM' <Latency = 1> <II = 1> <Delay = 0.67> <Storage> <Opcode : 'load' 'store'> <Ports = 2> <Width = 32> <Depth = 8> <RAM>
ST_3 : Operation 43 [1/1] (0.00ns)   --->   "%br_ln0 = br void %.exit134"   --->   Operation 43 'br' 'br_ln0' <Predicate = (p_cast == 3)> <Delay = 0.00>
ST_3 : Operation 44 [1/1] (0.67ns)   --->   "%store_ln41 = store i32 %empty_28, i3 %b_buff_2_addr" [gemm_outer.cc:41]   --->   Operation 44 'store' 'store_ln41' <Predicate = (p_cast == 2)> <Delay = 0.67> <CoreInst = "RAM">   --->   Core 83 'RAM' <Latency = 1> <II = 1> <Delay = 0.67> <Storage> <Opcode : 'load' 'store'> <Ports = 2> <Width = 32> <Depth = 8> <RAM>
ST_3 : Operation 45 [1/1] (0.00ns)   --->   "%br_ln0 = br void %.exit134"   --->   Operation 45 'br' 'br_ln0' <Predicate = (p_cast == 2)> <Delay = 0.00>
ST_3 : Operation 46 [1/1] (0.67ns)   --->   "%store_ln41 = store i32 %empty_28, i3 %b_buff_1_addr" [gemm_outer.cc:41]   --->   Operation 46 'store' 'store_ln41' <Predicate = (p_cast == 1)> <Delay = 0.67> <CoreInst = "RAM">   --->   Core 83 'RAM' <Latency = 1> <II = 1> <Delay = 0.67> <Storage> <Opcode : 'load' 'store'> <Ports = 2> <Width = 32> <Depth = 8> <RAM>
ST_3 : Operation 47 [1/1] (0.00ns)   --->   "%br_ln0 = br void %.exit134"   --->   Operation 47 'br' 'br_ln0' <Predicate = (p_cast == 1)> <Delay = 0.00>
ST_3 : Operation 48 [1/1] (0.67ns)   --->   "%store_ln41 = store i32 %empty_28, i3 %b_buff_addr" [gemm_outer.cc:41]   --->   Operation 48 'store' 'store_ln41' <Predicate = (p_cast == 0)> <Delay = 0.67> <CoreInst = "RAM">   --->   Core 83 'RAM' <Latency = 1> <II = 1> <Delay = 0.67> <Storage> <Opcode : 'load' 'store'> <Ports = 2> <Width = 32> <Depth = 8> <RAM>
ST_3 : Operation 49 [1/1] (0.00ns)   --->   "%br_ln0 = br void %.exit134"   --->   Operation 49 'br' 'br_ln0' <Predicate = (p_cast == 0)> <Delay = 0.00>
ST_3 : Operation 50 [1/1] (0.67ns)   --->   "%store_ln41 = store i32 %empty_28, i3 %b_buff_7_addr" [gemm_outer.cc:41]   --->   Operation 50 'store' 'store_ln41' <Predicate = (p_cast == 7)> <Delay = 0.67> <CoreInst = "RAM">   --->   Core 83 'RAM' <Latency = 1> <II = 1> <Delay = 0.67> <Storage> <Opcode : 'load' 'store'> <Ports = 2> <Width = 32> <Depth = 8> <RAM>
ST_3 : Operation 51 [1/1] (0.00ns)   --->   "%br_ln0 = br void %.exit134"   --->   Operation 51 'br' 'br_ln0' <Predicate = (p_cast == 7)> <Delay = 0.00>


============================================================
+ Verbose Summary: Binding
============================================================
STG Binding: 
---------------- STG Properties BEGIN ----------------
- Is combinational: 0
- Is one-state seq: 0
- Is datapath-only: 0
- Is pipelined: 0
- Is top level: 0
Port [ Return ] is wired: 1; IO mode=ap_ctrl_hs:ce=0
Port [ b_port]:  wired=1; compound=1; hidden=0; nouse=0; global=0; static=0; extern=0; dir=0; type=4; pingpong=0; private_global=0; IO mode=m_axi:ce=0
Port [ sext_ln41]:  wired=1; compound=0; hidden=0; nouse=0; global=0; static=0; extern=0; dir=0; type=0; pingpong=0; private_global=0; IO mode=ap_none:ce=0
Port [ b_buff]:  wired=1; compound=1; hidden=0; nouse=0; global=0; static=0; extern=0; dir=1; type=1; pingpong=0; private_global=0; MemPort=[03]; IO mode=ap_memory:ce=0
Port [ b_buff_1]:  wired=1; compound=1; hidden=0; nouse=0; global=0; static=0; extern=0; dir=1; type=1; pingpong=0; private_global=0; MemPort=[03]; IO mode=ap_memory:ce=0
Port [ b_buff_2]:  wired=1; compound=1; hidden=0; nouse=0; global=0; static=0; extern=0; dir=1; type=1; pingpong=0; private_global=0; MemPort=[03]; IO mode=ap_memory:ce=0
Port [ b_buff_3]:  wired=1; compound=1; hidden=0; nouse=0; global=0; static=0; extern=0; dir=1; type=1; pingpong=0; private_global=0; MemPort=[03]; IO mode=ap_memory:ce=0
Port [ b_buff_4]:  wired=1; compound=1; hidden=0; nouse=0; global=0; static=0; extern=0; dir=1; type=1; pingpong=0; private_global=0; MemPort=[03]; IO mode=ap_memory:ce=0
Port [ b_buff_5]:  wired=1; compound=1; hidden=0; nouse=0; global=0; static=0; extern=0; dir=1; type=1; pingpong=0; private_global=0; MemPort=[03]; IO mode=ap_memory:ce=0
Port [ b_buff_6]:  wired=1; compound=1; hidden=0; nouse=0; global=0; static=0; extern=0; dir=1; type=1; pingpong=0; private_global=0; MemPort=[03]; IO mode=ap_memory:ce=0
Port [ b_buff_7]:  wired=1; compound=1; hidden=0; nouse=0; global=0; static=0; extern=0; dir=1; type=1; pingpong=0; private_global=0; MemPort=[03]; IO mode=ap_memory:ce=0
---------------- STG Properties END ------------------

---------------- Datapath Model BEGIN ----------------

<LifeTime>
<method=bitvector/>
loop_index10      (alloca           ) [ 0100]
sext_ln41_read    (read             ) [ 0000]
sext_ln41_cast    (sext             ) [ 0110]
specinterface_ln0 (specinterface    ) [ 0000]
store_ln0         (store            ) [ 0000]
br_ln0            (br               ) [ 0000]
loop_index10_load (load             ) [ 0000]
exitcond1249      (icmp             ) [ 0110]
empty_26          (add              ) [ 0000]
br_ln0            (br               ) [ 0000]
empty_27          (trunc            ) [ 0111]
p_cast            (partselect       ) [ 0111]
switch_ln0        (switch           ) [ 0000]
store_ln0         (store            ) [ 0000]
br_ln0            (br               ) [ 0000]
specbitsmap_ln0   (specbitsmap      ) [ 0000]
b_port_addr       (getelementptr    ) [ 0000]
specpipeline_ln0  (specpipeline     ) [ 0000]
empty             (speclooptripcount) [ 0000]
b_port_addr_read  (read             ) [ 0101]
empty_28          (bitcast          ) [ 0000]
p_cast6           (zext             ) [ 0000]
b_buff_addr       (getelementptr    ) [ 0000]
b_buff_1_addr     (getelementptr    ) [ 0000]
b_buff_2_addr     (getelementptr    ) [ 0000]
b_buff_3_addr     (getelementptr    ) [ 0000]
b_buff_4_addr     (getelementptr    ) [ 0000]
b_buff_5_addr     (getelementptr    ) [ 0000]
b_buff_6_addr     (getelementptr    ) [ 0000]
b_buff_7_addr     (getelementptr    ) [ 0000]
store_ln41        (store            ) [ 0000]
br_ln0            (br               ) [ 0000]
store_ln41        (store            ) [ 0000]
br_ln0            (br               ) [ 0000]
store_ln41        (store            ) [ 0000]
br_ln0            (br               ) [ 0000]
store_ln41        (store            ) [ 0000]
br_ln0            (br               ) [ 0000]
store_ln41        (store            ) [ 0000]
br_ln0            (br               ) [ 0000]
store_ln41        (store            ) [ 0000]
br_ln0            (br               ) [ 0000]
store_ln41        (store            ) [ 0000]
br_ln0            (br               ) [ 0000]
store_ln41        (store            ) [ 0000]
br_ln0            (br               ) [ 0000]
ret_ln0           (ret              ) [ 0000]
</LifeTime>

<model>

<comp_list>
<comp id="0" class="1000" name="b_port">
<pin_list>
<pin id="1" dir="1" index="0" bw="1" slack="0"/>
</pin_list>
<bind>
<StgValue><ssdm name="b_port"/></StgValue>
</bind>
</comp>

<comp id="2" class="1000" name="sext_ln41">
<pin_list>
<pin id="3" dir="1" index="0" bw="1" slack="0"/>
</pin_list>
<bind>
<StgValue><ssdm name="sext_ln41"/></StgValue>
</bind>
</comp>

<comp id="4" class="1000" name="b_buff">
<pin_list>
<pin id="5" dir="1" index="0" bw="1" slack="0"/>
</pin_list>
<bind>
<StgValue><ssdm name="b_buff"/><MemPortTyVec>0 3 </MemPortTyVec>
</StgValue>
</bind>
</comp>

<comp id="6" class="1000" name="b_buff_1">
<pin_list>
<pin id="7" dir="1" index="0" bw="1" slack="0"/>
</pin_list>
<bind>
<StgValue><ssdm name="b_buff_1"/><MemPortTyVec>0 3 </MemPortTyVec>
</StgValue>
</bind>
</comp>

<comp id="8" class="1000" name="b_buff_2">
<pin_list>
<pin id="9" dir="1" index="0" bw="1" slack="0"/>
</pin_list>
<bind>
<StgValue><ssdm name="b_buff_2"/><MemPortTyVec>0 3 </MemPortTyVec>
</StgValue>
</bind>
</comp>

<comp id="10" class="1000" name="b_buff_3">
<pin_list>
<pin id="11" dir="1" index="0" bw="1" slack="0"/>
</pin_list>
<bind>
<StgValue><ssdm name="b_buff_3"/><MemPortTyVec>0 3 </MemPortTyVec>
</StgValue>
</bind>
</comp>

<comp id="12" class="1000" name="b_buff_4">
<pin_list>
<pin id="13" dir="1" index="0" bw="1" slack="0"/>
</pin_list>
<bind>
<StgValue><ssdm name="b_buff_4"/><MemPortTyVec>0 3 </MemPortTyVec>
</StgValue>
</bind>
</comp>

<comp id="14" class="1000" name="b_buff_5">
<pin_list>
<pin id="15" dir="1" index="0" bw="1" slack="0"/>
</pin_list>
<bind>
<StgValue><ssdm name="b_buff_5"/><MemPortTyVec>0 3 </MemPortTyVec>
</StgValue>
</bind>
</comp>

<comp id="16" class="1000" name="b_buff_6">
<pin_list>
<pin id="17" dir="1" index="0" bw="1" slack="0"/>
</pin_list>
<bind>
<StgValue><ssdm name="b_buff_6"/><MemPortTyVec>0 3 </MemPortTyVec>
</StgValue>
</bind>
</comp>

<comp id="18" class="1000" name="b_buff_7">
<pin_list>
<pin id="19" dir="1" index="0" bw="1" slack="0"/>
</pin_list>
<bind>
<StgValue><ssdm name="b_buff_7"/><MemPortTyVec>0 3 </MemPortTyVec>
</StgValue>
</bind>
</comp>

<comp id="20" class="1001" name="const_20">
<pin_list>
<pin id="21" dir="1" index="0" bw="1" slack="0"/>
</pin_list>
<bind>
<StgValue><ssdm name=""/></StgValue>
</bind>
</comp>

<comp id="22" class="1001" name="const_22">
<pin_list>
<pin id="23" dir="1" index="0" bw="1" slack="0"/>
</pin_list>
<bind>
<StgValue><ssdm name="_ssdm_op_Read.ap_auto.i62"/></StgValue>
</bind>
</comp>

<comp id="24" class="1001" name="const_24">
<pin_list>
<pin id="25" dir="1" index="0" bw="1" slack="2147483647"/>
</pin_list>
<bind>
<StgValue><ssdm name="_ssdm_op_SpecInterface"/></StgValue>
</bind>
</comp>

<comp id="26" class="1001" name="const_26">
<pin_list>
<pin id="27" dir="1" index="0" bw="1" slack="2147483647"/>
</pin_list>
<bind>
<StgValue><ssdm name="empty"/></StgValue>
</bind>
</comp>

<comp id="28" class="1001" name="const_28">
<pin_list>
<pin id="29" dir="1" index="0" bw="1" slack="2147483647"/>
</pin_list>
<bind>
<StgValue><ssdm name=""/></StgValue>
</bind>
</comp>

<comp id="30" class="1001" name="const_30">
<pin_list>
<pin id="31" dir="1" index="0" bw="1" slack="2147483647"/>
</pin_list>
<bind>
<StgValue><ssdm name="empty_0"/></StgValue>
</bind>
</comp>

<comp id="32" class="1001" name="const_32">
<pin_list>
<pin id="33" dir="1" index="0" bw="1" slack="2147483647"/>
</pin_list>
<bind>
<StgValue><ssdm name=""/></StgValue>
</bind>
</comp>

<comp id="34" class="1001" name="const_34">
<pin_list>
<pin id="35" dir="1" index="0" bw="1" slack="2147483647"/>
</pin_list>
<bind>
<StgValue><ssdm name="empty_3"/></StgValue>
</bind>
</comp>

<comp id="36" class="1001" name="const_36">
<pin_list>
<pin id="37" dir="1" index="0" bw="1" slack="2147483647"/>
</pin_list>
<bind>
<StgValue><ssdm name="empty_2"/></StgValue>
</bind>
</comp>

<comp id="38" class="1001" name="const_38">
<pin_list>
<pin id="39" dir="1" index="0" bw="1" slack="2147483647"/>
</pin_list>
<bind>
<StgValue><ssdm name=""/></StgValue>
</bind>
</comp>

<comp id="40" class="1001" name="const_40">
<pin_list>
<pin id="41" dir="1" index="0" bw="1" slack="2147483647"/>
</pin_list>
<bind>
<StgValue><ssdm name=""/></StgValue>
</bind>
</comp>

<comp id="42" class="1001" name="const_42">
<pin_list>
<pin id="43" dir="1" index="0" bw="1" slack="0"/>
</pin_list>
<bind>
<StgValue><ssdm name=""/></StgValue>
</bind>
</comp>

<comp id="44" class="1001" name="const_44">
<pin_list>
<pin id="45" dir="1" index="0" bw="1" slack="0"/>
</pin_list>
<bind>
<StgValue><ssdm name=""/></StgValue>
</bind>
</comp>

<comp id="46" class="1001" name="const_46">
<pin_list>
<pin id="47" dir="1" index="0" bw="1" slack="0"/>
</pin_list>
<bind>
<StgValue><ssdm name=""/></StgValue>
</bind>
</comp>

<comp id="48" class="1001" name="const_48">
<pin_list>
<pin id="49" dir="1" index="0" bw="1" slack="0"/>
</pin_list>
<bind>
<StgValue><ssdm name="_ssdm_op_PartSelect.i3.i7.i32.i32"/></StgValue>
</bind>
</comp>

<comp id="50" class="1001" name="const_50">
<pin_list>
<pin id="51" dir="1" index="0" bw="1" slack="0"/>
</pin_list>
<bind>
<StgValue><ssdm name=""/></StgValue>
</bind>
</comp>

<comp id="52" class="1001" name="const_52">
<pin_list>
<pin id="53" dir="1" index="0" bw="1" slack="0"/>
</pin_list>
<bind>
<StgValue><ssdm name=""/></StgValue>
</bind>
</comp>

<comp id="54" class="1001" name="const_54">
<pin_list>
<pin id="55" dir="1" index="0" bw="1" slack="2147483647"/>
</pin_list>
<bind>
<StgValue><ssdm name=""/></StgValue>
</bind>
</comp>

<comp id="56" class="1001" name="const_56">
<pin_list>
<pin id="57" dir="1" index="0" bw="1" slack="2147483647"/>
</pin_list>
<bind>
<StgValue><ssdm name=""/></StgValue>
</bind>
</comp>

<comp id="58" class="1001" name="const_58">
<pin_list>
<pin id="59" dir="1" index="0" bw="1" slack="2147483647"/>
</pin_list>
<bind>
<StgValue><ssdm name=""/></StgValue>
</bind>
</comp>

<comp id="60" class="1001" name="const_60">
<pin_list>
<pin id="61" dir="1" index="0" bw="1" slack="2147483647"/>
</pin_list>
<bind>
<StgValue><ssdm name=""/></StgValue>
</bind>
</comp>

<comp id="62" class="1001" name="const_62">
<pin_list>
<pin id="63" dir="1" index="0" bw="1" slack="2147483647"/>
</pin_list>
<bind>
<StgValue><ssdm name=""/></StgValue>
</bind>
</comp>

<comp id="64" class="1001" name="const_64">
<pin_list>
<pin id="65" dir="1" index="0" bw="1" slack="2147483647"/>
</pin_list>
<bind>
<StgValue><ssdm name=""/></StgValue>
</bind>
</comp>

<comp id="66" class="1001" name="const_66">
<pin_list>
<pin id="67" dir="1" index="0" bw="1" slack="2147483647"/>
</pin_list>
<bind>
<StgValue><ssdm name=""/></StgValue>
</bind>
</comp>

<comp id="68" class="1001" name="const_68">
<pin_list>
<pin id="69" dir="1" index="0" bw="1" slack="2147483647"/>
</pin_list>
<bind>
<StgValue><ssdm name="_ssdm_op_SpecBitsMap"/></StgValue>
</bind>
</comp>

<comp id="70" class="1001" name="const_70">
<pin_list>
<pin id="71" dir="1" index="0" bw="1" slack="2147483647"/>
</pin_list>
<bind>
<StgValue><ssdm name="_ssdm_op_SpecPipeline"/></StgValue>
</bind>
</comp>

<comp id="72" class="1001" name="const_72">
<pin_list>
<pin id="73" dir="1" index="0" bw="1" slack="2147483647"/>
</pin_list>
<bind>
<StgValue><ssdm name="p_str"/></StgValue>
</bind>
</comp>

<comp id="74" class="1001" name="const_74">
<pin_list>
<pin id="75" dir="1" index="0" bw="1" slack="2147483647"/>
</pin_list>
<bind>
<StgValue><ssdm name="_ssdm_op_SpecLoopTripCount"/></StgValue>
</bind>
</comp>

<comp id="76" class="1001" name="const_76">
<pin_list>
<pin id="77" dir="1" index="0" bw="1" slack="2147483647"/>
</pin_list>
<bind>
<StgValue><ssdm name=""/></StgValue>
</bind>
</comp>

<comp id="78" class="1001" name="const_78">
<pin_list>
<pin id="79" dir="1" index="0" bw="1" slack="0"/>
</pin_list>
<bind>
<StgValue><ssdm name="_ssdm_op_Read.m_axi.p1i32"/></StgValue>
</bind>
</comp>

<comp id="80" class="1001" name="const_80">
<pin_list>
<pin id="81" dir="1" index="0" bw="1" slack="0"/>
</pin_list>
<bind>
<StgValue><ssdm name=""/></StgValue>
</bind>
</comp>

<comp id="82" class="1004" name="loop_index10_fu_82">
<pin_list>
<pin id="83" dir="0" index="0" bw="1" slack="0"/>
<pin id="84" dir="1" index="1" bw="7" slack="0"/>
</pin_list>
<bind>
<opcode="alloca(26) " fcode="alloca"/>
<opset="loop_index10/1 "/>
</bind>
</comp>

<comp id="86" class="1004" name="sext_ln41_read_read_fu_86">
<pin_list>
<pin id="87" dir="0" index="0" bw="62" slack="0"/>
<pin id="88" dir="0" index="1" bw="62" slack="0"/>
<pin id="89" dir="1" index="2" bw="62" slack="0"/>
</pin_list>
<bind>
<opcode="read(1150) " fcode="read"/>
<opset="sext_ln41_read/1 "/>
</bind>
</comp>

<comp id="92" class="1004" name="b_port_addr_read_read_fu_92">
<pin_list>
<pin id="93" dir="0" index="0" bw="32" slack="0"/>
<pin id="94" dir="0" index="1" bw="32" slack="0"/>
<pin id="95" dir="1" index="2" bw="32" slack="1"/>
</pin_list>
<bind>
<opcode="read(1150) " fcode="read"/>
<opset="b_port_addr_read/2 "/>
</bind>
</comp>

<comp id="97" class="1004" name="b_buff_addr_gep_fu_97">
<pin_list>
<pin id="98" dir="0" index="0" bw="32" slack="0"/>
<pin id="99" dir="0" index="1" bw="1" slack="0"/>
<pin id="100" dir="0" index="2" bw="3" slack="0"/>
<pin id="101" dir="1" index="3" bw="3" slack="0"/>
</pin_list>
<bind>
<opcode="getelementptr(29) " fcode="getelementptr"/>
<opset="b_buff_addr/3 "/>
</bind>
</comp>

<comp id="104" class="1004" name="b_buff_1_addr_gep_fu_104">
<pin_list>
<pin id="105" dir="0" index="0" bw="32" slack="0"/>
<pin id="106" dir="0" index="1" bw="1" slack="0"/>
<pin id="107" dir="0" index="2" bw="3" slack="0"/>
<pin id="108" dir="1" index="3" bw="3" slack="0"/>
</pin_list>
<bind>
<opcode="getelementptr(29) " fcode="getelementptr"/>
<opset="b_buff_1_addr/3 "/>
</bind>
</comp>

<comp id="111" class="1004" name="b_buff_2_addr_gep_fu_111">
<pin_list>
<pin id="112" dir="0" index="0" bw="32" slack="0"/>
<pin id="113" dir="0" index="1" bw="1" slack="0"/>
<pin id="114" dir="0" index="2" bw="3" slack="0"/>
<pin id="115" dir="1" index="3" bw="3" slack="0"/>
</pin_list>
<bind>
<opcode="getelementptr(29) " fcode="getelementptr"/>
<opset="b_buff_2_addr/3 "/>
</bind>
</comp>

<comp id="118" class="1004" name="b_buff_3_addr_gep_fu_118">
<pin_list>
<pin id="119" dir="0" index="0" bw="32" slack="0"/>
<pin id="120" dir="0" index="1" bw="1" slack="0"/>
<pin id="121" dir="0" index="2" bw="3" slack="0"/>
<pin id="122" dir="1" index="3" bw="3" slack="0"/>
</pin_list>
<bind>
<opcode="getelementptr(29) " fcode="getelementptr"/>
<opset="b_buff_3_addr/3 "/>
</bind>
</comp>

<comp id="125" class="1004" name="b_buff_4_addr_gep_fu_125">
<pin_list>
<pin id="126" dir="0" index="0" bw="32" slack="0"/>
<pin id="127" dir="0" index="1" bw="1" slack="0"/>
<pin id="128" dir="0" index="2" bw="3" slack="0"/>
<pin id="129" dir="1" index="3" bw="3" slack="0"/>
</pin_list>
<bind>
<opcode="getelementptr(29) " fcode="getelementptr"/>
<opset="b_buff_4_addr/3 "/>
</bind>
</comp>

<comp id="132" class="1004" name="b_buff_5_addr_gep_fu_132">
<pin_list>
<pin id="133" dir="0" index="0" bw="32" slack="0"/>
<pin id="134" dir="0" index="1" bw="1" slack="0"/>
<pin id="135" dir="0" index="2" bw="3" slack="0"/>
<pin id="136" dir="1" index="3" bw="3" slack="0"/>
</pin_list>
<bind>
<opcode="getelementptr(29) " fcode="getelementptr"/>
<opset="b_buff_5_addr/3 "/>
</bind>
</comp>

<comp id="139" class="1004" name="b_buff_6_addr_gep_fu_139">
<pin_list>
<pin id="140" dir="0" index="0" bw="32" slack="0"/>
<pin id="141" dir="0" index="1" bw="1" slack="0"/>
<pin id="142" dir="0" index="2" bw="3" slack="0"/>
<pin id="143" dir="1" index="3" bw="3" slack="0"/>
</pin_list>
<bind>
<opcode="getelementptr(29) " fcode="getelementptr"/>
<opset="b_buff_6_addr/3 "/>
</bind>
</comp>

<comp id="146" class="1004" name="b_buff_7_addr_gep_fu_146">
<pin_list>
<pin id="147" dir="0" index="0" bw="32" slack="0"/>
<pin id="148" dir="0" index="1" bw="1" slack="0"/>
<pin id="149" dir="0" index="2" bw="3" slack="0"/>
<pin id="150" dir="1" index="3" bw="3" slack="0"/>
</pin_list>
<bind>
<opcode="getelementptr(29) " fcode="getelementptr"/>
<opset="b_buff_7_addr/3 "/>
</bind>
</comp>

<comp id="153" class="1004" name="store_ln41_access_fu_153">
<pin_list>
<pin id="154" dir="0" index="0" bw="3" slack="0"/>
<pin id="155" dir="0" index="1" bw="32" slack="0"/>
<pin id="156" dir="0" index="2" bw="0" slack="2147483647"/>
<pin id="157" dir="1" index="3" bw="32" slack="2147483647"/>
</pin_list>
<bind>
<opcode="store(28) " fcode="store"/>
<opset="store_ln41/3 "/>
</bind>
</comp>

<comp id="159" class="1004" name="store_ln41_access_fu_159">
<pin_list>
<pin id="160" dir="0" index="0" bw="3" slack="0"/>
<pin id="161" dir="0" index="1" bw="32" slack="0"/>
<pin id="162" dir="0" index="2" bw="0" slack="2147483647"/>
<pin id="163" dir="1" index="3" bw="32" slack="2147483647"/>
</pin_list>
<bind>
<opcode="store(28) " fcode="store"/>
<opset="store_ln41/3 "/>
</bind>
</comp>

<comp id="165" class="1004" name="store_ln41_access_fu_165">
<pin_list>
<pin id="166" dir="0" index="0" bw="3" slack="0"/>
<pin id="167" dir="0" index="1" bw="32" slack="0"/>
<pin id="168" dir="0" index="2" bw="0" slack="2147483647"/>
<pin id="169" dir="1" index="3" bw="32" slack="2147483647"/>
</pin_list>
<bind>
<opcode="store(28) " fcode="store"/>
<opset="store_ln41/3 "/>
</bind>
</comp>

<comp id="171" class="1004" name="store_ln41_access_fu_171">
<pin_list>
<pin id="172" dir="0" index="0" bw="3" slack="0"/>
<pin id="173" dir="0" index="1" bw="32" slack="0"/>
<pin id="174" dir="0" index="2" bw="0" slack="2147483647"/>
<pin id="175" dir="1" index="3" bw="32" slack="2147483647"/>
</pin_list>
<bind>
<opcode="store(28) " fcode="store"/>
<opset="store_ln41/3 "/>
</bind>
</comp>

<comp id="177" class="1004" name="store_ln41_access_fu_177">
<pin_list>
<pin id="178" dir="0" index="0" bw="3" slack="0"/>
<pin id="179" dir="0" index="1" bw="32" slack="0"/>
<pin id="180" dir="0" index="2" bw="0" slack="2147483647"/>
<pin id="181" dir="1" index="3" bw="32" slack="2147483647"/>
</pin_list>
<bind>
<opcode="store(28) " fcode="store"/>
<opset="store_ln41/3 "/>
</bind>
</comp>

<comp id="183" class="1004" name="store_ln41_access_fu_183">
<pin_list>
<pin id="184" dir="0" index="0" bw="3" slack="0"/>
<pin id="185" dir="0" index="1" bw="32" slack="0"/>
<pin id="186" dir="0" index="2" bw="0" slack="2147483647"/>
<pin id="187" dir="1" index="3" bw="32" slack="2147483647"/>
</pin_list>
<bind>
<opcode="store(28) " fcode="store"/>
<opset="store_ln41/3 "/>
</bind>
</comp>

<comp id="189" class="1004" name="store_ln41_access_fu_189">
<pin_list>
<pin id="190" dir="0" index="0" bw="3" slack="0"/>
<pin id="191" dir="0" index="1" bw="32" slack="0"/>
<pin id="192" dir="0" index="2" bw="0" slack="2147483647"/>
<pin id="193" dir="1" index="3" bw="32" slack="2147483647"/>
</pin_list>
<bind>
<opcode="store(28) " fcode="store"/>
<opset="store_ln41/3 "/>
</bind>
</comp>

<comp id="195" class="1004" name="store_ln41_access_fu_195">
<pin_list>
<pin id="196" dir="0" index="0" bw="3" slack="0"/>
<pin id="197" dir="0" index="1" bw="32" slack="0"/>
<pin id="198" dir="0" index="2" bw="0" slack="2147483647"/>
<pin id="199" dir="1" index="3" bw="32" slack="2147483647"/>
</pin_list>
<bind>
<opcode="store(28) " fcode="store"/>
<opset="store_ln41/3 "/>
</bind>
</comp>

<comp id="201" class="1004" name="sext_ln41_cast_fu_201">
<pin_list>
<pin id="202" dir="0" index="0" bw="62" slack="0"/>
<pin id="203" dir="1" index="1" bw="64" slack="1"/>
</pin_list>
<bind>
<opcode="sext(35) " fcode="sext"/>
<opset="sext_ln41_cast/1 "/>
</bind>
</comp>

<comp id="205" class="1004" name="store_ln0_store_fu_205">
<pin_list>
<pin id="206" dir="0" index="0" bw="1" slack="0"/>
<pin id="207" dir="0" index="1" bw="7" slack="0"/>
<pin id="208" dir="1" index="2" bw="0" slack="2147483647"/>
</pin_list>
<bind>
<opcode="store(28) " fcode="store"/>
<opset="store_ln0/1 "/>
</bind>
</comp>

<comp id="210" class="1004" name="loop_index10_load_load_fu_210">
<pin_list>
<pin id="211" dir="0" index="0" bw="7" slack="0"/>
<pin id="212" dir="1" index="1" bw="7" slack="0"/>
</pin_list>
<bind>
<opcode="load(27) " fcode="load"/>
<opset="loop_index10_load/1 "/>
</bind>
</comp>

<comp id="213" class="1004" name="exitcond1249_fu_213">
<pin_list>
<pin id="214" dir="0" index="0" bw="7" slack="0"/>
<pin id="215" dir="0" index="1" bw="7" slack="0"/>
<pin id="216" dir="1" index="2" bw="1" slack="1"/>
</pin_list>
<bind>
<opcode="icmp(45) " fcode="icmp"/>
<opset="exitcond1249/1 "/>
</bind>
</comp>

<comp id="219" class="1004" name="empty_26_fu_219">
<pin_list>
<pin id="220" dir="0" index="0" bw="7" slack="0"/>
<pin id="221" dir="0" index="1" bw="1" slack="0"/>
<pin id="222" dir="1" index="2" bw="7" slack="0"/>
</pin_list>
<bind>
<opcode="add(8) " fcode="add"/>
<opset="empty_26/1 "/>
</bind>
</comp>

<comp id="225" class="1004" name="empty_27_fu_225">
<pin_list>
<pin id="226" dir="0" index="0" bw="7" slack="0"/>
<pin id="227" dir="1" index="1" bw="3" slack="2"/>
</pin_list>
<bind>
<opcode="trunc(33) " fcode="trunc"/>
<opset="empty_27/1 "/>
</bind>
</comp>

<comp id="229" class="1004" name="p_cast_fu_229">
<pin_list>
<pin id="230" dir="0" index="0" bw="3" slack="0"/>
<pin id="231" dir="0" index="1" bw="7" slack="0"/>
<pin id="232" dir="0" index="2" bw="3" slack="0"/>
<pin id="233" dir="0" index="3" bw="4" slack="0"/>
<pin id="234" dir="1" index="4" bw="3" slack="2"/>
</pin_list>
<bind>
<opcode="partselect(1002) " fcode="partselect"/>
<opset="p_cast/1 "/>
</bind>
</comp>

<comp id="239" class="1004" name="store_ln0_store_fu_239">
<pin_list>
<pin id="240" dir="0" index="0" bw="7" slack="0"/>
<pin id="241" dir="0" index="1" bw="7" slack="0"/>
<pin id="242" dir="1" index="2" bw="0" slack="2147483647"/>
</pin_list>
<bind>
<opcode="store(28) " fcode="store"/>
<opset="store_ln0/1 "/>
</bind>
</comp>

<comp id="244" class="1004" name="b_port_addr_fu_244">
<pin_list>
<pin id="245" dir="0" index="0" bw="32" slack="0"/>
<pin id="246" dir="0" index="1" bw="62" slack="1"/>
<pin id="247" dir="1" index="2" bw="32" slack="0"/>
</pin_list>
<bind>
<opcode="getelementptr(29) " fcode="getelementptr"/>
<opset="b_port_addr/2 "/>
</bind>
</comp>

<comp id="250" class="1004" name="empty_28_fu_250">
<pin_list>
<pin id="251" dir="0" index="0" bw="32" slack="1"/>
<pin id="252" dir="1" index="1" bw="32" slack="0"/>
</pin_list>
<bind>
<opcode="bitcast(44) " fcode="bitcast"/>
<opset="empty_28/3 "/>
</bind>
</comp>

<comp id="261" class="1004" name="p_cast6_fu_261">
<pin_list>
<pin id="262" dir="0" index="0" bw="3" slack="2"/>
<pin id="263" dir="1" index="1" bw="64" slack="0"/>
</pin_list>
<bind>
<opcode="zext(34) " fcode="zext"/>
<opset="p_cast6/3 "/>
</bind>
</comp>

<comp id="272" class="1005" name="loop_index10_reg_272">
<pin_list>
<pin id="273" dir="0" index="0" bw="7" slack="0"/>
<pin id="274" dir="1" index="1" bw="7" slack="0"/>
</pin_list>
<bind>
<opset="loop_index10 "/>
</bind>
</comp>

<comp id="279" class="1005" name="sext_ln41_cast_reg_279">
<pin_list>
<pin id="280" dir="0" index="0" bw="64" slack="1"/>
<pin id="281" dir="1" index="1" bw="64" slack="1"/>
</pin_list>
<bind>
<opset="sext_ln41_cast "/>
</bind>
</comp>

<comp id="284" class="1005" name="exitcond1249_reg_284">
<pin_list>
<pin id="285" dir="0" index="0" bw="1" slack="1"/>
<pin id="286" dir="1" index="1" bw="1" slack="2147483647"/>
</pin_list>
<bind>
<opset="exitcond1249 "/>
</bind>
</comp>

<comp id="288" class="1005" name="empty_27_reg_288">
<pin_list>
<pin id="289" dir="0" index="0" bw="3" slack="2"/>
<pin id="290" dir="1" index="1" bw="3" slack="2"/>
</pin_list>
<bind>
<opset="empty_27 "/>
</bind>
</comp>

<comp id="293" class="1005" name="p_cast_reg_293">
<pin_list>
<pin id="294" dir="0" index="0" bw="3" slack="2"/>
<pin id="295" dir="1" index="1" bw="3" slack="2147483647"/>
</pin_list>
<bind>
<opset="p_cast "/>
</bind>
</comp>

<comp id="297" class="1005" name="b_port_addr_read_reg_297">
<pin_list>
<pin id="298" dir="0" index="0" bw="32" slack="1"/>
<pin id="299" dir="1" index="1" bw="32" slack="1"/>
</pin_list>
<bind>
<opset="b_port_addr_read "/>
</bind>
</comp>

</comp_list>

<net_list>
<net id="85"><net_src comp="20" pin="0"/><net_sink comp="82" pin=0"/></net>

<net id="90"><net_src comp="22" pin="0"/><net_sink comp="86" pin=0"/></net>

<net id="91"><net_src comp="2" pin="0"/><net_sink comp="86" pin=1"/></net>

<net id="96"><net_src comp="78" pin="0"/><net_sink comp="92" pin=0"/></net>

<net id="102"><net_src comp="4" pin="0"/><net_sink comp="97" pin=0"/></net>

<net id="103"><net_src comp="80" pin="0"/><net_sink comp="97" pin=1"/></net>

<net id="109"><net_src comp="6" pin="0"/><net_sink comp="104" pin=0"/></net>

<net id="110"><net_src comp="80" pin="0"/><net_sink comp="104" pin=1"/></net>

<net id="116"><net_src comp="8" pin="0"/><net_sink comp="111" pin=0"/></net>

<net id="117"><net_src comp="80" pin="0"/><net_sink comp="111" pin=1"/></net>

<net id="123"><net_src comp="10" pin="0"/><net_sink comp="118" pin=0"/></net>

<net id="124"><net_src comp="80" pin="0"/><net_sink comp="118" pin=1"/></net>

<net id="130"><net_src comp="12" pin="0"/><net_sink comp="125" pin=0"/></net>

<net id="131"><net_src comp="80" pin="0"/><net_sink comp="125" pin=1"/></net>

<net id="137"><net_src comp="14" pin="0"/><net_sink comp="132" pin=0"/></net>

<net id="138"><net_src comp="80" pin="0"/><net_sink comp="132" pin=1"/></net>

<net id="144"><net_src comp="16" pin="0"/><net_sink comp="139" pin=0"/></net>

<net id="145"><net_src comp="80" pin="0"/><net_sink comp="139" pin=1"/></net>

<net id="151"><net_src comp="18" pin="0"/><net_sink comp="146" pin=0"/></net>

<net id="152"><net_src comp="80" pin="0"/><net_sink comp="146" pin=1"/></net>

<net id="158"><net_src comp="139" pin="3"/><net_sink comp="153" pin=0"/></net>

<net id="164"><net_src comp="132" pin="3"/><net_sink comp="159" pin=0"/></net>

<net id="170"><net_src comp="125" pin="3"/><net_sink comp="165" pin=0"/></net>

<net id="176"><net_src comp="118" pin="3"/><net_sink comp="171" pin=0"/></net>

<net id="182"><net_src comp="111" pin="3"/><net_sink comp="177" pin=0"/></net>

<net id="188"><net_src comp="104" pin="3"/><net_sink comp="183" pin=0"/></net>

<net id="194"><net_src comp="97" pin="3"/><net_sink comp="189" pin=0"/></net>

<net id="200"><net_src comp="146" pin="3"/><net_sink comp="195" pin=0"/></net>

<net id="204"><net_src comp="86" pin="2"/><net_sink comp="201" pin=0"/></net>

<net id="209"><net_src comp="42" pin="0"/><net_sink comp="205" pin=0"/></net>

<net id="217"><net_src comp="210" pin="1"/><net_sink comp="213" pin=0"/></net>

<net id="218"><net_src comp="44" pin="0"/><net_sink comp="213" pin=1"/></net>

<net id="223"><net_src comp="210" pin="1"/><net_sink comp="219" pin=0"/></net>

<net id="224"><net_src comp="46" pin="0"/><net_sink comp="219" pin=1"/></net>

<net id="228"><net_src comp="210" pin="1"/><net_sink comp="225" pin=0"/></net>

<net id="235"><net_src comp="48" pin="0"/><net_sink comp="229" pin=0"/></net>

<net id="236"><net_src comp="210" pin="1"/><net_sink comp="229" pin=1"/></net>

<net id="237"><net_src comp="50" pin="0"/><net_sink comp="229" pin=2"/></net>

<net id="238"><net_src comp="52" pin="0"/><net_sink comp="229" pin=3"/></net>

<net id="243"><net_src comp="219" pin="2"/><net_sink comp="239" pin=0"/></net>

<net id="248"><net_src comp="0" pin="0"/><net_sink comp="244" pin=0"/></net>

<net id="249"><net_src comp="244" pin="2"/><net_sink comp="92" pin=1"/></net>

<net id="253"><net_src comp="250" pin="1"/><net_sink comp="153" pin=1"/></net>

<net id="254"><net_src comp="250" pin="1"/><net_sink comp="159" pin=1"/></net>

<net id="255"><net_src comp="250" pin="1"/><net_sink comp="165" pin=1"/></net>

<net id="256"><net_src comp="250" pin="1"/><net_sink comp="171" pin=1"/></net>

<net id="257"><net_src comp="250" pin="1"/><net_sink comp="177" pin=1"/></net>

<net id="258"><net_src comp="250" pin="1"/><net_sink comp="183" pin=1"/></net>

<net id="259"><net_src comp="250" pin="1"/><net_sink comp="189" pin=1"/></net>

<net id="260"><net_src comp="250" pin="1"/><net_sink comp="195" pin=1"/></net>

<net id="264"><net_src comp="261" pin="1"/><net_sink comp="97" pin=2"/></net>

<net id="265"><net_src comp="261" pin="1"/><net_sink comp="104" pin=2"/></net>

<net id="266"><net_src comp="261" pin="1"/><net_sink comp="111" pin=2"/></net>

<net id="267"><net_src comp="261" pin="1"/><net_sink comp="118" pin=2"/></net>

<net id="268"><net_src comp="261" pin="1"/><net_sink comp="125" pin=2"/></net>

<net id="269"><net_src comp="261" pin="1"/><net_sink comp="132" pin=2"/></net>

<net id="270"><net_src comp="261" pin="1"/><net_sink comp="139" pin=2"/></net>

<net id="271"><net_src comp="261" pin="1"/><net_sink comp="146" pin=2"/></net>

<net id="275"><net_src comp="82" pin="1"/><net_sink comp="272" pin=0"/></net>

<net id="276"><net_src comp="272" pin="1"/><net_sink comp="205" pin=1"/></net>

<net id="277"><net_src comp="272" pin="1"/><net_sink comp="210" pin=0"/></net>

<net id="278"><net_src comp="272" pin="1"/><net_sink comp="239" pin=1"/></net>

<net id="282"><net_src comp="201" pin="1"/><net_sink comp="279" pin=0"/></net>

<net id="283"><net_src comp="279" pin="1"/><net_sink comp="244" pin=1"/></net>

<net id="287"><net_src comp="213" pin="2"/><net_sink comp="284" pin=0"/></net>

<net id="291"><net_src comp="225" pin="1"/><net_sink comp="288" pin=0"/></net>

<net id="292"><net_src comp="288" pin="1"/><net_sink comp="261" pin=0"/></net>

<net id="296"><net_src comp="229" pin="4"/><net_sink comp="293" pin=0"/></net>

<net id="300"><net_src comp="92" pin="2"/><net_sink comp="297" pin=0"/></net>

<net id="301"><net_src comp="297" pin="1"/><net_sink comp="250" pin=0"/></net>

</net_list>

</model> 
---------------- Datapath Model END ------------------

* FSMD analyzer results:
  - Output states:
	Port: b_buff | {3 }
	Port: b_buff_1 | {3 }
	Port: b_buff_2 | {3 }
	Port: b_buff_3 | {3 }
	Port: b_buff_4 | {3 }
	Port: b_buff_5 | {3 }
	Port: b_buff_6 | {3 }
	Port: b_buff_7 | {3 }
 - Input state : 
	Port: gemm_Pipeline_2 : b_port | {2 }
	Port: gemm_Pipeline_2 : sext_ln41 | {1 }
  - Chain level:
	State 1
		store_ln0 : 1
		loop_index10_load : 1
		exitcond1249 : 2
		empty_26 : 2
		br_ln0 : 3
		empty_27 : 2
		p_cast : 2
		switch_ln0 : 3
		store_ln0 : 3
	State 2
		b_port_addr_read : 1
	State 3
		b_buff_addr : 1
		b_buff_1_addr : 1
		b_buff_2_addr : 1
		b_buff_3_addr : 1
		b_buff_4_addr : 1
		b_buff_5_addr : 1
		b_buff_6_addr : 1
		b_buff_7_addr : 1
		store_ln41 : 2
		store_ln41 : 2
		store_ln41 : 2
		store_ln41 : 2
		store_ln41 : 2
		store_ln41 : 2
		store_ln41 : 2
		store_ln41 : 2


============================================================
+ Verbose Summary: Datapath Resource usage 
============================================================

* Functional unit list:
|----------|-----------------------------|---------|---------|
| Operation|       Functional Unit       |    FF   |   LUT   |
|----------|-----------------------------|---------|---------|
|    add   |       empty_26_fu_219       |    0    |    14   |
|----------|-----------------------------|---------|---------|
|   icmp   |     exitcond1249_fu_213     |    0    |    10   |
|----------|-----------------------------|---------|---------|
|   read   |  sext_ln41_read_read_fu_86  |    0    |    0    |
|          | b_port_addr_read_read_fu_92 |    0    |    0    |
|----------|-----------------------------|---------|---------|
|   sext   |    sext_ln41_cast_fu_201    |    0    |    0    |
|----------|-----------------------------|---------|---------|
|   trunc  |       empty_27_fu_225       |    0    |    0    |
|----------|-----------------------------|---------|---------|
|partselect|        p_cast_fu_229        |    0    |    0    |
|----------|-----------------------------|---------|---------|
|   zext   |        p_cast6_fu_261       |    0    |    0    |
|----------|-----------------------------|---------|---------|
|   Total  |                             |    0    |    24   |
|----------|-----------------------------|---------|---------|

Memories:
N/A

* Register list:
+------------------------+--------+
|                        |   FF   |
+------------------------+--------+
|b_port_addr_read_reg_297|   32   |
|    empty_27_reg_288    |    3   |
|  exitcond1249_reg_284  |    1   |
|  loop_index10_reg_272  |    7   |
|     p_cast_reg_293     |    3   |
| sext_ln41_cast_reg_279 |   64   |
+------------------------+--------+
|          Total         |   110  |
+------------------------+--------+

* Multiplexer (MUX) list: 
|--------|------|------|------|--------|
|  Comp  |  Pin | Size |  BW  | S x BW |
|--------|------|------|------|--------|
|  Total |      |      |      |    0   |
|--------|------|------|------|--------|



* Summary:
+-----------+--------+--------+
|           |   FF   |   LUT  |
+-----------+--------+--------+
|  Function |    0   |   24   |
|   Memory  |    -   |    -   |
|Multiplexer|    -   |    -   |
|  Register |   110  |    -   |
+-----------+--------+--------+
|   Total   |   110  |   24   |
+-----------+--------+--------+
