

================================================================
== Vitis HLS Report for 'gemm_Pipeline_1'
================================================================
* Date:           Thu Nov 30 17:26:21 2023

* Version:        2022.2 (Build 3670227 on Oct 13 2022)
* Project:        6_outer_zcu104
* Solution:       solution1 (Vivado IP Flow Target)
* Product family: zynquplus
* Target device:  xczu7ev-ffvc1156-2-e


================================================================
== Performance Estimates
================================================================
+ Timing: 
    * Summary: 
    +--------+----------+----------+------------+
    |  Clock |  Target  | Estimated| Uncertainty|
    +--------+----------+----------+------------+
    |ap_clk  |  10.00 ns|  7.300 ns|     2.70 ns|
    +--------+----------+----------+------------+

+ Latency: 
    * Summary: 
    +---------+---------+----------+----------+-----+-----+---------+
    |  Latency (cycles) |  Latency (absolute) |  Interval | Pipeline|
    |   min   |   max   |    min   |    max   | min | max |   Type  |
    +---------+---------+----------+----------+-----+-----+---------+
    |       67|       67|  0.670 us|  0.670 us|   67|   67|       no|
    +---------+---------+----------+----------+-----+-----+---------+

    + Detail: 
        * Instance: 
        N/A

        * Loop: 
        +----------+---------+---------+----------+-----------+-----------+------+----------+
        |          |  Latency (cycles) | Iteration|  Initiation Interval  | Trip |          |
        | Loop Name|   min   |   max   |  Latency |  achieved |   target  | Count| Pipelined|
        +----------+---------+---------+----------+-----------+-----------+------+----------+
        |- Loop 1  |       65|       65|         3|          1|          1|    64|       yes|
        +----------+---------+---------+----------+-----------+-----------+------+----------+

============================================================
+ Verbose Summary: Synthesis Manager
============================================================
InlineROM: 1
ExposeGlobal: 0
============================================================
+ Verbose Summary: CDFG Model
============================================================
IsTopModel: 0
ResetActiveHigh: 1
IsCombinational: 0
IsDatapathOnly: 0
HasWiredReturn: 1
HasMFsm: 2
HasVarLatency: 1
IsPipeline: 0
IsRtlPipelined: 0
IsInstanceOverlapped: 0
IsDontTouch: 0
HasImplIP: 0
IsGatedGlobalClock: 0

+ Individual pipeline summary: 
  * Pipeline-0: initiation interval (II) = 1, depth = 3


============================================================
+ Verbose Summary: Schedule
============================================================
* Number of FSM states : 3
* Pipeline : 1
  Pipeline-0 : II = 1, D = 3, States = { 1 2 3 }
* Dataflow Pipeline: 0

* FSM state transitions: 
1 --> 2 
2 --> 3 
3 --> 

* FSM state operations: 

State 1 <SV = 0> <Delay = 1.24>
ST_1 : Operation 6 [1/1] (0.00ns)   --->   "%loop_index13 = alloca i32 1"   --->   Operation 6 'alloca' 'loop_index13' <Predicate = true> <Delay = 0.00>
ST_1 : Operation 7 [1/1] (0.00ns)   --->   "%sext_ln40_read = read i62 @_ssdm_op_Read.ap_auto.i62, i62 %sext_ln40"   --->   Operation 7 'read' 'sext_ln40_read' <Predicate = true> <Delay = 0.00>
ST_1 : Operation 8 [1/1] (0.00ns)   --->   "%sext_ln40_cast = sext i62 %sext_ln40_read"   --->   Operation 8 'sext' 'sext_ln40_cast' <Predicate = true> <Delay = 0.00>
ST_1 : Operation 9 [1/1] (0.00ns)   --->   "%specinterface_ln0 = specinterface void @_ssdm_op_SpecInterface, i32 %a_port, void @empty, i32 0, i32 0, void @empty_0, i32 0, i32 64, void @empty_1, void @empty_2, void @empty_0, i32 16, i32 16, i32 16, i32 16, void @empty_0, void @empty_0, i32 4294967295, i32 0"   --->   Operation 9 'specinterface' 'specinterface_ln0' <Predicate = true> <Delay = 0.00>
ST_1 : Operation 10 [1/1] (0.42ns)   --->   "%store_ln0 = store i7 0, i7 %loop_index13"   --->   Operation 10 'store' 'store_ln0' <Predicate = true> <Delay = 0.42>
ST_1 : Operation 11 [1/1] (0.00ns)   --->   "%br_ln0 = br void %load-store-loop12"   --->   Operation 11 'br' 'br_ln0' <Predicate = true> <Delay = 0.00>
ST_1 : Operation 12 [1/1] (0.00ns)   --->   "%loop_index13_load = load i7 %loop_index13"   --->   Operation 12 'load' 'loop_index13_load' <Predicate = true> <Delay = 0.00>
ST_1 : Operation 13 [1/1] (0.81ns)   --->   "%exitcond12510 = icmp_eq  i7 %loop_index13_load, i7 64"   --->   Operation 13 'icmp' 'exitcond12510' <Predicate = true> <Delay = 0.81> <CoreInst = "Cmp">   --->   Core 9 'Cmp' <Latency = 0> <II = 1> <Delay = 0.81> <FuncUnit> <Opcode : 'icmp'> <InPorts = 2> <OutPorts = 1>
ST_1 : Operation 14 [1/1] (0.77ns)   --->   "%empty_29 = add i7 %loop_index13_load, i7 1"   --->   Operation 14 'add' 'empty_29' <Predicate = true> <Delay = 0.77> <CoreInst = "Adder">   --->   Core 1 'Adder' <Latency = 0> <II = 1> <Delay = 0.77> <FuncUnit> <Opcode : 'add' 'sub'> <InPorts = 2> <OutPorts = 1>
ST_1 : Operation 15 [1/1] (0.00ns)   --->   "%br_ln0 = br i1 %exitcond12510, void %load-store-loop12.split, void %memcpy-split11.exitStub"   --->   Operation 15 'br' 'br_ln0' <Predicate = true> <Delay = 0.00>
ST_1 : Operation 16 [1/1] (0.00ns)   --->   "%tmp_s = partselect i3 @_ssdm_op_PartSelect.i3.i7.i32.i32, i7 %loop_index13_load, i32 3, i32 5"   --->   Operation 16 'partselect' 'tmp_s' <Predicate = (!exitcond12510)> <Delay = 0.00>
ST_1 : Operation 17 [1/1] (0.00ns)   --->   "%empty_31 = trunc i7 %loop_index13_load"   --->   Operation 17 'trunc' 'empty_31' <Predicate = (!exitcond12510)> <Delay = 0.00>
ST_1 : Operation 18 [1/1] (0.44ns)   --->   "%switch_ln0 = switch i3 %empty_31, void %.case.7, i3 0, void %.case.0, i3 1, void %.case.1, i3 2, void %.case.2, i3 3, void %.case.3, i3 4, void %.case.4, i3 5, void %.case.5, i3 6, void %.case.6"   --->   Operation 18 'switch' 'switch_ln0' <Predicate = (!exitcond12510)> <Delay = 0.44>
ST_1 : Operation 19 [1/1] (0.42ns)   --->   "%store_ln0 = store i7 %empty_29, i7 %loop_index13"   --->   Operation 19 'store' 'store_ln0' <Predicate = (!exitcond12510)> <Delay = 0.42>
ST_1 : Operation 20 [1/1] (0.00ns)   --->   "%br_ln0 = br void %load-store-loop12"   --->   Operation 20 'br' 'br_ln0' <Predicate = (!exitcond12510)> <Delay = 0.00>

State 2 <SV = 1> <Delay = 7.30>
ST_2 : Operation 21 [1/1] (0.00ns)   --->   "%specbitsmap_ln0 = specbitsmap void @_ssdm_op_SpecBitsMap, i32 %a_port"   --->   Operation 21 'specbitsmap' 'specbitsmap_ln0' <Predicate = true> <Delay = 0.00>
ST_2 : Operation 22 [1/1] (0.00ns)   --->   "%a_port_addr = getelementptr i32 %a_port, i64 %sext_ln40_cast" [gemm_outer.cc:40]   --->   Operation 22 'getelementptr' 'a_port_addr' <Predicate = true> <Delay = 0.00>
ST_2 : Operation 23 [1/1] (0.00ns)   --->   "%specpipeline_ln0 = specpipeline void @_ssdm_op_SpecPipeline, i32 4294967295, i32 0, i32 1, i32 0, void @p_str"   --->   Operation 23 'specpipeline' 'specpipeline_ln0' <Predicate = true> <Delay = 0.00>
ST_2 : Operation 24 [1/1] (0.00ns)   --->   "%empty = speclooptripcount i32 @_ssdm_op_SpecLoopTripCount, i64 64, i64 64, i64 64"   --->   Operation 24 'speclooptripcount' 'empty' <Predicate = true> <Delay = 0.00>
ST_2 : Operation 25 [1/1] (7.30ns)   --->   "%a_port_addr_read = read i32 @_ssdm_op_Read.m_axi.p1i32, i32 %a_port_addr" [gemm_outer.cc:40]   --->   Operation 25 'read' 'a_port_addr_read' <Predicate = (!exitcond12510)> <Delay = 7.30> <CoreInst = "m_axi">   --->   Core 121 'm_axi' <Latency = 0> <II = 1> <Delay = 1.00> <Adapter> <Opcode : 'read' 'write' 'readreq' 'writereq' 'writeresp'>
ST_2 : Operation 52 [1/1] (0.00ns)   --->   "%ret_ln0 = ret"   --->   Operation 52 'ret' 'ret_ln0' <Predicate = (exitcond12510)> <Delay = 0.00>

State 3 <SV = 2> <Delay = 0.67>
ST_3 : Operation 26 [1/1] (0.00ns)   --->   "%empty_30 = bitcast i32 %a_port_addr_read" [gemm_outer.cc:40]   --->   Operation 26 'bitcast' 'empty_30' <Predicate = true> <Delay = 0.00>
ST_3 : Operation 27 [1/1] (0.00ns)   --->   "%p_cast5 = zext i3 %tmp_s"   --->   Operation 27 'zext' 'p_cast5' <Predicate = true> <Delay = 0.00>
ST_3 : Operation 28 [1/1] (0.00ns)   --->   "%a_buff_addr = getelementptr i32 %a_buff, i64 0, i64 %p_cast5"   --->   Operation 28 'getelementptr' 'a_buff_addr' <Predicate = true> <Delay = 0.00>
ST_3 : Operation 29 [1/1] (0.00ns)   --->   "%a_buff_1_addr = getelementptr i32 %a_buff_1, i64 0, i64 %p_cast5"   --->   Operation 29 'getelementptr' 'a_buff_1_addr' <Predicate = true> <Delay = 0.00>
ST_3 : Operation 30 [1/1] (0.00ns)   --->   "%a_buff_2_addr = getelementptr i32 %a_buff_2, i64 0, i64 %p_cast5"   --->   Operation 30 'getelementptr' 'a_buff_2_addr' <Predicate = true> <Delay = 0.00>
ST_3 : Operation 31 [1/1] (0.00ns)   --->   "%a_buff_3_addr = getelementptr i32 %a_buff_3, i64 0, i64 %p_cast5"   --->   Operation 31 'getelementptr' 'a_buff_3_addr' <Predicate = true> <Delay = 0.00>
ST_3 : Operation 32 [1/1] (0.00ns)   --->   "%a_buff_4_addr = getelementptr i32 %a_buff_4, i64 0, i64 %p_cast5"   --->   Operation 32 'getelementptr' 'a_buff_4_addr' <Predicate = true> <Delay = 0.00>
ST_3 : Operation 33 [1/1] (0.00ns)   --->   "%a_buff_5_addr = getelementptr i32 %a_buff_5, i64 0, i64 %p_cast5"   --->   Operation 33 'getelementptr' 'a_buff_5_addr' <Predicate = true> <Delay = 0.00>
ST_3 : Operation 34 [1/1] (0.00ns)   --->   "%a_buff_6_addr = getelementptr i32 %a_buff_6, i64 0, i64 %p_cast5"   --->   Operation 34 'getelementptr' 'a_buff_6_addr' <Predicate = true> <Delay = 0.00>
ST_3 : Operation 35 [1/1] (0.00ns)   --->   "%a_buff_7_addr = getelementptr i32 %a_buff_7, i64 0, i64 %p_cast5"   --->   Operation 35 'getelementptr' 'a_buff_7_addr' <Predicate = true> <Delay = 0.00>
ST_3 : Operation 36 [1/1] (0.67ns)   --->   "%store_ln40 = store i32 %empty_30, i3 %a_buff_6_addr" [gemm_outer.cc:40]   --->   Operation 36 'store' 'store_ln40' <Predicate = (empty_31 == 6)> <Delay = 0.67> <CoreInst = "RAM">   --->   Core 83 'RAM' <Latency = 1> <II = 1> <Delay = 0.67> <Storage> <Opcode : 'load' 'store'> <Ports = 2> <Width = 32> <Depth = 8> <RAM>
ST_3 : Operation 37 [1/1] (0.00ns)   --->   "%br_ln0 = br void %.exit"   --->   Operation 37 'br' 'br_ln0' <Predicate = (empty_31 == 6)> <Delay = 0.00>
ST_3 : Operation 38 [1/1] (0.67ns)   --->   "%store_ln40 = store i32 %empty_30, i3 %a_buff_5_addr" [gemm_outer.cc:40]   --->   Operation 38 'store' 'store_ln40' <Predicate = (empty_31 == 5)> <Delay = 0.67> <CoreInst = "RAM">   --->   Core 83 'RAM' <Latency = 1> <II = 1> <Delay = 0.67> <Storage> <Opcode : 'load' 'store'> <Ports = 2> <Width = 32> <Depth = 8> <RAM>
ST_3 : Operation 39 [1/1] (0.00ns)   --->   "%br_ln0 = br void %.exit"   --->   Operation 39 'br' 'br_ln0' <Predicate = (empty_31 == 5)> <Delay = 0.00>
ST_3 : Operation 40 [1/1] (0.67ns)   --->   "%store_ln40 = store i32 %empty_30, i3 %a_buff_4_addr" [gemm_outer.cc:40]   --->   Operation 40 'store' 'store_ln40' <Predicate = (empty_31 == 4)> <Delay = 0.67> <CoreInst = "RAM">   --->   Core 83 'RAM' <Latency = 1> <II = 1> <Delay = 0.67> <Storage> <Opcode : 'load' 'store'> <Ports = 2> <Width = 32> <Depth = 8> <RAM>
ST_3 : Operation 41 [1/1] (0.00ns)   --->   "%br_ln0 = br void %.exit"   --->   Operation 41 'br' 'br_ln0' <Predicate = (empty_31 == 4)> <Delay = 0.00>
ST_3 : Operation 42 [1/1] (0.67ns)   --->   "%store_ln40 = store i32 %empty_30, i3 %a_buff_3_addr" [gemm_outer.cc:40]   --->   Operation 42 'store' 'store_ln40' <Predicate = (empty_31 == 3)> <Delay = 0.67> <CoreInst = "RAM">   --->   Core 83 'RAM' <Latency = 1> <II = 1> <Delay = 0.67> <Storage> <Opcode : 'load' 'store'> <Ports = 2> <Width = 32> <Depth = 8> <RAM>
ST_3 : Operation 43 [1/1] (0.00ns)   --->   "%br_ln0 = br void %.exit"   --->   Operation 43 'br' 'br_ln0' <Predicate = (empty_31 == 3)> <Delay = 0.00>
ST_3 : Operation 44 [1/1] (0.67ns)   --->   "%store_ln40 = store i32 %empty_30, i3 %a_buff_2_addr" [gemm_outer.cc:40]   --->   Operation 44 'store' 'store_ln40' <Predicate = (empty_31 == 2)> <Delay = 0.67> <CoreInst = "RAM">   --->   Core 83 'RAM' <Latency = 1> <II = 1> <Delay = 0.67> <Storage> <Opcode : 'load' 'store'> <Ports = 2> <Width = 32> <Depth = 8> <RAM>
ST_3 : Operation 45 [1/1] (0.00ns)   --->   "%br_ln0 = br void %.exit"   --->   Operation 45 'br' 'br_ln0' <Predicate = (empty_31 == 2)> <Delay = 0.00>
ST_3 : Operation 46 [1/1] (0.67ns)   --->   "%store_ln40 = store i32 %empty_30, i3 %a_buff_1_addr" [gemm_outer.cc:40]   --->   Operation 46 'store' 'store_ln40' <Predicate = (empty_31 == 1)> <Delay = 0.67> <CoreInst = "RAM">   --->   Core 83 'RAM' <Latency = 1> <II = 1> <Delay = 0.67> <Storage> <Opcode : 'load' 'store'> <Ports = 2> <Width = 32> <Depth = 8> <RAM>
ST_3 : Operation 47 [1/1] (0.00ns)   --->   "%br_ln0 = br void %.exit"   --->   Operation 47 'br' 'br_ln0' <Predicate = (empty_31 == 1)> <Delay = 0.00>
ST_3 : Operation 48 [1/1] (0.67ns)   --->   "%store_ln40 = store i32 %empty_30, i3 %a_buff_addr" [gemm_outer.cc:40]   --->   Operation 48 'store' 'store_ln40' <Predicate = (empty_31 == 0)> <Delay = 0.67> <CoreInst = "RAM">   --->   Core 83 'RAM' <Latency = 1> <II = 1> <Delay = 0.67> <Storage> <Opcode : 'load' 'store'> <Ports = 2> <Width = 32> <Depth = 8> <RAM>
ST_3 : Operation 49 [1/1] (0.00ns)   --->   "%br_ln0 = br void %.exit"   --->   Operation 49 'br' 'br_ln0' <Predicate = (empty_31 == 0)> <Delay = 0.00>
ST_3 : Operation 50 [1/1] (0.67ns)   --->   "%store_ln40 = store i32 %empty_30, i3 %a_buff_7_addr" [gemm_outer.cc:40]   --->   Operation 50 'store' 'store_ln40' <Predicate = (empty_31 == 7)> <Delay = 0.67> <CoreInst = "RAM">   --->   Core 83 'RAM' <Latency = 1> <II = 1> <Delay = 0.67> <Storage> <Opcode : 'load' 'store'> <Ports = 2> <Width = 32> <Depth = 8> <RAM>
ST_3 : Operation 51 [1/1] (0.00ns)   --->   "%br_ln0 = br void %.exit"   --->   Operation 51 'br' 'br_ln0' <Predicate = (empty_31 == 7)> <Delay = 0.00>


============================================================
+ Verbose Summary: Timing violations
============================================================
Target clock period: 10ns, clock uncertainty: 2.7ns.

 <State 1>: 1.24ns
The critical path consists of the following:
	'alloca' operation ('loop_index13') [11]  (0 ns)
	'load' operation ('loop_index13_load') on local variable 'loop_index13' [18]  (0 ns)
	'add' operation ('empty_29') [24]  (0.773 ns)
	'store' operation ('store_ln0') of variable 'empty_29' on local variable 'loop_index13' [66]  (0.427 ns)
	blocking operation 0.044 ns on control path)

 <State 2>: 7.3ns
The critical path consists of the following:
	'getelementptr' operation ('a_port_addr', gemm_outer.cc:40) [20]  (0 ns)
	bus read operation ('a_port_addr_read', gemm_outer.cc:40) on port 'a_port' (gemm_outer.cc:40) [27]  (7.3 ns)

 <State 3>: 0.677ns
The critical path consists of the following:
	'store' operation ('store_ln40', gemm_outer.cc:40) of variable 'empty_30', gemm_outer.cc:40 on array 'a_buff_1' [57]  (0.677 ns)


============================================================
+ Verbose Summary: Binding
============================================================
N/A
* FSMD analyzer results:
  - Output states:
 - Input state : 
  - Chain level:
	State 1
	State 2
	State 3


============================================================
+ Verbose Summary: Datapath Resource usage 
============================================================
N/A
