C:/Users/CSDL_GUEST.DESKTOP-HHKUDFN/Desktop/06_LIG/23-02/HLS/6_GEMM_outer/6_outer_zcu104/solution1/csynth.tcl:15:9: warning: HLS pragma dump _XLX_SEP_ PragmaIsValid=1_XLX_SEP_ PragmaType=top_XLX_SEP_ PragmaContext=directive_XLX_SEP_ PragmaFunction=gemm_XLX_SEP_ PragmaOptions=name=gemm_XLX_SEP_ [-Wdump-hls-pragmas]
#pragma HLSDIRECTIVE TOP name=gemm
        ^
gemm_outer.cc:19:9: warning: HLS pragma dump _XLX_SEP_ PragmaIsValid=1_XLX_SEP_ PragmaType=interface_XLX_SEP_ PragmaContext=_XLX_SEP_ PragmaFunction=gemm_XLX_SEP_ PragmaOptions=m_axi port = a depth = 64 offset = slave bundle = a_port_XLX_SEP_ [-Wdump-hls-pragmas]
#pragma HLS INTERFACE m_axi port = a depth = 64 offset = slave bundle = a_port
        ^
gemm_outer.cc:20:9: warning: HLS pragma dump _XLX_SEP_ PragmaIsValid=1_XLX_SEP_ PragmaType=interface_XLX_SEP_ PragmaContext=_XLX_SEP_ PragmaFunction=gemm_XLX_SEP_ PragmaOptions=m_axi port = b depth = 64 offset = slave bundle = b_port_XLX_SEP_ [-Wdump-hls-pragmas]
#pragma HLS INTERFACE m_axi port = b depth = 64 offset = slave bundle = b_port
        ^
gemm_outer.cc:21:9: warning: HLS pragma dump _XLX_SEP_ PragmaIsValid=1_XLX_SEP_ PragmaType=interface_XLX_SEP_ PragmaContext=_XLX_SEP_ PragmaFunction=gemm_XLX_SEP_ PragmaOptions=m_axi port = c depth = 64 offset = slave bundle = c_port_XLX_SEP_ [-Wdump-hls-pragmas]
#pragma HLS INTERFACE m_axi port = c depth = 64 offset = slave bundle = c_port
        ^
gemm_outer.cc:23:9: warning: HLS pragma dump _XLX_SEP_ PragmaIsValid=1_XLX_SEP_ PragmaType=interface_XLX_SEP_ PragmaContext=_XLX_SEP_ PragmaFunction=gemm_XLX_SEP_ PragmaOptions=s_axilite port = a bundle = CONTROL_BUS_XLX_SEP_ [-Wdump-hls-pragmas]
#pragma HLS INTERFACE s_axilite port = a bundle = CONTROL_BUS
        ^
gemm_outer.cc:24:9: warning: HLS pragma dump _XLX_SEP_ PragmaIsValid=1_XLX_SEP_ PragmaType=interface_XLX_SEP_ PragmaContext=_XLX_SEP_ PragmaFunction=gemm_XLX_SEP_ PragmaOptions=s_axilite port = b bundle = CONTROL_BUS_XLX_SEP_ [-Wdump-hls-pragmas]
#pragma HLS INTERFACE s_axilite port = b bundle = CONTROL_BUS
        ^
gemm_outer.cc:25:9: warning: HLS pragma dump _XLX_SEP_ PragmaIsValid=1_XLX_SEP_ PragmaType=interface_XLX_SEP_ PragmaContext=_XLX_SEP_ PragmaFunction=gemm_XLX_SEP_ PragmaOptions=s_axilite port = c bundle = CONTROL_BUS_XLX_SEP_ [-Wdump-hls-pragmas]
#pragma HLS INTERFACE s_axilite port = c bundle = CONTROL_BUS
        ^
gemm_outer.cc:26:9: warning: HLS pragma dump _XLX_SEP_ PragmaIsValid=1_XLX_SEP_ PragmaType=interface_XLX_SEP_ PragmaContext=_XLX_SEP_ PragmaFunction=gemm_XLX_SEP_ PragmaOptions=s_axilite port = return bundle = CONTROL_BUS_XLX_SEP_ [-Wdump-hls-pragmas]
#pragma HLS INTERFACE s_axilite port = return bundle = CONTROL_BUS
        ^
gemm_outer.cc:34:9: warning: HLS pragma dump _XLX_SEP_ PragmaIsValid=1_XLX_SEP_ PragmaType=array_partition_XLX_SEP_ PragmaContext=_XLX_SEP_ PragmaFunction=gemm_XLX_SEP_ PragmaOptions=variable=a_buff dim=2 type=complete_XLX_SEP_ [-Wdump-hls-pragmas]
#pragma HLS ARRAY_PARTITION variable=a_buff dim=2 type=complete
        ^
gemm_outer.cc:35:9: warning: HLS pragma dump _XLX_SEP_ PragmaIsValid=1_XLX_SEP_ PragmaType=array_partition_XLX_SEP_ PragmaContext=_XLX_SEP_ PragmaFunction=gemm_XLX_SEP_ PragmaOptions=variable=b_buff dim=1 type=complete_XLX_SEP_ [-Wdump-hls-pragmas]
#pragma HLS ARRAY_PARTITION variable=b_buff dim=1 type=complete
        ^
gemm_outer.cc:36:9: warning: HLS pragma dump _XLX_SEP_ PragmaIsValid=1_XLX_SEP_ PragmaType=array_partition_XLX_SEP_ PragmaContext=_XLX_SEP_ PragmaFunction=gemm_XLX_SEP_ PragmaOptions=variable=c_buff dim=0 type=complete_XLX_SEP_ [-Wdump-hls-pragmas]
#pragma HLS ARRAY_PARTITION variable=c_buff dim=0 type=complete
        ^
gemm_outer.cc:52:9: warning: HLS pragma dump _XLX_SEP_ PragmaIsValid=1_XLX_SEP_ PragmaType=pipeline_XLX_SEP_ PragmaContext=_XLX_SEP_ PragmaFunction=gemm_XLX_SEP_ PragmaOptions=II =2_XLX_SEP_ [-Wdump-hls-pragmas]
#pragma HLS PIPELINE II =2
        ^
gemm_outer.cc:54:9: warning: HLS pragma dump _XLX_SEP_ PragmaIsValid=1_XLX_SEP_ PragmaType=unroll_XLX_SEP_ PragmaContext=_XLX_SEP_ PragmaFunction=gemm_XLX_SEP_ PragmaOptions=_XLX_SEP_ [-Wdump-hls-pragmas]
#pragma HLS UNROLL
        ^
13 warnings generated.
