

================================================================
== Vitis HLS Report for 'mm_Pipeline_2'
================================================================
* Date:           Thu Nov 30 16:23:54 2023

* Version:        2022.2 (Build 3670227 on Oct 13 2022)
* Project:        4_gemm_zcu104
* Solution:       solution1 (Vivado IP Flow Target)
* Product family: zynquplus
* Target device:  xczu7ev-ffvc1156-2-e


================================================================
== Performance Estimates
================================================================
+ Timing: 
    * Summary: 
    +--------+----------+----------+------------+
    |  Clock |  Target  | Estimated| Uncertainty|
    +--------+----------+----------+------------+
    |ap_clk  |  10.00 ns|  7.300 ns|     2.70 ns|
    +--------+----------+----------+------------+

+ Latency: 
    * Summary: 
    +---------+---------+----------+----------+-----+-----+---------+
    |  Latency (cycles) |  Latency (absolute) |  Interval | Pipeline|
    |   min   |   max   |    min   |    max   | min | max |   Type  |
    +---------+---------+----------+----------+-----+-----+---------+
    |       66|       66|  0.660 us|  0.660 us|   66|   66|       no|
    +---------+---------+----------+----------+-----+-----+---------+

    + Detail: 
        * Instance: 
        N/A

        * Loop: 
        +----------+---------+---------+----------+-----------+-----------+------+----------+
        |          |  Latency (cycles) | Iteration|  Initiation Interval  | Trip |          |
        | Loop Name|   min   |   max   |  Latency |  achieved |   target  | Count| Pipelined|
        +----------+---------+---------+----------+-----------+-----------+------+----------+
        |- Loop 1  |       64|       64|         2|          1|          1|    64|       yes|
        +----------+---------+---------+----------+-----------+-----------+------+----------+



================================================================
== Utilization Estimates
================================================================
* Summary: 
+-----------------+---------+------+--------+--------+-----+
|       Name      | BRAM_18K|  DSP |   FF   |   LUT  | URAM|
+-----------------+---------+------+--------+--------+-----+
|DSP              |        -|     -|       -|       -|    -|
|Expression       |        -|     -|       0|      29|    -|
|FIFO             |        -|     -|       -|       -|    -|
|Instance         |        -|     -|       -|       -|    -|
|Memory           |        -|     -|       -|       -|    -|
|Multiplexer      |        -|     -|       -|      45|    -|
|Register         |        -|     -|    2064|       -|    -|
+-----------------+---------+------+--------+--------+-----+
|Total            |        0|     0|    2064|      74|    0|
+-----------------+---------+------+--------+--------+-----+
|Available        |      624|  1728|  460800|  230400|   96|
+-----------------+---------+------+--------+--------+-----+
|Utilization (%)  |        0|     0|      ~0|      ~0|    0|
+-----------------+---------+------+--------+--------+-----+

+ Detail: 
    * Instance: 
    N/A

    * DSP: 
    N/A

    * Memory: 
    N/A

    * FIFO: 
    N/A

    * Expression: 
    +---------------------------+----------+----+---+----+------------+------------+
    |       Variable Name       | Operation| DSP| FF| LUT| Bitwidth P0| Bitwidth P1|
    +---------------------------+----------+----+---+----+------------+------------+
    |empty_23_fu_937_p2         |         +|   0|  0|  14|           7|           1|
    |ap_block_pp0_stage0_01001  |       and|   0|  0|   2|           1|           1|
    |exitcond467_fu_931_p2      |      icmp|   0|  0|  11|           7|           8|
    |ap_enable_pp0              |       xor|   0|  0|   2|           1|           2|
    +---------------------------+----------+----+---+----+------------+------------+
    |Total                      |          |   0|  0|  29|          16|          12|
    +---------------------------+----------+----+---+----+------------+------------+

    * Multiplexer: 
    +-----------------------------------+----+-----------+-----+-----------+
    |                Name               | LUT| Input Size| Bits| Total Bits|
    +-----------------------------------+----+-----------+-----+-----------+
    |B_port_blk_n_R                     |   9|          2|    1|          2|
    |ap_done_int                        |   9|          2|    1|          2|
    |ap_enable_reg_pp0_iter1            |   9|          2|    1|          2|
    |ap_sig_allocacmp_loop_index9_load  |   9|          2|    7|         14|
    |loop_index9_fu_194                 |   9|          2|    7|         14|
    +-----------------------------------+----+-----------+-----+-----------+
    |Total                              |  45|         10|   17|         34|
    +-----------------------------------+----+-----------+-----+-----------+

    * Register: 
    +-------------------------+----+----+-----+-----------+
    |           Name          | FF | LUT| Bits| Const Bits|
    +-------------------------+----+----+-----+-----------+
    |B_buff_10_fu_238         |  32|   0|   32|          0|
    |B_buff_11_fu_242         |  32|   0|   32|          0|
    |B_buff_12_fu_246         |  32|   0|   32|          0|
    |B_buff_13_fu_250         |  32|   0|   32|          0|
    |B_buff_14_fu_254         |  32|   0|   32|          0|
    |B_buff_15_fu_258         |  32|   0|   32|          0|
    |B_buff_16_fu_262         |  32|   0|   32|          0|
    |B_buff_17_fu_266         |  32|   0|   32|          0|
    |B_buff_18_fu_270         |  32|   0|   32|          0|
    |B_buff_19_fu_274         |  32|   0|   32|          0|
    |B_buff_1_fu_202          |  32|   0|   32|          0|
    |B_buff_20_fu_278         |  32|   0|   32|          0|
    |B_buff_21_fu_282         |  32|   0|   32|          0|
    |B_buff_22_fu_286         |  32|   0|   32|          0|
    |B_buff_23_fu_290         |  32|   0|   32|          0|
    |B_buff_24_fu_294         |  32|   0|   32|          0|
    |B_buff_25_fu_298         |  32|   0|   32|          0|
    |B_buff_26_fu_302         |  32|   0|   32|          0|
    |B_buff_27_fu_306         |  32|   0|   32|          0|
    |B_buff_28_fu_310         |  32|   0|   32|          0|
    |B_buff_29_fu_314         |  32|   0|   32|          0|
    |B_buff_2_fu_206          |  32|   0|   32|          0|
    |B_buff_30_fu_318         |  32|   0|   32|          0|
    |B_buff_31_fu_322         |  32|   0|   32|          0|
    |B_buff_32_fu_326         |  32|   0|   32|          0|
    |B_buff_33_fu_330         |  32|   0|   32|          0|
    |B_buff_34_fu_334         |  32|   0|   32|          0|
    |B_buff_35_fu_338         |  32|   0|   32|          0|
    |B_buff_36_fu_342         |  32|   0|   32|          0|
    |B_buff_37_fu_346         |  32|   0|   32|          0|
    |B_buff_38_fu_350         |  32|   0|   32|          0|
    |B_buff_39_fu_354         |  32|   0|   32|          0|
    |B_buff_3_fu_210          |  32|   0|   32|          0|
    |B_buff_40_fu_358         |  32|   0|   32|          0|
    |B_buff_41_fu_362         |  32|   0|   32|          0|
    |B_buff_42_fu_366         |  32|   0|   32|          0|
    |B_buff_43_fu_370         |  32|   0|   32|          0|
    |B_buff_44_fu_374         |  32|   0|   32|          0|
    |B_buff_45_fu_378         |  32|   0|   32|          0|
    |B_buff_46_fu_382         |  32|   0|   32|          0|
    |B_buff_47_fu_386         |  32|   0|   32|          0|
    |B_buff_48_fu_390         |  32|   0|   32|          0|
    |B_buff_49_fu_394         |  32|   0|   32|          0|
    |B_buff_4_fu_214          |  32|   0|   32|          0|
    |B_buff_50_fu_398         |  32|   0|   32|          0|
    |B_buff_51_fu_402         |  32|   0|   32|          0|
    |B_buff_52_fu_406         |  32|   0|   32|          0|
    |B_buff_53_fu_410         |  32|   0|   32|          0|
    |B_buff_54_fu_414         |  32|   0|   32|          0|
    |B_buff_55_fu_418         |  32|   0|   32|          0|
    |B_buff_56_fu_422         |  32|   0|   32|          0|
    |B_buff_57_fu_426         |  32|   0|   32|          0|
    |B_buff_58_fu_430         |  32|   0|   32|          0|
    |B_buff_59_fu_434         |  32|   0|   32|          0|
    |B_buff_5_fu_218          |  32|   0|   32|          0|
    |B_buff_60_fu_438         |  32|   0|   32|          0|
    |B_buff_61_fu_442         |  32|   0|   32|          0|
    |B_buff_62_fu_446         |  32|   0|   32|          0|
    |B_buff_63_fu_450         |  32|   0|   32|          0|
    |B_buff_6_fu_222          |  32|   0|   32|          0|
    |B_buff_7_fu_226          |  32|   0|   32|          0|
    |B_buff_8_fu_230          |  32|   0|   32|          0|
    |B_buff_9_fu_234          |  32|   0|   32|          0|
    |B_buff_fu_198            |  32|   0|   32|          0|
    |ap_CS_fsm                |   1|   0|    1|          0|
    |ap_done_reg              |   1|   0|    1|          0|
    |ap_enable_reg_pp0_iter1  |   1|   0|    1|          0|
    |empty_24_reg_1941        |   3|   0|    3|          0|
    |loop_index9_fu_194       |   7|   0|    7|          0|
    |p_cast_reg_1937          |   3|   0|    3|          0|
    +-------------------------+----+----+-----+-----------+
    |Total                    |2064|   0| 2064|          0|
    +-------------------------+----+----+-----+-----------+



================================================================
== Interface
================================================================
* Summary: 
+-----------------------+-----+-----+------------+---------------+--------------+
|       RTL Ports       | Dir | Bits|  Protocol  | Source Object |    C Type    |
+-----------------------+-----+-----+------------+---------------+--------------+
|ap_clk                 |   in|    1|  ap_ctrl_hs|  mm_Pipeline_2|  return value|
|ap_rst                 |   in|    1|  ap_ctrl_hs|  mm_Pipeline_2|  return value|
|ap_start               |   in|    1|  ap_ctrl_hs|  mm_Pipeline_2|  return value|
|ap_done                |  out|    1|  ap_ctrl_hs|  mm_Pipeline_2|  return value|
|ap_idle                |  out|    1|  ap_ctrl_hs|  mm_Pipeline_2|  return value|
|ap_ready               |  out|    1|  ap_ctrl_hs|  mm_Pipeline_2|  return value|
|m_axi_B_port_AWVALID   |  out|    1|       m_axi|         B_port|       pointer|
|m_axi_B_port_AWREADY   |   in|    1|       m_axi|         B_port|       pointer|
|m_axi_B_port_AWADDR    |  out|   64|       m_axi|         B_port|       pointer|
|m_axi_B_port_AWID      |  out|    1|       m_axi|         B_port|       pointer|
|m_axi_B_port_AWLEN     |  out|   32|       m_axi|         B_port|       pointer|
|m_axi_B_port_AWSIZE    |  out|    3|       m_axi|         B_port|       pointer|
|m_axi_B_port_AWBURST   |  out|    2|       m_axi|         B_port|       pointer|
|m_axi_B_port_AWLOCK    |  out|    2|       m_axi|         B_port|       pointer|
|m_axi_B_port_AWCACHE   |  out|    4|       m_axi|         B_port|       pointer|
|m_axi_B_port_AWPROT    |  out|    3|       m_axi|         B_port|       pointer|
|m_axi_B_port_AWQOS     |  out|    4|       m_axi|         B_port|       pointer|
|m_axi_B_port_AWREGION  |  out|    4|       m_axi|         B_port|       pointer|
|m_axi_B_port_AWUSER    |  out|    1|       m_axi|         B_port|       pointer|
|m_axi_B_port_WVALID    |  out|    1|       m_axi|         B_port|       pointer|
|m_axi_B_port_WREADY    |   in|    1|       m_axi|         B_port|       pointer|
|m_axi_B_port_WDATA     |  out|   32|       m_axi|         B_port|       pointer|
|m_axi_B_port_WSTRB     |  out|    4|       m_axi|         B_port|       pointer|
|m_axi_B_port_WLAST     |  out|    1|       m_axi|         B_port|       pointer|
|m_axi_B_port_WID       |  out|    1|       m_axi|         B_port|       pointer|
|m_axi_B_port_WUSER     |  out|    1|       m_axi|         B_port|       pointer|
|m_axi_B_port_ARVALID   |  out|    1|       m_axi|         B_port|       pointer|
|m_axi_B_port_ARREADY   |   in|    1|       m_axi|         B_port|       pointer|
|m_axi_B_port_ARADDR    |  out|   64|       m_axi|         B_port|       pointer|
|m_axi_B_port_ARID      |  out|    1|       m_axi|         B_port|       pointer|
|m_axi_B_port_ARLEN     |  out|   32|       m_axi|         B_port|       pointer|
|m_axi_B_port_ARSIZE    |  out|    3|       m_axi|         B_port|       pointer|
|m_axi_B_port_ARBURST   |  out|    2|       m_axi|         B_port|       pointer|
|m_axi_B_port_ARLOCK    |  out|    2|       m_axi|         B_port|       pointer|
|m_axi_B_port_ARCACHE   |  out|    4|       m_axi|         B_port|       pointer|
|m_axi_B_port_ARPROT    |  out|    3|       m_axi|         B_port|       pointer|
|m_axi_B_port_ARQOS     |  out|    4|       m_axi|         B_port|       pointer|
|m_axi_B_port_ARREGION  |  out|    4|       m_axi|         B_port|       pointer|
|m_axi_B_port_ARUSER    |  out|    1|       m_axi|         B_port|       pointer|
|m_axi_B_port_RVALID    |   in|    1|       m_axi|         B_port|       pointer|
|m_axi_B_port_RREADY    |  out|    1|       m_axi|         B_port|       pointer|
|m_axi_B_port_RDATA     |   in|   32|       m_axi|         B_port|       pointer|
|m_axi_B_port_RLAST     |   in|    1|       m_axi|         B_port|       pointer|
|m_axi_B_port_RID       |   in|    1|       m_axi|         B_port|       pointer|
|m_axi_B_port_RFIFONUM  |   in|    9|       m_axi|         B_port|       pointer|
|m_axi_B_port_RUSER     |   in|    1|       m_axi|         B_port|       pointer|
|m_axi_B_port_RRESP     |   in|    2|       m_axi|         B_port|       pointer|
|m_axi_B_port_BVALID    |   in|    1|       m_axi|         B_port|       pointer|
|m_axi_B_port_BREADY    |  out|    1|       m_axi|         B_port|       pointer|
|m_axi_B_port_BRESP     |   in|    2|       m_axi|         B_port|       pointer|
|m_axi_B_port_BID       |   in|    1|       m_axi|         B_port|       pointer|
|m_axi_B_port_BUSER     |   in|    1|       m_axi|         B_port|       pointer|
|sext_ln35              |   in|   62|     ap_none|      sext_ln35|        scalar|
|B_buff_63_out          |  out|   32|      ap_vld|  B_buff_63_out|       pointer|
|B_buff_63_out_ap_vld   |  out|    1|      ap_vld|  B_buff_63_out|       pointer|
|B_buff_62_out          |  out|   32|      ap_vld|  B_buff_62_out|       pointer|
|B_buff_62_out_ap_vld   |  out|    1|      ap_vld|  B_buff_62_out|       pointer|
|B_buff_61_out          |  out|   32|      ap_vld|  B_buff_61_out|       pointer|
|B_buff_61_out_ap_vld   |  out|    1|      ap_vld|  B_buff_61_out|       pointer|
|B_buff_60_out          |  out|   32|      ap_vld|  B_buff_60_out|       pointer|
|B_buff_60_out_ap_vld   |  out|    1|      ap_vld|  B_buff_60_out|       pointer|
|B_buff_59_out          |  out|   32|      ap_vld|  B_buff_59_out|       pointer|
|B_buff_59_out_ap_vld   |  out|    1|      ap_vld|  B_buff_59_out|       pointer|
|B_buff_58_out          |  out|   32|      ap_vld|  B_buff_58_out|       pointer|
|B_buff_58_out_ap_vld   |  out|    1|      ap_vld|  B_buff_58_out|       pointer|
|B_buff_57_out          |  out|   32|      ap_vld|  B_buff_57_out|       pointer|
|B_buff_57_out_ap_vld   |  out|    1|      ap_vld|  B_buff_57_out|       pointer|
|B_buff_56_out          |  out|   32|      ap_vld|  B_buff_56_out|       pointer|
|B_buff_56_out_ap_vld   |  out|    1|      ap_vld|  B_buff_56_out|       pointer|
|B_buff_55_out          |  out|   32|      ap_vld|  B_buff_55_out|       pointer|
|B_buff_55_out_ap_vld   |  out|    1|      ap_vld|  B_buff_55_out|       pointer|
|B_buff_54_out          |  out|   32|      ap_vld|  B_buff_54_out|       pointer|
|B_buff_54_out_ap_vld   |  out|    1|      ap_vld|  B_buff_54_out|       pointer|
|B_buff_53_out          |  out|   32|      ap_vld|  B_buff_53_out|       pointer|
|B_buff_53_out_ap_vld   |  out|    1|      ap_vld|  B_buff_53_out|       pointer|
|B_buff_52_out          |  out|   32|      ap_vld|  B_buff_52_out|       pointer|
|B_buff_52_out_ap_vld   |  out|    1|      ap_vld|  B_buff_52_out|       pointer|
|B_buff_51_out          |  out|   32|      ap_vld|  B_buff_51_out|       pointer|
|B_buff_51_out_ap_vld   |  out|    1|      ap_vld|  B_buff_51_out|       pointer|
|B_buff_50_out          |  out|   32|      ap_vld|  B_buff_50_out|       pointer|
|B_buff_50_out_ap_vld   |  out|    1|      ap_vld|  B_buff_50_out|       pointer|
|B_buff_49_out          |  out|   32|      ap_vld|  B_buff_49_out|       pointer|
|B_buff_49_out_ap_vld   |  out|    1|      ap_vld|  B_buff_49_out|       pointer|
|B_buff_48_out          |  out|   32|      ap_vld|  B_buff_48_out|       pointer|
|B_buff_48_out_ap_vld   |  out|    1|      ap_vld|  B_buff_48_out|       pointer|
|B_buff_47_out          |  out|   32|      ap_vld|  B_buff_47_out|       pointer|
|B_buff_47_out_ap_vld   |  out|    1|      ap_vld|  B_buff_47_out|       pointer|
|B_buff_46_out          |  out|   32|      ap_vld|  B_buff_46_out|       pointer|
|B_buff_46_out_ap_vld   |  out|    1|      ap_vld|  B_buff_46_out|       pointer|
|B_buff_45_out          |  out|   32|      ap_vld|  B_buff_45_out|       pointer|
|B_buff_45_out_ap_vld   |  out|    1|      ap_vld|  B_buff_45_out|       pointer|
|B_buff_44_out          |  out|   32|      ap_vld|  B_buff_44_out|       pointer|
|B_buff_44_out_ap_vld   |  out|    1|      ap_vld|  B_buff_44_out|       pointer|
|B_buff_43_out          |  out|   32|      ap_vld|  B_buff_43_out|       pointer|
|B_buff_43_out_ap_vld   |  out|    1|      ap_vld|  B_buff_43_out|       pointer|
|B_buff_42_out          |  out|   32|      ap_vld|  B_buff_42_out|       pointer|
|B_buff_42_out_ap_vld   |  out|    1|      ap_vld|  B_buff_42_out|       pointer|
|B_buff_41_out          |  out|   32|      ap_vld|  B_buff_41_out|       pointer|
|B_buff_41_out_ap_vld   |  out|    1|      ap_vld|  B_buff_41_out|       pointer|
|B_buff_40_out          |  out|   32|      ap_vld|  B_buff_40_out|       pointer|
|B_buff_40_out_ap_vld   |  out|    1|      ap_vld|  B_buff_40_out|       pointer|
|B_buff_39_out          |  out|   32|      ap_vld|  B_buff_39_out|       pointer|
|B_buff_39_out_ap_vld   |  out|    1|      ap_vld|  B_buff_39_out|       pointer|
|B_buff_38_out          |  out|   32|      ap_vld|  B_buff_38_out|       pointer|
|B_buff_38_out_ap_vld   |  out|    1|      ap_vld|  B_buff_38_out|       pointer|
|B_buff_37_out          |  out|   32|      ap_vld|  B_buff_37_out|       pointer|
|B_buff_37_out_ap_vld   |  out|    1|      ap_vld|  B_buff_37_out|       pointer|
|B_buff_36_out          |  out|   32|      ap_vld|  B_buff_36_out|       pointer|
|B_buff_36_out_ap_vld   |  out|    1|      ap_vld|  B_buff_36_out|       pointer|
|B_buff_35_out          |  out|   32|      ap_vld|  B_buff_35_out|       pointer|
|B_buff_35_out_ap_vld   |  out|    1|      ap_vld|  B_buff_35_out|       pointer|
|B_buff_34_out          |  out|   32|      ap_vld|  B_buff_34_out|       pointer|
|B_buff_34_out_ap_vld   |  out|    1|      ap_vld|  B_buff_34_out|       pointer|
|B_buff_33_out          |  out|   32|      ap_vld|  B_buff_33_out|       pointer|
|B_buff_33_out_ap_vld   |  out|    1|      ap_vld|  B_buff_33_out|       pointer|
|B_buff_32_out          |  out|   32|      ap_vld|  B_buff_32_out|       pointer|
|B_buff_32_out_ap_vld   |  out|    1|      ap_vld|  B_buff_32_out|       pointer|
|B_buff_31_out          |  out|   32|      ap_vld|  B_buff_31_out|       pointer|
|B_buff_31_out_ap_vld   |  out|    1|      ap_vld|  B_buff_31_out|       pointer|
|B_buff_30_out          |  out|   32|      ap_vld|  B_buff_30_out|       pointer|
|B_buff_30_out_ap_vld   |  out|    1|      ap_vld|  B_buff_30_out|       pointer|
|B_buff_29_out          |  out|   32|      ap_vld|  B_buff_29_out|       pointer|
|B_buff_29_out_ap_vld   |  out|    1|      ap_vld|  B_buff_29_out|       pointer|
|B_buff_28_out          |  out|   32|      ap_vld|  B_buff_28_out|       pointer|
|B_buff_28_out_ap_vld   |  out|    1|      ap_vld|  B_buff_28_out|       pointer|
|B_buff_27_out          |  out|   32|      ap_vld|  B_buff_27_out|       pointer|
|B_buff_27_out_ap_vld   |  out|    1|      ap_vld|  B_buff_27_out|       pointer|
|B_buff_26_out          |  out|   32|      ap_vld|  B_buff_26_out|       pointer|
|B_buff_26_out_ap_vld   |  out|    1|      ap_vld|  B_buff_26_out|       pointer|
|B_buff_25_out          |  out|   32|      ap_vld|  B_buff_25_out|       pointer|
|B_buff_25_out_ap_vld   |  out|    1|      ap_vld|  B_buff_25_out|       pointer|
|B_buff_24_out          |  out|   32|      ap_vld|  B_buff_24_out|       pointer|
|B_buff_24_out_ap_vld   |  out|    1|      ap_vld|  B_buff_24_out|       pointer|
|B_buff_23_out          |  out|   32|      ap_vld|  B_buff_23_out|       pointer|
|B_buff_23_out_ap_vld   |  out|    1|      ap_vld|  B_buff_23_out|       pointer|
|B_buff_22_out          |  out|   32|      ap_vld|  B_buff_22_out|       pointer|
|B_buff_22_out_ap_vld   |  out|    1|      ap_vld|  B_buff_22_out|       pointer|
|B_buff_21_out          |  out|   32|      ap_vld|  B_buff_21_out|       pointer|
|B_buff_21_out_ap_vld   |  out|    1|      ap_vld|  B_buff_21_out|       pointer|
|B_buff_20_out          |  out|   32|      ap_vld|  B_buff_20_out|       pointer|
|B_buff_20_out_ap_vld   |  out|    1|      ap_vld|  B_buff_20_out|       pointer|
|B_buff_19_out          |  out|   32|      ap_vld|  B_buff_19_out|       pointer|
|B_buff_19_out_ap_vld   |  out|    1|      ap_vld|  B_buff_19_out|       pointer|
|B_buff_18_out          |  out|   32|      ap_vld|  B_buff_18_out|       pointer|
|B_buff_18_out_ap_vld   |  out|    1|      ap_vld|  B_buff_18_out|       pointer|
|B_buff_17_out          |  out|   32|      ap_vld|  B_buff_17_out|       pointer|
|B_buff_17_out_ap_vld   |  out|    1|      ap_vld|  B_buff_17_out|       pointer|
|B_buff_16_out          |  out|   32|      ap_vld|  B_buff_16_out|       pointer|
|B_buff_16_out_ap_vld   |  out|    1|      ap_vld|  B_buff_16_out|       pointer|
|B_buff_15_out          |  out|   32|      ap_vld|  B_buff_15_out|       pointer|
|B_buff_15_out_ap_vld   |  out|    1|      ap_vld|  B_buff_15_out|       pointer|
|B_buff_14_out          |  out|   32|      ap_vld|  B_buff_14_out|       pointer|
|B_buff_14_out_ap_vld   |  out|    1|      ap_vld|  B_buff_14_out|       pointer|
|B_buff_13_out          |  out|   32|      ap_vld|  B_buff_13_out|       pointer|
|B_buff_13_out_ap_vld   |  out|    1|      ap_vld|  B_buff_13_out|       pointer|
|B_buff_12_out          |  out|   32|      ap_vld|  B_buff_12_out|       pointer|
|B_buff_12_out_ap_vld   |  out|    1|      ap_vld|  B_buff_12_out|       pointer|
|B_buff_11_out          |  out|   32|      ap_vld|  B_buff_11_out|       pointer|
|B_buff_11_out_ap_vld   |  out|    1|      ap_vld|  B_buff_11_out|       pointer|
|B_buff_10_out          |  out|   32|      ap_vld|  B_buff_10_out|       pointer|
|B_buff_10_out_ap_vld   |  out|    1|      ap_vld|  B_buff_10_out|       pointer|
|B_buff_9_out           |  out|   32|      ap_vld|   B_buff_9_out|       pointer|
|B_buff_9_out_ap_vld    |  out|    1|      ap_vld|   B_buff_9_out|       pointer|
|B_buff_8_out           |  out|   32|      ap_vld|   B_buff_8_out|       pointer|
|B_buff_8_out_ap_vld    |  out|    1|      ap_vld|   B_buff_8_out|       pointer|
|B_buff_7_out           |  out|   32|      ap_vld|   B_buff_7_out|       pointer|
|B_buff_7_out_ap_vld    |  out|    1|      ap_vld|   B_buff_7_out|       pointer|
|B_buff_6_out           |  out|   32|      ap_vld|   B_buff_6_out|       pointer|
|B_buff_6_out_ap_vld    |  out|    1|      ap_vld|   B_buff_6_out|       pointer|
|B_buff_5_out           |  out|   32|      ap_vld|   B_buff_5_out|       pointer|
|B_buff_5_out_ap_vld    |  out|    1|      ap_vld|   B_buff_5_out|       pointer|
|B_buff_4_out           |  out|   32|      ap_vld|   B_buff_4_out|       pointer|
|B_buff_4_out_ap_vld    |  out|    1|      ap_vld|   B_buff_4_out|       pointer|
|B_buff_3_out           |  out|   32|      ap_vld|   B_buff_3_out|       pointer|
|B_buff_3_out_ap_vld    |  out|    1|      ap_vld|   B_buff_3_out|       pointer|
|B_buff_2_out           |  out|   32|      ap_vld|   B_buff_2_out|       pointer|
|B_buff_2_out_ap_vld    |  out|    1|      ap_vld|   B_buff_2_out|       pointer|
|B_buff_1_out           |  out|   32|      ap_vld|   B_buff_1_out|       pointer|
|B_buff_1_out_ap_vld    |  out|    1|      ap_vld|   B_buff_1_out|       pointer|
|B_buff_out             |  out|   32|      ap_vld|     B_buff_out|       pointer|
|B_buff_out_ap_vld      |  out|    1|      ap_vld|     B_buff_out|       pointer|
+-----------------------+-----+-----+------------+---------------+--------------+

