INFO: [HLS 200-10] Running 'C:/Xilinx/Vitis_HLS/2022.2/bin/unwrapped/win64.o/vitis_hls.exe'
INFO: [HLS 200-10] For user 'CSDL_GUEST' on host 'desktop-hhkudfn' (Windows NT_amd64 version 6.2) on Thu Nov 30 15:46:15 +0900 2023
INFO: [HLS 200-10] In directory 'C:/Users/CSDL_GUEST.DESKTOP-HHKUDFN/Desktop/06_LIG/23-02/HLS/1_GEMM'
Sourcing Tcl script 'C:/Users/CSDL_GUEST.DESKTOP-HHKUDFN/Desktop/06_LIG/23-02/HLS/1_GEMM/1_gemm_zcu104/solution1/csynth.tcl'
INFO: [HLS 200-1510] Running: source C:/Users/CSDL_GUEST.DESKTOP-HHKUDFN/Desktop/06_LIG/23-02/HLS/1_GEMM/1_gemm_zcu104/solution1/csynth.tcl
INFO: [HLS 200-1510] Running: open_project 1_gemm_zcu104 
INFO: [HLS 200-10] Opening project 'C:/Users/CSDL_GUEST.DESKTOP-HHKUDFN/Desktop/06_LIG/23-02/HLS/1_GEMM/1_gemm_zcu104'.
INFO: [HLS 200-1510] Running: set_top mm 
INFO: [HLS 200-1510] Running: add_files gemm.cc 
INFO: [HLS 200-10] Adding design file 'gemm.cc' to the project
INFO: [HLS 200-1510] Running: add_files gemm.h 
INFO: [HLS 200-10] Adding design file 'gemm.h' to the project
INFO: [HLS 200-1510] Running: add_files -tb gemm_tb.cc 
INFO: [HLS 200-10] Adding test bench file 'gemm_tb.cc' to the project
INFO: [HLS 200-1510] Running: open_solution solution1 -flow_target vivado 
INFO: [HLS 200-10] Opening solution 'C:/Users/CSDL_GUEST.DESKTOP-HHKUDFN/Desktop/06_LIG/23-02/HLS/1_GEMM/1_gemm_zcu104/solution1'.
INFO: [SYN 201-201] Setting up clock 'default' with a period of 10ns.
INFO: [HLS 200-1611] Setting target device to 'xczu7ev-ffvc1156-2-e'
INFO: [HLS 200-1505] Using flow_target 'vivado'
Resolution: For help on HLS 200-1505 see www.xilinx.com/cgi-bin/docs/rdoc?v=2022.2;t=hls+guidance;d=200-1505.html
INFO: [HLS 200-1510] Running: set_part xczu7ev-ffvc1156-2-e 
INFO: [HLS 200-1510] Running: create_clock -period 10 -name default 
INFO: [HLS 200-1510] Running: csynth_design 
Running Dispatch Server on port: 56515
INFO: [HLS 200-111] Finished File checks and directory preparation: CPU user time: 0 seconds. CPU system time: 0 seconds. Elapsed time: 10.162 seconds; current allocated memory: 106.191 MB.
INFO: [HLS 200-10] Analyzing design file 'gemm.cc' ... 
WARNING: [HLS 207-910] 'M' macro redefined (gemm.cc:8:9)
INFO: [HLS 207-71] previous definition is here (././gemm.h:20:9)
WARNING: [HLS 207-910] 'N' macro redefined (gemm.cc:9:9)
INFO: [HLS 207-71] previous definition is here (././gemm.h:21:9)
WARNING: [HLS 207-910] 'O' macro redefined (gemm.cc:10:9)
INFO: [HLS 207-71] previous definition is here (././gemm.h:22:9)
INFO: [HLS 200-111] Finished Source Code Analysis and Preprocessing: CPU user time: 0 seconds. CPU system time: 1 seconds. Elapsed time: 6.47 seconds; current allocated memory: 106.898 MB.
INFO: [HLS 200-777] Using interface defaults for 'Vivado' flow target.
INFO: [HLS 200-111] Finished Compiling Optimization and Transform: CPU user time: 0 seconds. CPU system time: 0 seconds. Elapsed time: 5.529 seconds; current allocated memory: 107.383 MB.
INFO: [HLS 200-111] Finished Checking Pragmas: CPU user time: 0 seconds. CPU system time: 0 seconds. Elapsed time: 0.008 seconds; current allocated memory: 107.414 MB.
INFO: [HLS 200-10] Starting code transformations ...
INFO: [HLS 200-111] Finished Standard Transforms: CPU user time: 0 seconds. CPU system time: 0 seconds. Elapsed time: 0.04 seconds; current allocated memory: 112.727 MB.
INFO: [HLS 200-10] Checking synthesizability ...
INFO: [HLS 200-111] Finished Checking Synthesizability: CPU user time: 0 seconds. CPU system time: 0 seconds. Elapsed time: 0.035 seconds; current allocated memory: 114.004 MB.
INFO: [XFORM 203-510] Pipelining loop 'col' (gemm.cc:16) in function 'mm' automatically.
INFO: [XFORM 203-502] Unrolling all sub-loops inside loop 'col' (gemm.cc:16) in function 'mm' for pipelining.
INFO: [HLS 200-489] Unrolling loop 'product' (gemm.cc:16) in function 'mm' completely with a factor of 8.
INFO: [XFORM 203-11] Balancing expressions in function 'mm' (gemm.cc:12)...7 expression(s) balanced.
INFO: [HLS 200-111] Finished Loop, function and other optimizations: CPU user time: 0 seconds. CPU system time: 0 seconds. Elapsed time: 0.107 seconds; current allocated memory: 135.223 MB.
INFO: [XFORM 203-541] Flattening a loop nest 'row' (gemm.cc:14:15) in function 'mm'.
INFO: [HLS 200-111] Finished Architecture Synthesis: CPU user time: 0 seconds. CPU system time: 0 seconds. Elapsed time: 0.064 seconds; current allocated memory: 135.254 MB.
INFO: [HLS 200-10] Starting hardware synthesis ...
INFO: [HLS 200-10] Synthesizing 'mm' ...
INFO: [HLS 200-10] ----------------------------------------------------------------
INFO: [HLS 200-42] -- Implementing module 'mm' 
INFO: [HLS 200-10] ----------------------------------------------------------------
INFO: [SCHED 204-11] Starting scheduling ...
INFO: [SCHED 204-61] Pipelining loop 'row_col'.
WARNING: [HLS 200-885] The II Violation in module 'mm' (loop 'row_col'): Unable to schedule 'load' operation ('A_load_1', gemm.cc:14) on array 'A' due to limited memory ports (II = 1). Please consider using a memory core with more ports or partitioning the array 'A'.
Resolution: For help on HLS 200-885 see www.xilinx.com/cgi-bin/docs/rdoc?v=2022.2;t=hls+guidance;d=200-885.html
WARNING: [HLS 200-885] The II Violation in module 'mm' (loop 'row_col'): Unable to schedule 'load' operation ('A_load_3', gemm.cc:14) on array 'A' due to limited memory ports (II = 2). Please consider using a memory core with more ports or partitioning the array 'A'.
Resolution: For help on HLS 200-885 see www.xilinx.com/cgi-bin/docs/rdoc?v=2022.2;t=hls+guidance;d=200-885.html
WARNING: [HLS 200-885] The II Violation in module 'mm' (loop 'row_col'): Unable to schedule 'load' operation ('A_load_5', gemm.cc:14) on array 'A' due to limited memory ports (II = 3). Please consider using a memory core with more ports or partitioning the array 'A'.
Resolution: For help on HLS 200-885 see www.xilinx.com/cgi-bin/docs/rdoc?v=2022.2;t=hls+guidance;d=200-885.html
INFO: [HLS 200-1470] Pipelining result : Target II = NA, Final II = 4, Depth = 6, loop 'row_col'
INFO: [SCHED 204-11] Finished scheduling.
INFO: [HLS 200-111] Finished Scheduling: CPU user time: 0 seconds. CPU system time: 0 seconds. Elapsed time: 0.653 seconds; current allocated memory: 135.254 MB.
INFO: [BIND 205-100] Starting micro-architecture generation ...
INFO: [BIND 205-101] Performing variable lifetime analysis.
INFO: [BIND 205-101] Exploring resource sharing.
INFO: [BIND 205-101] Binding ...
INFO: [BIND 205-100] Finished micro-architecture generation.
INFO: [HLS 200-111] Finished Binding: CPU user time: 1 seconds. CPU system time: 0 seconds. Elapsed time: 0.375 seconds; current allocated memory: 136.133 MB.
INFO: [HLS 200-10] ----------------------------------------------------------------
INFO: [HLS 200-10] -- Generating RTL for module 'mm' 
INFO: [HLS 200-10] ----------------------------------------------------------------
INFO: [RTGEN 206-500] Setting interface mode on port 'mm/A' to 'ap_memory'.
INFO: [RTGEN 206-500] Setting interface mode on port 'mm/B' to 'ap_memory'.
INFO: [RTGEN 206-500] Setting interface mode on port 'mm/AB' to 'ap_memory'.
INFO: [RTGEN 206-500] Setting interface mode on function 'mm' to 'ap_ctrl_hs'.
INFO: [HLS 200-1030] Apply Unified Pipeline Control on module 'mm' pipeline 'row_col' pipeline type 'loop pipeline'
INFO: [RTGEN 206-100] Generating core module 'mul_32s_32s_32_1_1': 2 instance(s).
INFO: [RTGEN 206-100] Finished creating RTL model for 'mm'.
INFO: [HLS 200-111] Finished Creating RTL model: CPU user time: 0 seconds. CPU system time: 0 seconds. Elapsed time: 0.477 seconds; current allocated memory: 138.547 MB.
INFO: [HLS 200-111] Finished Generating all RTL models: CPU user time: 1 seconds. CPU system time: 1 seconds. Elapsed time: 1.432 seconds; current allocated memory: 145.898 MB.
INFO: [HLS 200-111] Finished Updating report files: CPU user time: 0 seconds. CPU system time: 0 seconds. Elapsed time: 1.127 seconds; current allocated memory: 148.711 MB.
INFO: [VHDL 208-304] Generating VHDL RTL for mm.
INFO: [VLOG 209-307] Generating Verilog RTL for mm.
INFO: [HLS 200-790] **** Loop Constraint Status: All loop constraints were NOT satisfied.
INFO: [HLS 200-789] **** Estimated Fmax: 140.15 MHz
INFO: [HLS 200-111] Finished Command csynth_design CPU user time: 2 seconds. CPU system time: 2 seconds. Elapsed time: 16.488 seconds; current allocated memory: 42.555 MB.
INFO: [HLS 200-112] Total CPU user time: 4 seconds. Total CPU system time: 3 seconds. Total elapsed time: 29.224 seconds; peak allocated memory: 148.793 MB.
